2019-07-25 14:48:12,111 INFO  [i.deployment.InternalGameLauncher] [fabric,config] [] [] : Parsed 319 internal flags at startup
2019-07-25 14:48:12,201 INFO  [i.deployment.InternalGameLauncher] [fabric] [] [] : Flagz initialized in 0.297s.
2019-07-25 14:48:12,203 INFO  [i.deployment.InternalGameLauncher] [fabric] [] [] : SpatialOS runtime version: 11-20190724T103728Z-6547040
2019-07-25 14:48:12,288 WARN  [i.c.r.i.CloseLoggingClientInterceptor] [fabric] [] [] : improbable.platform.inner.config.FabricFlagzService/List closed with status Status{code=UNAVAILABLE, description=Channel closed while performing protocol negotiation, cause=null}
java.lang.Exception: this exception itself is not an error but provides context in its stack trace
	at improbable.common.async.ContextThrowable.create(ContextThrowable.java:32) ~[runtime_deploy.jar:na]
	at improbable.common.rpc.interceptors.CloseLoggingClientInterceptor$CloseLoggingClientCall.<init>(CloseLoggingClientInterceptor.java:47) ~[runtime_deploy.jar:na]
	at improbable.common.rpc.interceptors.CloseLoggingClientInterceptor$CloseLoggingClientCall.<init>(CloseLoggingClientInterceptor.java:32) ~[runtime_deploy.jar:na]
	at improbable.common.rpc.interceptors.CloseLoggingClientInterceptor.interceptCall(CloseLoggingClientInterceptor.java:29) ~[runtime_deploy.jar:na]
	at io.grpc.ClientInterceptors$InterceptorChannel.newCall(ClientInterceptors.java:156) ~[runtime_deploy.jar:na]
	at me.dinowernli.grpc.prometheus.MonitoringClientInterceptor.interceptCall(MonitoringClientInterceptor.java:38) ~[runtime_deploy.jar:na]
	at io.grpc.ClientInterceptors$InterceptorChannel.newCall(ClientInterceptors.java:156) ~[runtime_deploy.jar:na]
	at improbable.platform.inner.config.FabricFlagzServiceGrpc$FabricFlagzServiceFutureStub.list(FabricFlagzServiceGrpc.java:294) ~[runtime_deploy.jar:na]
	at improbable.core.config.flagz.FlagzFieldRegistryUpdater.list(FlagzFieldRegistryUpdater.java:185) ~[runtime_deploy.jar:na]
	at improbable.core.config.flagz.FlagzFieldRegistryUpdater.listAndWatch(FlagzFieldRegistryUpdater.java:162) ~[runtime_deploy.jar:na]
	at improbable.common.async.FabricListeningExecutorService.lambda$logAndSwallowException$2(FabricListeningExecutorService.java:215) ~[runtime_deploy.jar:na]
	at improbable.common.async.FabricListeningExecutorService.lambda$instrumentRunnable$0(FabricListeningExecutorService.java:163) ~[runtime_deploy.jar:na]
	at java.util.concurrent.Executors$RunnableAdapter.call(Executors.java:511) ~[na:1.8.0_161]
	at com.google.common.util.concurrent.TrustedListenableFutureTask$TrustedFutureInterruptibleTask.runInterruptibly(TrustedListenableFutureTask.java:125) ~[runtime_deploy.jar:na]
	at com.google.common.util.concurrent.InterruptibleTask.run(InterruptibleTask.java:57) ~[runtime_deploy.jar:na]
	at com.google.common.util.concurrent.TrustedListenableFutureTask.run(TrustedListenableFutureTask.java:78) ~[runtime_deploy.jar:na]
	at java.util.concurrent.Executors$RunnableAdapter.call(Executors.java:511) ~[na:1.8.0_161]
	at java.util.concurrent.FutureTask.run(FutureTask.java:266) ~[na:1.8.0_161]
	at java.util.concurrent.ScheduledThreadPoolExecutor$ScheduledFutureTask.access$201(ScheduledThreadPoolExecutor.java:180) ~[na:1.8.0_161]
	at java.util.concurrent.ScheduledThreadPoolExecutor$ScheduledFutureTask.run(ScheduledThreadPoolExecutor.java:293) ~[na:1.8.0_161]
	at java.util.concurrent.ThreadPoolExecutor.runWorker(ThreadPoolExecutor.java:1149) ~[na:1.8.0_161]
	at java.util.concurrent.ThreadPoolExecutor$Worker.run(ThreadPoolExecutor.java:624) ~[na:1.8.0_161]
	at java.lang.Thread.run(Thread.java:748) ~[na:1.8.0_161]
2019-07-25 14:48:12,290 WARN  [i.c.c.f.FlagzFieldRegistryUpdater] [fabric,core] [] [] : Failed to refresh Fabric flagz.
io.grpc.StatusRuntimeException: UNAVAILABLE: Channel closed while performing protocol negotiation
	at io.grpc.Status.asRuntimeException(Status.java:517) ~[runtime_deploy.jar:na]
	at improbable.common.Present.error(Present.java:200) ~[runtime_deploy.jar:na]
	at improbable.core.config.flagz.FlagzFieldRegistryUpdater.handleRefreshCompletion(FlagzFieldRegistryUpdater.java:152) [runtime_deploy.jar:na]
	at improbable.common.async.MoreFutures$1.onFailure(MoreFutures.java:345) ~[runtime_deploy.jar:na]
	at com.google.common.util.concurrent.Futures$CallbackListener.run(Futures.java:1056) ~[runtime_deploy.jar:na]
	at com.google.common.util.concurrent.DirectExecutor.execute(DirectExecutor.java:30) ~[runtime_deploy.jar:na]
	at com.google.common.util.concurrent.AbstractFuture.executeListener(AbstractFuture.java:1138) ~[runtime_deploy.jar:na]
	at com.google.common.util.concurrent.AbstractFuture.complete(AbstractFuture.java:958) ~[runtime_deploy.jar:na]
	at com.google.common.util.concurrent.AbstractFuture.setException(AbstractFuture.java:748) ~[runtime_deploy.jar:na]
	at com.google.common.util.concurrent.AbstractTransformFuture.run(AbstractTransformFuture.java:100) ~[runtime_deploy.jar:na]
	at com.google.common.util.concurrent.DirectExecutor.execute(DirectExecutor.java:30) ~[runtime_deploy.jar:na]
	at com.google.common.util.concurrent.AbstractFuture.executeListener(AbstractFuture.java:1138) ~[runtime_deploy.jar:na]
	at com.google.common.util.concurrent.AbstractFuture.complete(AbstractFuture.java:958) ~[runtime_deploy.jar:na]
	at com.google.common.util.concurrent.AbstractFuture.setException(AbstractFuture.java:748) ~[runtime_deploy.jar:na]
	at io.grpc.stub.ClientCalls$GrpcFuture.setException(ClientCalls.java:492) ~[runtime_deploy.jar:na]
	at io.grpc.stub.ClientCalls$UnaryStreamToFuture.onClose(ClientCalls.java:467) ~[runtime_deploy.jar:na]
	at io.grpc.PartialForwardingClientCallListener.onClose(PartialForwardingClientCallListener.java:39) ~[runtime_deploy.jar:na]
	at io.grpc.ForwardingClientCallListener.onClose(ForwardingClientCallListener.java:23) ~[runtime_deploy.jar:na]
	at me.dinowernli.grpc.prometheus.MonitoringClientCallListener.onClose(MonitoringClientCallListener.java:50) ~[runtime_deploy.jar:na]
	at io.grpc.PartialForwardingClientCallListener.onClose(PartialForwardingClientCallListener.java:39) ~[runtime_deploy.jar:na]
	at io.grpc.ForwardingClientCallListener.onClose(ForwardingClientCallListener.java:23) ~[runtime_deploy.jar:na]
	at io.grpc.ForwardingClientCallListener$SimpleForwardingClientCallListener.onClose(ForwardingClientCallListener.java:40) ~[runtime_deploy.jar:na]
	at improbable.common.rpc.interceptors.CloseLoggingClientInterceptor$CloseLoggingClientCallListener.onClose(CloseLoggingClientInterceptor.java:63) ~[runtime_deploy.jar:na]
	at io.grpc.PartialForwardingClientCallListener.onClose(PartialForwardingClientCallListener.java:39) ~[runtime_deploy.jar:na]
	at io.grpc.ForwardingClientCallListener.onClose(ForwardingClientCallListener.java:23) ~[runtime_deploy.jar:na]
	at io.grpc.ForwardingClientCallListener$SimpleForwardingClientCallListener.onClose(ForwardingClientCallListener.java:40) ~[runtime_deploy.jar:na]
	at io.grpc.internal.CensusStatsModule$StatsClientInterceptor$1$1.onClose(CensusStatsModule.java:684) ~[runtime_deploy.jar:na]
	at io.grpc.PartialForwardingClientCallListener.onClose(PartialForwardingClientCallListener.java:39) ~[runtime_deploy.jar:na]
	at io.grpc.ForwardingClientCallListener.onClose(ForwardingClientCallListener.java:23) ~[runtime_deploy.jar:na]
	at io.grpc.ForwardingClientCallListener$SimpleForwardingClientCallListener.onClose(ForwardingClientCallListener.java:40) ~[runtime_deploy.jar:na]
	at io.grpc.internal.CensusTracingModule$TracingClientInterceptor$1$1.onClose(CensusTracingModule.java:391) ~[runtime_deploy.jar:na]
	at io.grpc.internal.ClientCallImpl.closeObserver(ClientCallImpl.java:471) ~[runtime_deploy.jar:na]
	at io.grpc.internal.ClientCallImpl.access$300(ClientCallImpl.java:63) ~[runtime_deploy.jar:na]
	at io.grpc.internal.ClientCallImpl$ClientStreamListenerImpl.close(ClientCallImpl.java:553) ~[runtime_deploy.jar:na]
	at io.grpc.internal.ClientCallImpl$ClientStreamListenerImpl.access$600(ClientCallImpl.java:474) ~[runtime_deploy.jar:na]
	at io.grpc.internal.ClientCallImpl$ClientStreamListenerImpl$1StreamClosed.runInContext(ClientCallImpl.java:591) ~[runtime_deploy.jar:na]
	at io.grpc.internal.ContextRunnable.run(ContextRunnable.java:37) ~[runtime_deploy.jar:na]
	at io.grpc.internal.SerializingExecutor.run(SerializingExecutor.java:123) ~[runtime_deploy.jar:na]
	at improbable.common.async.FabricListeningExecutorService.lambda$logAndSwallowException$2(FabricListeningExecutorService.java:215) ~[runtime_deploy.jar:na]
	at improbable.common.async.FabricListeningExecutorService.lambda$instrumentRunnable$0(FabricListeningExecutorService.java:163) ~[runtime_deploy.jar:na]
	at java.util.concurrent.ThreadPoolExecutor.runWorker(ThreadPoolExecutor.java:1149) ~[na:1.8.0_161]
	at java.util.concurrent.ThreadPoolExecutor$Worker.run(ThreadPoolExecutor.java:624) ~[na:1.8.0_161]
	at java.lang.Thread.run(Thread.java:748) ~[na:1.8.0_161]
2019-07-25 14:48:12,292 INFO  [i.c.c.f.FlagzFieldRegistryUpdater] [fabric,core] [] [] : Exponential backoff of 0 seconds after retry 1 of refreshing Fabric flagz.
2019-07-25 14:48:12,296 WARN  [i.c.r.i.CloseLoggingClientInterceptor] [fabric] [] [] : improbable.platform.inner.config.FabricFlagzService/List closed with status Status{code=UNAVAILABLE, description=Channel closed while performing protocol negotiation, cause=null}
java.lang.Exception: this exception itself is not an error but provides context in its stack trace
	at improbable.common.async.ContextThrowable.create(ContextThrowable.java:32) ~[runtime_deploy.jar:na]
	at improbable.common.rpc.interceptors.CloseLoggingClientInterceptor$CloseLoggingClientCall.<init>(CloseLoggingClientInterceptor.java:47) ~[runtime_deploy.jar:na]
	at improbable.common.rpc.interceptors.CloseLoggingClientInterceptor$CloseLoggingClientCall.<init>(CloseLoggingClientInterceptor.java:32) ~[runtime_deploy.jar:na]
	at improbable.common.rpc.interceptors.CloseLoggingClientInterceptor.interceptCall(CloseLoggingClientInterceptor.java:29) ~[runtime_deploy.jar:na]
	at io.grpc.ClientInterceptors$InterceptorChannel.newCall(ClientInterceptors.java:156) ~[runtime_deploy.jar:na]
	at me.dinowernli.grpc.prometheus.MonitoringClientInterceptor.interceptCall(MonitoringClientInterceptor.java:38) ~[runtime_deploy.jar:na]
	at io.grpc.ClientInterceptors$InterceptorChannel.newCall(ClientInterceptors.java:156) ~[runtime_deploy.jar:na]
	at improbable.platform.inner.config.FabricFlagzServiceGrpc$FabricFlagzServiceFutureStub.list(FabricFlagzServiceGrpc.java:294) ~[runtime_deploy.jar:na]
	at improbable.core.config.flagz.FlagzFieldRegistryUpdater.list(FlagzFieldRegistryUpdater.java:185) ~[runtime_deploy.jar:na]
	at improbable.core.config.flagz.FlagzFieldRegistryUpdater.listAndWatch(FlagzFieldRegistryUpdater.java:162) ~[runtime_deploy.jar:na]
	at improbable.common.async.FabricListeningExecutorService.lambda$logAndSwallowException$2(FabricListeningExecutorService.java:215) ~[runtime_deploy.jar:na]
	at improbable.common.async.FabricListeningExecutorService.lambda$instrumentRunnable$0(FabricListeningExecutorService.java:163) ~[runtime_deploy.jar:na]
	at java.util.concurrent.Executors$RunnableAdapter.call(Executors.java:511) ~[na:1.8.0_161]
	at com.google.common.util.concurrent.TrustedListenableFutureTask$TrustedFutureInterruptibleTask.runInterruptibly(TrustedListenableFutureTask.java:125) ~[runtime_deploy.jar:na]
	at com.google.common.util.concurrent.InterruptibleTask.run(InterruptibleTask.java:57) ~[runtime_deploy.jar:na]
	at com.google.common.util.concurrent.TrustedListenableFutureTask.run(TrustedListenableFutureTask.java:78) ~[runtime_deploy.jar:na]
	at java.util.concurrent.Executors$RunnableAdapter.call(Executors.java:511) ~[na:1.8.0_161]
	at java.util.concurrent.FutureTask.run(FutureTask.java:266) ~[na:1.8.0_161]
	at java.util.concurrent.ScheduledThreadPoolExecutor$ScheduledFutureTask.access$201(ScheduledThreadPoolExecutor.java:180) ~[na:1.8.0_161]
	at java.util.concurrent.ScheduledThreadPoolExecutor$ScheduledFutureTask.run(ScheduledThreadPoolExecutor.java:293) ~[na:1.8.0_161]
	at java.util.concurrent.ThreadPoolExecutor.runWorker(ThreadPoolExecutor.java:1149) ~[na:1.8.0_161]
	at java.util.concurrent.ThreadPoolExecutor$Worker.run(ThreadPoolExecutor.java:624) ~[na:1.8.0_161]
	at java.lang.Thread.run(Thread.java:748) ~[na:1.8.0_161]
2019-07-25 14:48:12,296 WARN  [i.c.c.f.FlagzFieldRegistryUpdater] [fabric,core] [] [] : Failed to refresh Fabric flagz.
io.grpc.StatusRuntimeException: UNAVAILABLE: Channel closed while performing protocol negotiation
	at io.grpc.Status.asRuntimeException(Status.java:517) ~[runtime_deploy.jar:na]
	at improbable.common.Present.error(Present.java:200) ~[runtime_deploy.jar:na]
	at improbable.core.config.flagz.FlagzFieldRegistryUpdater.handleRefreshCompletion(FlagzFieldRegistryUpdater.java:152) [runtime_deploy.jar:na]
	at improbable.common.async.MoreFutures$1.onFailure(MoreFutures.java:345) ~[runtime_deploy.jar:na]
	at com.google.common.util.concurrent.Futures$CallbackListener.run(Futures.java:1056) ~[runtime_deploy.jar:na]
	at com.google.common.util.concurrent.DirectExecutor.execute(DirectExecutor.java:30) ~[runtime_deploy.jar:na]
	at com.google.common.util.concurrent.AbstractFuture.executeListener(AbstractFuture.java:1138) ~[runtime_deploy.jar:na]
	at com.google.common.util.concurrent.AbstractFuture.complete(AbstractFuture.java:958) ~[runtime_deploy.jar:na]
	at com.google.common.util.concurrent.AbstractFuture.setException(AbstractFuture.java:748) ~[runtime_deploy.jar:na]
	at com.google.common.util.concurrent.AbstractTransformFuture.run(AbstractTransformFuture.java:100) ~[runtime_deploy.jar:na]
	at com.google.common.util.concurrent.DirectExecutor.execute(DirectExecutor.java:30) ~[runtime_deploy.jar:na]
	at com.google.common.util.concurrent.AbstractFuture.executeListener(AbstractFuture.java:1138) ~[runtime_deploy.jar:na]
	at com.google.common.util.concurrent.AbstractFuture.complete(AbstractFuture.java:958) ~[runtime_deploy.jar:na]
	at com.google.common.util.concurrent.AbstractFuture.setException(AbstractFuture.java:748) ~[runtime_deploy.jar:na]
	at io.grpc.stub.ClientCalls$GrpcFuture.setException(ClientCalls.java:492) ~[runtime_deploy.jar:na]
	at io.grpc.stub.ClientCalls$UnaryStreamToFuture.onClose(ClientCalls.java:467) ~[runtime_deploy.jar:na]
	at io.grpc.PartialForwardingClientCallListener.onClose(PartialForwardingClientCallListener.java:39) ~[runtime_deploy.jar:na]
	at io.grpc.ForwardingClientCallListener.onClose(ForwardingClientCallListener.java:23) ~[runtime_deploy.jar:na]
	at me.dinowernli.grpc.prometheus.MonitoringClientCallListener.onClose(MonitoringClientCallListener.java:50) ~[runtime_deploy.jar:na]
	at io.grpc.PartialForwardingClientCallListener.onClose(PartialForwardingClientCallListener.java:39) ~[runtime_deploy.jar:na]
	at io.grpc.ForwardingClientCallListener.onClose(ForwardingClientCallListener.java:23) ~[runtime_deploy.jar:na]
	at io.grpc.ForwardingClientCallListener$SimpleForwardingClientCallListener.onClose(ForwardingClientCallListener.java:40) ~[runtime_deploy.jar:na]
	at improbable.common.rpc.interceptors.CloseLoggingClientInterceptor$CloseLoggingClientCallListener.onClose(CloseLoggingClientInterceptor.java:63) ~[runtime_deploy.jar:na]
	at io.grpc.PartialForwardingClientCallListener.onClose(PartialForwardingClientCallListener.java:39) ~[runtime_deploy.jar:na]
	at io.grpc.ForwardingClientCallListener.onClose(ForwardingClientCallListener.java:23) ~[runtime_deploy.jar:na]
	at io.grpc.ForwardingClientCallListener$SimpleForwardingClientCallListener.onClose(ForwardingClientCallListener.java:40) ~[runtime_deploy.jar:na]
	at io.grpc.internal.CensusStatsModule$StatsClientInterceptor$1$1.onClose(CensusStatsModule.java:684) ~[runtime_deploy.jar:na]
	at io.grpc.PartialForwardingClientCallListener.onClose(PartialForwardingClientCallListener.java:39) ~[runtime_deploy.jar:na]
	at io.grpc.ForwardingClientCallListener.onClose(ForwardingClientCallListener.java:23) ~[runtime_deploy.jar:na]
	at io.grpc.ForwardingClientCallListener$SimpleForwardingClientCallListener.onClose(ForwardingClientCallListener.java:40) ~[runtime_deploy.jar:na]
	at io.grpc.internal.CensusTracingModule$TracingClientInterceptor$1$1.onClose(CensusTracingModule.java:391) ~[runtime_deploy.jar:na]
	at io.grpc.internal.ClientCallImpl.closeObserver(ClientCallImpl.java:471) ~[runtime_deploy.jar:na]
	at io.grpc.internal.ClientCallImpl.access$300(ClientCallImpl.java:63) ~[runtime_deploy.jar:na]
	at io.grpc.internal.ClientCallImpl$ClientStreamListenerImpl.close(ClientCallImpl.java:553) ~[runtime_deploy.jar:na]
	at io.grpc.internal.ClientCallImpl$ClientStreamListenerImpl.access$600(ClientCallImpl.java:474) ~[runtime_deploy.jar:na]
	at io.grpc.internal.ClientCallImpl$ClientStreamListenerImpl$1StreamClosed.runInContext(ClientCallImpl.java:591) ~[runtime_deploy.jar:na]
	at io.grpc.internal.ContextRunnable.run(ContextRunnable.java:37) ~[runtime_deploy.jar:na]
	at io.grpc.internal.SerializingExecutor.run(SerializingExecutor.java:123) ~[runtime_deploy.jar:na]
	at improbable.common.async.FabricListeningExecutorService.lambda$logAndSwallowException$2(FabricListeningExecutorService.java:215) ~[runtime_deploy.jar:na]
	at improbable.common.async.FabricListeningExecutorService.lambda$instrumentRunnable$0(FabricListeningExecutorService.java:163) ~[runtime_deploy.jar:na]
	at java.util.concurrent.ThreadPoolExecutor.runWorker(ThreadPoolExecutor.java:1149) ~[na:1.8.0_161]
	at java.util.concurrent.ThreadPoolExecutor$Worker.run(ThreadPoolExecutor.java:624) ~[na:1.8.0_161]
	at java.lang.Thread.run(Thread.java:748) ~[na:1.8.0_161]
2019-07-25 14:48:12,297 INFO  [i.c.c.f.FlagzFieldRegistryUpdater] [fabric,core] [] [] : Exponential backoff of 1 seconds after retry 2 of refreshing Fabric flagz.
