2019-07-25 14:57:19,974 INFO  [i.deployment.InternalGameLauncher] [fabric,config] [] [] : Parsed 319 internal flags at startup
2019-07-25 14:57:20,067 INFO  [i.deployment.InternalGameLauncher] [fabric] [] [] : Flagz initialized in 0.311s.
2019-07-25 14:57:20,068 INFO  [i.deployment.InternalGameLauncher] [fabric] [] [] : SpatialOS runtime version: 11-20190724T103728Z-6547040
2019-07-25 14:57:20,214 INFO  [i.c.c.f.FlagzFieldRegistryUpdater] [fabric,core] [] [] : Initialized Fabric flagz registry with 27 set fields.
2019-07-25 14:57:20,238 ERROR [improbable.deployment.GameLauncher$] [fabric,user] [] [] : SpatialOS runtime startup failed.
2019-07-25 14:57:20,240 WARN  [i.c.r.i.CloseLoggingClientInterceptor] [fabric] [] [] : improbable.platform.deployment.NodeService/List closed with status Status{code=CANCELLED, description=Client sendMessage() failed with Error, cause=null}
java.lang.Exception: this exception itself is not an error but provides context in its stack trace
	at improbable.common.async.ContextThrowable.create(ContextThrowable.java:32) ~[runtime_deploy.jar:na]
	at improbable.common.rpc.interceptors.CloseLoggingClientInterceptor$CloseLoggingClientCall.<init>(CloseLoggingClientInterceptor.java:47) ~[runtime_deploy.jar:na]
	at improbable.common.rpc.interceptors.CloseLoggingClientInterceptor$CloseLoggingClientCall.<init>(CloseLoggingClientInterceptor.java:32) ~[runtime_deploy.jar:na]
	at improbable.common.rpc.interceptors.CloseLoggingClientInterceptor.interceptCall(CloseLoggingClientInterceptor.java:29) ~[runtime_deploy.jar:na]
	at io.grpc.ClientInterceptors$InterceptorChannel.newCall(ClientInterceptors.java:156) ~[runtime_deploy.jar:na]
	at me.dinowernli.grpc.prometheus.MonitoringClientInterceptor.interceptCall(MonitoringClientInterceptor.java:38) ~[runtime_deploy.jar:na]
	at io.grpc.ClientInterceptors$InterceptorChannel.newCall(ClientInterceptors.java:156) ~[runtime_deploy.jar:na]
	at improbable.platform.deployment.NodeServiceGrpc$NodeServiceStub.list(NodeServiceGrpc.java:512) ~[runtime_deploy.jar:na]
	at improbable.core.config.deployment.DeploymentNodesLister.listNodes(DeploymentNodesLister.java:72) ~[runtime_deploy.jar:na]
	at improbable.module.ModuleNode.<init>(ModuleNode.scala:128) ~[runtime_deploy.jar:na]
	at improbable.deployment.InternalGameLauncher.<init>(InternalGameLauncher.scala:63) ~[runtime_deploy.jar:na]
	at improbable.deployment.GameLauncher$.delayedEndpoint$improbable$deployment$GameLauncher$1(GameLauncher.scala:27) ~[runtime_deploy.jar:na]
	at improbable.deployment.GameLauncher$delayedInit$body.apply(GameLauncher.scala:13) ~[runtime_deploy.jar:na]
	at scala.Function0$class.apply$mcV$sp(Function0.scala:34) ~[runtime_deploy.jar:na]
	at scala.runtime.AbstractFunction0.apply$mcV$sp(AbstractFunction0.scala:12) ~[runtime_deploy.jar:na]
	at scala.App$$anonfun$main$1.apply(App.scala:76) ~[runtime_deploy.jar:na]
	at scala.App$$anonfun$main$1.apply(App.scala:76) ~[runtime_deploy.jar:na]
	at scala.collection.immutable.List.foreach(List.scala:392) ~[runtime_deploy.jar:na]
	at scala.collection.generic.TraversableForwarder$class.foreach(TraversableForwarder.scala:35) ~[runtime_deploy.jar:na]
	at scala.App$class.main(App.scala:76) ~[runtime_deploy.jar:na]
	at improbable.deployment.GameLauncher$.main(GameLauncher.scala:13) ~[runtime_deploy.jar:na]
	at improbable.deployment.GameLauncher.main(GameLauncher.scala) ~[runtime_deploy.jar:na]
2019-07-25 14:57:20,240 ERROR [improbable.deployment.GameLauncher$] [fabric] [] [] : Unhandled exception on startup
java.lang.OutOfMemoryError: null
	at sun.misc.Unsafe.allocateMemory(Native Method) ~[na:1.8.0_161]
	at io.netty.util.internal.PlatformDependent0.allocateDirectNoCleaner(PlatformDependent0.java:430) ~[runtime_deploy.jar:na]
	at io.netty.util.internal.PlatformDependent.allocateDirectNoCleaner(PlatformDependent.java:596) ~[runtime_deploy.jar:na]
	at io.netty.buffer.PoolArena$DirectArena.allocateDirect(PoolArena.java:764) ~[runtime_deploy.jar:na]
	at io.netty.buffer.PoolArena$DirectArena.newChunk(PoolArena.java:740) ~[runtime_deploy.jar:na]
	at io.netty.buffer.PoolArena.allocateNormal(PoolArena.java:244) ~[runtime_deploy.jar:na]
	at io.netty.buffer.PoolArena.allocate(PoolArena.java:214) ~[runtime_deploy.jar:na]
	at io.netty.buffer.PoolArena.allocate(PoolArena.java:146) ~[runtime_deploy.jar:na]
	at io.netty.buffer.PooledByteBufAllocator.newDirectBuffer(PooledByteBufAllocator.java:324) ~[runtime_deploy.jar:na]
	at io.netty.buffer.AbstractByteBufAllocator.directBuffer(AbstractByteBufAllocator.java:185) ~[runtime_deploy.jar:na]
	at io.netty.buffer.AbstractByteBufAllocator.buffer(AbstractByteBufAllocator.java:121) ~[runtime_deploy.jar:na]
	at io.grpc.netty.NettyWritableBufferAllocator.allocate(NettyWritableBufferAllocator.java:51) ~[runtime_deploy.jar:na]
	at io.grpc.internal.MessageFramer.writeKnownLengthUncompressed(MessageFramer.java:226) ~[runtime_deploy.jar:na]
	at io.grpc.internal.MessageFramer.writeUncompressed(MessageFramer.java:167) ~[runtime_deploy.jar:na]
	at io.grpc.internal.MessageFramer.writePayload(MessageFramer.java:140) ~[runtime_deploy.jar:na]
	at io.grpc.internal.AbstractStream.writeMessage(AbstractStream.java:53) ~[runtime_deploy.jar:na]
	at io.grpc.internal.ForwardingClientStream.writeMessage(ForwardingClientStream.java:36) ~[runtime_deploy.jar:na]
	at io.grpc.internal.ClientCallImpl.sendMessage(ClientCallImpl.java:434) ~[runtime_deploy.jar:na]
	at io.grpc.ForwardingClientCall.sendMessage(ForwardingClientCall.java:37) ~[runtime_deploy.jar:na]
	at io.grpc.ForwardingClientCall.sendMessage(ForwardingClientCall.java:37) ~[runtime_deploy.jar:na]
	at io.grpc.ForwardingClientCall.sendMessage(ForwardingClientCall.java:37) ~[runtime_deploy.jar:na]
	at io.grpc.ForwardingClientCall.sendMessage(ForwardingClientCall.java:37) ~[runtime_deploy.jar:na]
	at io.grpc.ForwardingClientCall.sendMessage(ForwardingClientCall.java:37) ~[runtime_deploy.jar:na]
	at io.grpc.ForwardingClientCall.sendMessage(ForwardingClientCall.java:37) ~[runtime_deploy.jar:na]
	at me.dinowernli.grpc.prometheus.MonitoringClientCall.sendMessage(MonitoringClientCall.java:45) ~[runtime_deploy.jar:na]
	at io.grpc.stub.ClientCalls.asyncUnaryRequestCall(ClientCalls.java:270) ~[runtime_deploy.jar:na]
	at io.grpc.stub.ClientCalls.asyncUnaryRequestCall(ClientCalls.java:253) ~[runtime_deploy.jar:na]
	at io.grpc.stub.ClientCalls.asyncServerStreamingCall(ClientCalls.java:73) ~[runtime_deploy.jar:na]
	at improbable.platform.deployment.NodeServiceGrpc$NodeServiceStub.list(NodeServiceGrpc.java:511) ~[runtime_deploy.jar:na]
	at improbable.core.config.deployment.DeploymentNodesLister.listNodes(DeploymentNodesLister.java:72) ~[runtime_deploy.jar:na]
	at improbable.module.ModuleNode.<init>(ModuleNode.scala:128) ~[runtime_deploy.jar:na]
	at improbable.deployment.InternalGameLauncher.<init>(InternalGameLauncher.scala:63) ~[runtime_deploy.jar:na]
	at improbable.deployment.GameLauncher$.delayedEndpoint$improbable$deployment$GameLauncher$1(GameLauncher.scala:27) [runtime_deploy.jar:na]
	at improbable.deployment.GameLauncher$delayedInit$body.apply(GameLauncher.scala:13) [runtime_deploy.jar:na]
	at scala.Function0$class.apply$mcV$sp(Function0.scala:34) [runtime_deploy.jar:na]
	at scala.runtime.AbstractFunction0.apply$mcV$sp(AbstractFunction0.scala:12) [runtime_deploy.jar:na]
	at scala.App$$anonfun$main$1.apply(App.scala:76) [runtime_deploy.jar:na]
	at scala.App$$anonfun$main$1.apply(App.scala:76) [runtime_deploy.jar:na]
	at scala.collection.immutable.List.foreach(List.scala:392) [runtime_deploy.jar:na]
	at scala.collection.generic.TraversableForwarder$class.foreach(TraversableForwarder.scala:35) [runtime_deploy.jar:na]
	at scala.App$class.main(App.scala:76) [runtime_deploy.jar:na]
	at improbable.deployment.GameLauncher$.main(GameLauncher.scala:13) [runtime_deploy.jar:na]
	at improbable.deployment.GameLauncher.main(GameLauncher.scala) [runtime_deploy.jar:na]
