2019-07-28 00:01:31,412 INFO  [i.deployment.InternalGameLauncher] [fabric,config] [] [] : Parsed 319 internal flags at startup
2019-07-28 00:01:31,751 INFO  [i.deployment.InternalGameLauncher] [fabric] [] [] : Flagz initialized in 1.064s.
2019-07-28 00:01:31,755 INFO  [i.deployment.InternalGameLauncher] [fabric] [] [] : SpatialOS runtime version: 11-20190724T103728Z-6547040
2019-07-28 00:01:34,125 INFO  [i.c.c.f.FlagzFieldRegistryUpdater] [fabric,core] [] [] : Initialized Fabric flagz registry with 27 set fields.
2019-07-28 00:01:34,497 INFO  [i.core.discovery.server.LocalServer] [fabric] [] [] : Registered Service(improbable.fabric.internal.service.discovery.StatusDiscoveryInternalService) on 127.0.0.1:5301.
2019-07-28 00:01:34,514 INFO  [i.core.discovery.server.LocalServer] [fabric] [] [] : Registered Service(improbable.fabric.internal.service.tunnel.OrderedGrpcTunnelService) on 127.0.0.1:5301.
2019-07-28 00:01:34,517 INFO  [improbable.module.ModuleNode] [fabric] [] [] : Starting Fabric node as master (IP: 127.0.0.1).
2019-07-28 00:01:34,518 INFO  [improbable.module.ModuleNode] [fabric,user] [] [] : Using the new Runtime including new bridge, load balancer, and entity database.
2019-07-28 00:01:34,520 INFO  [i.c.d.client.CheckpointDiscoveryImpl] [fabric] [] [] : Reached a checkpoint: ALL_NODES_STARTED
2019-07-28 00:01:34,521 INFO  [improbable.module.ModuleNode] [fabric] [] [] : Node master has started, waiting for other nodes to reach the same checkpoint.
2019-07-28 00:01:34,521 INFO  [improbable.module.ModuleNode] [fabric] [] [] : All nodes have been started.
2019-07-28 00:01:34,532 INFO  [i.core.discovery.server.PublicServer] [fabric] [] [] : Registered Service(improbable.platform.runtime.ModuleService) on 127.0.0.1:9300.
2019-07-28 00:01:34,544 INFO  [i.core.discovery.server.PublicServer] [fabric] [] [] : Registered Service(improbable.platform.runtime.HealthCheckService) on 127.0.0.1:9301.
2019-07-28 00:01:34,553 INFO  [i.core.discovery.server.LocalServer] [fabric] [] [] : Registered Service(improbable.fabric.internal.service.perf.PerfInternalService) on 127.0.0.1:9302.
2019-07-28 00:01:34,560 INFO  [i.core.discovery.server.LocalServer] [fabric] [] [] : Registered Service(improbable.fabric.internal.service.contention.ContentionInternalService) on 127.0.0.1:9303.
2019-07-28 00:01:34,595 INFO  [i.core.discovery.server.PublicServer] [fabric] [] [] : Registered Service(improbable.platform.runtime.FeatureService) on 127.0.0.1:9304.
2019-07-28 00:01:34,626 INFO  [i.c.config.flagz.WorkerFlagzUpdater] [fabric,core] [] [] : Initialized worker flagz registry with 0 set fields.
2019-07-28 00:01:34,657 INFO  [improbable.module.ModuleNode] [fabric] [] [] : Loaded world extents: WorldExtents{proto=rectangles {
  bottom_left {
    x: -2500.0
    z: -2500.0
  }
  top_right {
    x: 2500.0
    z: 2500.0
  }
}
bounding_rectangle {
  bottom_left {
    x: -2500.0
    z: -2500.0
  }
  top_right {
    x: 2500.0
    z: 2500.0
  }
}
}
2019-07-28 00:01:36,833 INFO  [improbable.module.ModuleNode] [fabric] [] [] : Using single node configuration loader.
2019-07-28 00:01:36,884 INFO  [improbable.module.ModuleNode] [fabric,config] [] [] : Loaded node configuration node_name: "master"
roles: MASTER
roles: INSPECTION
roles: REMOTE_INTERACTION
roles: RECEPTIONIST
roles: BRIDGE
roles: ENTITY_DB
roles: TURF_ENFORCER
roles: AUTHORITY_ASSIGNER
bridge_service_configurations {
  id: "bridge-service"
  deployment_certificate: "<hidden certificate value>"
  deployment_private_key: "<hidden private key value>"
}
turf_enforcer_service_configurations {
  service_bounds {
    min_x: -2500.0
    min_z: -2500.0
    max_x: 2500.0
    max_z: 2500.0
  }
  enforcer_bounds {
    min_x: -2500.0
    min_z: -2500.0
    max_x: 2500.0
    max_z: 2500.0
  }
}
database_configurations {
}
authority_assigner_configurations {
}
receptionist_service_configuration {
  deployment_certificate: "<hidden certificate value>"
}

2019-07-28 00:01:37,482 INFO  [i.e.schema.ParsedFileDescriptorSet] [fabric] [] [] : Parsed file descriptors of 18 proto files.
2019-07-28 00:01:37,641 INFO  [i.entity.schema.SchemaFactory] [fabric,schema] [] [] : Found components: [improbable.gdk.player_lifecycle.PlayerHeartbeatClient, improbable.gdk.player_lifecycle.PlayerHeartbeatServer, improbable.gdk.player_lifecycle.PlayerCreator, dinopark.life.Health, dinopark.core.TransformComponent, improbable.gdk.transform_synchronization.TransformInternal, improbable.restricted.System, improbable.restricted.Worker, improbable.restricted.PlayerClient, dinopark.fire.Flammable, dinopark.plants.Harvestable, dinopark.plants.TreeState, improbable.gdk.player_lifecycle.OwningWorker, improbable.EntityAcl, improbable.Metadata, improbable.Position, improbable.Persistence, improbable.Interest, com.infalliblecode.PlayerTransform, improbable.Delegation]
2019-07-28 00:01:37,660 INFO  [i.entity.schema.SchemaFactory] [fabric,schema] [] [] : Found components: [improbable.gdk.player_lifecycle.PlayerHeartbeatClient, improbable.gdk.player_lifecycle.PlayerHeartbeatServer, improbable.gdk.player_lifecycle.PlayerCreator, dinopark.life.Health, dinopark.core.TransformComponent, improbable.gdk.transform_synchronization.TransformInternal, improbable.restricted.System, improbable.restricted.Worker, improbable.restricted.PlayerClient, dinopark.fire.Flammable, dinopark.plants.Harvestable, dinopark.plants.TreeState, improbable.gdk.player_lifecycle.OwningWorker, improbable.EntityAcl, improbable.Metadata, improbable.Position, improbable.Persistence, improbable.Interest, com.infalliblecode.PlayerTransform, improbable.Delegation, improbable.internal.EntityAuthority, improbable.internal.EntityAuthorityIntent, improbable.internal.LayerAuthority, improbable.internal.LayerAuthorityIntent]
2019-07-28 00:01:37,678 INFO  [improbable.module.ModuleNode] [fabric] [] [] : Successfully loaded schema for entities
2019-07-28 00:01:37,687 INFO  [i.l.l.LegacyLoadbalancerConfigParser] [fabric,loadbalancer] [] [] : Parsed 0 worker loadbalancing configuration(s)
2019-07-28 00:01:37,785 INFO  [i.w.a.WorkerAssemblyProviderFactory] [fabric,user] [] [] : Loaded worker assemblies for these workers types: MobileClient, UnityClient, UnityGameLogic.
2019-07-28 00:01:37,787 INFO  [improbable.module.ModuleNode] [fabric,config] [] [] : Loaded worker assemblies: [worker_assembly_id {
  assembly_id {
    project_id {
      name: "unity_gdk"
    }
    name: "local_assembly"
  }
  name {
    name: "MobileClient"
  }
}
bridge_configuration {
  worker_attribute_set {
    attribute {
      name: "MobileClient"
    }
  }
  entity_interest {
    range_entity_interest {
      radius: 100.0
    }
  }
  component_delivery {
    checkout_all_initially: true
  }
}
, worker_assembly_id {
  assembly_id {
    project_id {
      name: "unity_gdk"
    }
    name: "local_assembly"
  }
  name {
    name: "UnityClient"
  }
}
bridge_configuration {
  worker_attribute_set {
    attribute {
      name: "UnityClient"
    }
  }
  entity_interest {
    range_entity_interest {
      radius: 500.0
    }
  }
  component_delivery {
    checkout_all_initially: true
  }
}
, worker_assembly_id {
  assembly_id {
    project_id {
      name: "unity_gdk"
    }
    name: "local_assembly"
  }
  name {
    name: "UnityGameLogic"
  }
}
worker_launch_configuration {
  platform: WINDOWS
  worker_zip {
    command: "UnityGameLogic@Windows.exe"
    argument: "+workerType"
    argument: "UnityGameLogic"
    argument: "+workerId"
    argument: "${IMPROBABLE_WORKER_ID}"
    argument: "+projectName"
    argument: "${IMPROBABLE_PROJECT_NAME}"
    argument: "+receptionistHost"
    argument: "${IMPROBABLE_RECEPTIONIST_HOST}"
    argument: "+receptionistPort"
    argument: "${IMPROBABLE_RECEPTIONIST_PORT}"
    argument: "+linkProtocol"
    argument: "RakNet"
    argument: "-batchmode"
    argument: "-nographics"
    argument: "-logfile"
    argument: "${IMPROBABLE_LOG_FILE}"
    worker_location {
      filename: "UnityGameLogic@Windows.zip"
    }
  }
}
worker_launch_configuration {
  platform: MACOS
  worker_zip {
    command: "UnityGameLogic@Mac.app/Contents/MacOS/UnityGameLogic@Mac"
    argument: "+workerType"
    argument: "UnityGameLogic"
    argument: "+workerId"
    argument: "${IMPROBABLE_WORKER_ID}"
    argument: "+projectName"
    argument: "${IMPROBABLE_PROJECT_NAME}"
    argument: "+receptionistHost"
    argument: "${IMPROBABLE_RECEPTIONIST_HOST}"
    argument: "+receptionistPort"
    argument: "${IMPROBABLE_RECEPTIONIST_PORT}"
    argument: "+linkProtocol"
    argument: "RakNet"
    argument: "-batchmode"
    argument: "-nographics"
    argument: "-logfile"
    argument: "${IMPROBABLE_LOG_FILE}"
    worker_location {
      filename: "UnityGameLogic@Mac.zip"
    }
  }
}
worker_launch_configuration {
  platform: LINUX
  worker_zip {
    command: "UnityGameLogic@Linux"
    argument: "+workerType"
    argument: "UnityGameLogic"
    argument: "+workerId"
    argument: "${IMPROBABLE_WORKER_ID}"
    argument: "+projectName"
    argument: "${IMPROBABLE_PROJECT_NAME}"
    argument: "+receptionistHost"
    argument: "${IMPROBABLE_RECEPTIONIST_HOST}"
    argument: "+receptionistPort"
    argument: "${IMPROBABLE_RECEPTIONIST_PORT}"
    argument: "+linkProtocol"
    argument: "RakNet"
    argument: "-batchmode"
    argument: "-nographics"
    argument: "-logfile"
    argument: "${IMPROBABLE_LOG_FILE}"
    worker_location {
      filename: "UnityGameLogic@Linux.zip"
    }
  }
}
bridge_configuration {
  worker_attribute_set {
    attribute {
      name: "UnityGameLogic"
    }
  }
  entity_interest {
    range_entity_interest {
      radius: 500.0
    }
  }
  component_delivery {
    checkout_all_initially: true
  }
}
]
2019-07-28 00:01:37,794 INFO  [i.w.assembly.WorkerAssemblyProvider] [fabric] [] [] : Worker configuration for 'MobileClient' does not contain a launch configuration for the current platform 'WINDOWS', so Fabric will not start any managed workers of this type
2019-07-28 00:01:37,795 INFO  [i.w.assembly.WorkerAssemblyProvider] [fabric] [] [] : Worker configuration for 'UnityClient' does not contain a launch configuration for the current platform 'WINDOWS', so Fabric will not start any managed workers of this type
2019-07-28 00:01:37,797 INFO  [i.w.assembly.WorkerAssemblyProvider] [fabric,user] [] [] : The following worker configurations do not contain valid managed launch configurations for the current platform WINDOWS, and the runtime will be unable to launch managed workers of this type: [MobileClient, UnityClient]. This is expected for worker types you intend to only connect manually.
2019-07-28 00:01:37,797 INFO  [improbable.module.ModuleNode] [fabric] [] [] : Validating snapshot at startup and determining max entity id
2019-07-28 00:01:37,805 INFO  [i.p.s.c.ThorSnapshotServiceClient] [fabric,internal] [] [] : Requesting download URL for Snapshot(local@latest) matching []
2019-07-28 00:01:37,828 INFO  [i.p.s.storage.LegacySnapshotStorage] [fabric,internal] [] [] : Downloading snapshot from http://127.0.0.1:21000/snapshots/20190728000017840
2019-07-28 00:01:39,508 INFO  [improbable.module.ModuleNode] [fabric,user] [] [] : Snapshot analysed in 1.66s.
2019-07-28 00:01:39,516 INFO  [improbable.module.ModuleNode] [fabric] [] [] : Determined the first entity id for the id assigner as 5496
2019-07-28 00:01:39,532 INFO  [i.core.discovery.server.LocalServer] [fabric] [] [] : Registered Service(improbable.fabric.internal.service.entityid.EntityIdInternalService) on 127.0.0.1:9305.
2019-07-28 00:01:39,540 INFO  [i.core.discovery.server.LocalServer] [fabric] [] [] : Registered Service(improbable.fabric.internal.service.time.TimeSyncInternalService) on 127.0.0.1:9306.
2019-07-28 00:01:39,578 INFO  [improbable.core.time.TimeSyncClient] [fabric] [] [] : Starting clock synchronizer running every 62862ms
2019-07-28 00:01:39,602 INFO  [i.l.v2.config.LoadbalancerV2Config] [fabric,loadbalancer] [] [] : Using new loadbalancing strategy config.
2019-07-28 00:01:39,627 INFO  [i.w.permissions.PermissionsFactory] [fabric,config] [] [] : Created permissions manager with permissions: {UnityGameLogic=Permissions{{/sys/CreateEntity=, /sys/DeleteEntity=, /cmd/SystemEntity=, /sys/EntityQuery={"component":["*"]}}}, UnityClient=Permissions{{/sys/CreateEntity=, /sys/DeleteEntity=, /cmd/SystemEntity=, /sys/EntityQuery={"component":["*"]}}}, MobileClient=Permissions{{/sys/CreateEntity=, /sys/DeleteEntity=, /cmd/SystemEntity=, /sys/EntityQuery={"component":["*"]}}}}
2019-07-28 00:01:39,687 INFO  [i.worker.nanny.WorkerNannyManager] [fabric] [] [] : Updating available worker nanny clients. Old clients: []. New clients: [WorkerNannyId{name=WorkerNodeOne, serviceAddress=host: "127.0.0.1"
port: 22000
, workerNodeId=deployment_id {
  project_id {
    name: "unity_gdk"
  }
  name: "local"
}
name: "WorkerNodeOne"
}]
2019-07-28 00:01:39,705 INFO  [i.core.discovery.server.LocalServer] [fabric] [] [] : Registered Service(improbable.fabric.internal.service.worker.oracle.WorkerOracleInternalService) on 127.0.0.1:9307.
2019-07-28 00:01:39,736 INFO  [improbable.module.ModuleNode] [fabric] [] [] : Starting BridgeOracle on master
2019-07-28 00:01:39,790 INFO  [i.core.discovery.server.LocalServer] [fabric] [] [] : Registered Service(improbable.fabric.internal.service.bridge.oracle.BridgeOracleInternalService) on 127.0.0.1:9308.
2019-07-28 00:01:39,790 INFO  [improbable.module.ModuleNode] [fabric] [] [] : Waiting for the BridgeOracle to have started
2019-07-28 00:01:39,791 INFO  [improbable.module.ModuleNode] [fabric] [] [] : Received BridgeOracle started
2019-07-28 00:01:39,803 INFO  [i.core.discovery.server.LocalServer] [fabric] [] [] : Registered Service(improbable.fabric.internal.service.bridge.service.oracle.BridgeServiceOracleInternalService) on 127.0.0.1:9309.
2019-07-28 00:01:39,803 INFO  [improbable.module.ModuleNode] [fabric] [] [] : Waiting for the bridge service oracle service to have started
2019-07-28 00:01:39,804 INFO  [improbable.module.ModuleNode] [fabric] [] [] : Received bridge service oracle service started
2019-07-28 00:01:39,810 INFO  [improbable.module.ModuleNode] [fabric] [] [] : Creating database v2 client for single node deployment.
2019-07-28 00:01:39,901 INFO  [improbable.module.ModuleNode] [fabric] [] [] : Creating entity lifecycle client.
2019-07-28 00:01:39,905 INFO  [improbable.module.ModuleNode] [fabric] [] [] : Creating servlet container.
2019-07-28 00:01:40,203 INFO  [improbable.http.ServletContainer$] [fabric] [] [] : Starting servlet container on port 5006.
2019-07-28 00:01:40,204 INFO  [org.eclipse.jetty.server.Server] [] [] [] : jetty-8.y.z-SNAPSHOT
2019-07-28 00:01:40,256 INFO  [o.e.jetty.server.AbstractConnector] [] [] [] : Started SelectChannelConnector@0.0.0.0:5006
2019-07-28 00:01:40,257 INFO  [improbable.http.ServletContainer$] [fabric] [] [] : Servlet container started
2019-07-28 00:01:40,257 INFO  [improbable.module.ModuleNode] [fabric] [] [] : Starting 1 turf enforcer services
2019-07-28 00:01:40,258 INFO  [improbable.module.ModuleNode] [fabric] [] [] : Starting turf enforcer service with configuration service_bounds {
  min_x: -2500.0
  min_z: -2500.0
  max_x: 2500.0
  max_z: 2500.0
}
enforcer_bounds {
  min_x: -2500.0
  min_z: -2500.0
  max_x: 2500.0
  max_z: 2500.0
}

2019-07-28 00:01:40,308 INFO  [i.l.v.e.TurfEnforcementInternalServiceImpl] [fabric] [] [] : Turf enforcement service starting 1 turf enforcers
2019-07-28 00:01:40,318 INFO  [i.core.discovery.server.LocalServer] [fabric] [] [] : Registered Service(improbable.fabric.internal.service.loadbalancing.TurfEnforcementInternalService) on 127.0.0.1:9310.
2019-07-28 00:01:40,363 INFO  [improbable.module.ModuleNode] [fabric] [] [] : Starting 1 authority assigners
2019-07-28 00:01:40,381 INFO  [i.core.discovery.server.LocalServer] [fabric] [] [] : Registered Service(improbable.fabric.internal.service.authorityassigner.AuthorityAssignerInternalService) on 127.0.0.1:9311.
2019-07-28 00:01:40,426 INFO  [i.c.discovery.common.ServiceFinder] [fabric] [] [] : Discovered all 1 AuthorityAssigner services
2019-07-28 00:01:40,430 INFO  [improbable.module.ModuleNode] [fabric] [] [] : Starting 1 bridge services
2019-07-28 00:01:40,482 INFO  [i.core.discovery.server.LocalServer] [fabric] [] [] : Registered Service(improbable.fabric.internal.service.bridge.BridgeInternalService) on 127.0.0.1:9312.
2019-07-28 00:01:40,496 INFO  [improbable.module.ModuleNode] [fabric] [] [] : Waiting for all 1 bridge service(s) on all nodes to start.
2019-07-28 00:01:40,496 INFO  [improbable.module.ModuleNode] [fabric] [] [] : All 1 bridge service(s) have started.
2019-07-28 00:01:40,509 INFO  [i.core.discovery.server.LocalServer] [fabric] [] [] : Registered Service(improbable.fabric.internal.service.receptionist.ReceptionistInternalService) on 127.0.0.1:9313.
2019-07-28 00:01:40,548 INFO  [i.core.discovery.server.PublicServer] [fabric] [] [] : Registered Service(improbable.platform.runtime.ReceptionistService) on 127.0.0.1:7777.
2019-07-28 00:01:40,549 INFO  [improbable.module.ModuleNode] [fabric] [] [] : Starting the Remote Interaction service
2019-07-28 00:01:40,573 INFO  [i.core.discovery.server.PublicServer] [fabric] [] [] : Registered Service(improbable.platform.runtime.RemoteInteractionService) on 127.0.0.1:9314.
2019-07-28 00:01:40,574 INFO  [improbable.module.ModuleNode] [fabric] [] [] : Starting inspection service
2019-07-28 00:01:40,627 INFO  [i.core.discovery.server.PublicServer] [fabric] [] [] : Registered Service(improbable.platform.runtime.InspectionService) on 127.0.0.1:9315.
2019-07-28 00:01:40,647 INFO  [i.core.discovery.server.PublicServer] [fabric] [] [] : Registered Service(improbable.platform.runtime.LoadbalancerToolsService) on 127.0.0.1:9316.
2019-07-28 00:01:40,649 INFO  [i.c.d.client.CheckpointDiscoveryImpl] [fabric] [] [] : Reached a checkpoint: ALL_MODULES_STARTED
2019-07-28 00:01:40,649 INFO  [improbable.module.ModuleNode] [fabric] [] [] : All modules on this node started, waiting for other nodes to reach the same checkpoint.
2019-07-28 00:01:40,650 INFO  [improbable.module.ModuleNode] [fabric] [] [] : All modules on all nodes have been started.
2019-07-28 00:01:40,650 INFO  [improbable.module.ModuleNode] [fabric,user] [] [] : Loading snapshot.
2019-07-28 00:01:40,652 INFO  [i.p.s.c.ThorSnapshotServiceClient] [fabric,internal] [] [] : Requesting download URL for Snapshot(local@latest) matching []
2019-07-28 00:01:40,670 INFO  [i.p.s.storage.LegacySnapshotStorage] [fabric,internal] [] [] : Downloading snapshot from http://127.0.0.1:21000/snapshots/20190728000017840
2019-07-28 00:01:43,097 INFO  [i.p.snapshot.SnapshotLoader] [fabric,user] [] [] : Loaded 5495 entities from snapshot, waiting for all of them to be created.
2019-07-28 00:01:43,120 INFO  [improbable.module.ModuleNode] [fabric,user] [] [] : Snapshot has been successfully loaded in 2.47s.
2019-07-28 00:01:43,120 INFO  [improbable.module.ModuleNode] [fabric] [] [] : Starting SnapshotService.
2019-07-28 00:01:43,154 INFO  [i.core.discovery.server.PublicServer] [fabric] [] [] : Registered Service(improbable.platform.runtime.SnapshotService) on 127.0.0.1:9317.
2019-07-28 00:01:43,154 INFO  [i.c.d.client.CheckpointDiscoveryImpl] [fabric] [] [] : Reached a checkpoint: LOAD_SNAPSHOT_FINISHED
2019-07-28 00:01:43,156 INFO  [improbable.module.ModuleNode] [fabric] [] [] : Starting the internal Loadbalancer Service.
2019-07-28 00:01:43,208 INFO  [i.core.discovery.server.LocalServer] [fabric] [] [] : Registered Service(improbable.fabric.internal.service.loadbalancing.LoadbalancingInternalService) on 127.0.0.1:9318.
2019-07-28 00:01:43,209 INFO  [improbable.module.ModuleNode] [fabric,user] [] [] : SpatialOS runtime startup completed in 16.536s.
2019-07-28 00:01:43,238 INFO  [i.loadbalancing.v2.Loadbalancer] [fabric] [] [] : Successfully sent GlobalAssignmentIntent to TurfEnforcers.
 
2019-07-28 00:01:59,945 INFO  [i.receptionist.BridgeAllocator] [fabric,user] [] [] : Handling connection request for worker of type UnityGameLogic trying to log in: UnityGameLogic-3855b8f4-ea5f-4a45-9cfd-4ea10f6b1d78
2019-07-28 00:02:00,153 INFO  [i.r.UnmanagedLoadbalancedWorkerHandler] [fabric] [] [] : Connecting worker UnityGameLogic-3855b8f4-ea5f-4a45-9cfd-4ea10f6b1d78 successfully added to the loadbalancing strategy. Assigned virtual worker: [0].
2019-07-28 00:02:00,159 INFO  [i.loadbalancing.v2.Loadbalancer] [fabric] [] [] : Successfully sent GlobalAssignmentIntent to TurfEnforcers.
 turfs {
  entity_query {
    constraint {
      write_acl_constraint {
        requirement_set {
          attribute_set {
            attribute: "UnityGameLogic"
          }
        }
      }
    }
    result_type {
    }
  }
  requirement_set_constraint {
    attribute_set {
      attribute: "UnityGameLogic"
    }
  }
  intended_worker_id: "UnityGameLogic-3855b8f4-ea5f-4a45-9cfd-4ea10f6b1d78"
}

2019-07-28 00:02:02,731 INFO  [i.b.o.s.BridgeOracleInternalServiceImpl] [fabric,lifecycle] [] [] : Bridge for worker UnityGameLogic-3855b8f4-ea5f-4a45-9cfd-4ea10f6b1d78 started successfully.
2019-07-28 00:02:04,177 INFO  [i.b.s.l.BridgeLifecycleManager] [fabric,user] [] [] : The worker UnityGameLogic-3855b8f4-ea5f-4a45-9cfd-4ea10f6b1d78 connected to SpatialOS successfully.
2019-07-28 00:02:07,981 INFO  [i.receptionist.BridgeAllocator] [fabric,user] [] [] : Handling connection request for worker of type UnityClient trying to log in: UnityClient-0eaacf9d-55d4-4ef3-b591-72531dd71f65
2019-07-28 00:02:08,857 INFO  [i.b.o.s.BridgeOracleInternalServiceImpl] [fabric,lifecycle] [] [] : Bridge for worker UnityClient-0eaacf9d-55d4-4ef3-b591-72531dd71f65 started successfully.
2019-07-28 00:02:09,325 INFO  [i.b.s.l.BridgeLifecycleManager] [fabric,user] [] [] : The worker UnityClient-0eaacf9d-55d4-4ef3-b591-72531dd71f65 connected to SpatialOS successfully.
2019-07-28 00:02:15,559 WARN  [i.b.v.a.w.WorkerLogMessageHandler] [fabric,worker,user] [] [] : [UnityClient-0eaacf9d-55d4-4ef3-b591-72531dd71f65:UnknownLogger] [UnityClient] Retrying player creation request, attempt 1.
'WorkerType': 'UnityClient'
2019-07-28 00:02:20,663 WARN  [i.b.v.a.w.WorkerLogMessageHandler] [fabric,worker,user] [] [] : [UnityClient-0eaacf9d-55d4-4ef3-b591-72531dd71f65:UnknownLogger] [UnityClient] Retrying player creation request, attempt 2.
'WorkerType': 'UnityClient'
2019-07-28 00:02:25,701 WARN  [i.b.v.a.w.WorkerLogMessageHandler] [fabric,worker,user] [] [] : [UnityClient-0eaacf9d-55d4-4ef3-b591-72531dd71f65:UnknownLogger] [UnityClient] Retrying player creation request, attempt 3.
'WorkerType': 'UnityClient'
2019-07-28 00:02:30,719 WARN  [i.b.v.a.w.WorkerLogMessageHandler] [fabric,worker,user] [] [] : [UnityClient-0eaacf9d-55d4-4ef3-b591-72531dd71f65:UnknownLogger] [UnityClient] Retrying player creation request, attempt 4.
'WorkerType': 'UnityClient'
2019-07-28 00:02:35,770 WARN  [i.b.v.a.w.WorkerLogMessageHandler] [fabric,worker,user] [] [] : [UnityClient-0eaacf9d-55d4-4ef3-b591-72531dd71f65:UnknownLogger] [UnityClient] Retrying player creation request, attempt 5.
'WorkerType': 'UnityClient'
2019-07-28 00:02:40,816 ERROR [i.b.v.a.w.WorkerLogMessageHandler] [fabric,worker,user] [] [] : [UnityClient-0eaacf9d-55d4-4ef3-b591-72531dd71f65:UnknownLogger] [UnityClient] Unable to create player after 6 attempts.
'WorkerType': 'UnityClient'
2019-07-28 00:03:56,823 INFO  [i.b.s.l.BridgeLifecycleManager] [fabric,user] [] [] : The worker UnityGameLogic-3855b8f4-ea5f-4a45-9cfd-4ea10f6b1d78 disconnected from SpatialOS with cause CONNECTION_CLOSED: REMOTE_SHUTDOWN: transport remote peer closed the connection
2019-07-28 00:03:56,869 INFO  [i.b.s.l.BridgeLifecycleManager] [fabric,user] [] [] : The worker UnityClient-0eaacf9d-55d4-4ef3-b591-72531dd71f65 disconnected from SpatialOS with cause CONNECTION_CLOSED: LOCAL_SHUTDOWN: transport was shut down locally
2019-07-28 00:03:56,881 INFO  [i.b.o.s.BridgeOracleInternalServiceImpl] [fabric,lifecycle] [] [] : Bridge(UnityGameLogic-3855b8f4-ea5f-4a45-9cfd-4ea10f6b1d78) stopped.
2019-07-28 00:03:56,887 INFO  [i.b.o.s.BridgeOracleInternalServiceImpl] [fabric,lifecycle] [] [] : Bridge(UnityClient-0eaacf9d-55d4-4ef3-b591-72531dd71f65) stopped.
2019-07-28 00:03:59,702 INFO  [i.loadbalancing.v2.Loadbalancer] [fabric] [] [] : Successfully sent GlobalAssignmentIntent to TurfEnforcers.
 
2019-07-28 00:05:06,562 INFO  [i.receptionist.BridgeAllocator] [fabric,user] [] [] : Handling connection request for worker of type UnityGameLogic trying to log in: UnityGameLogic-2c22f9d7-3d7b-4496-8a9e-e0ee2d06cb60
2019-07-28 00:05:06,570 INFO  [i.r.UnmanagedLoadbalancedWorkerHandler] [fabric] [] [] : Connecting worker UnityGameLogic-2c22f9d7-3d7b-4496-8a9e-e0ee2d06cb60 successfully added to the loadbalancing strategy. Assigned virtual worker: [0].
2019-07-28 00:05:06,599 INFO  [i.b.o.s.BridgeOracleInternalServiceImpl] [fabric,lifecycle] [] [] : Bridge for worker UnityGameLogic-2c22f9d7-3d7b-4496-8a9e-e0ee2d06cb60 started successfully.
2019-07-28 00:05:06,622 INFO  [i.loadbalancing.v2.Loadbalancer] [fabric] [] [] : Successfully sent GlobalAssignmentIntent to TurfEnforcers.
 turfs {
  entity_query {
    constraint {
      write_acl_constraint {
        requirement_set {
          attribute_set {
            attribute: "UnityGameLogic"
          }
        }
      }
    }
    result_type {
    }
  }
  requirement_set_constraint {
    attribute_set {
      attribute: "UnityGameLogic"
    }
  }
  intended_worker_id: "UnityGameLogic-2c22f9d7-3d7b-4496-8a9e-e0ee2d06cb60"
}

2019-07-28 00:05:06,701 INFO  [i.b.s.l.BridgeLifecycleManager] [fabric,user] [] [] : The worker UnityGameLogic-2c22f9d7-3d7b-4496-8a9e-e0ee2d06cb60 connected to SpatialOS successfully.
2019-07-28 00:05:10,129 INFO  [i.receptionist.BridgeAllocator] [fabric,user] [] [] : Handling connection request for worker of type UnityClient trying to log in: UnityClient-0371f691-33d1-46a4-8151-fb53c9b296f7
2019-07-28 00:05:10,447 INFO  [i.b.o.s.BridgeOracleInternalServiceImpl] [fabric,lifecycle] [] [] : Bridge for worker UnityClient-0371f691-33d1-46a4-8151-fb53c9b296f7 started successfully.
2019-07-28 00:05:10,686 INFO  [i.b.s.l.BridgeLifecycleManager] [fabric,user] [] [] : The worker UnityClient-0371f691-33d1-46a4-8151-fb53c9b296f7 connected to SpatialOS successfully.
2019-07-28 00:05:16,886 WARN  [i.b.v.a.w.WorkerLogMessageHandler] [fabric,worker,user] [] [] : [UnityClient-0371f691-33d1-46a4-8151-fb53c9b296f7:UnknownLogger] [UnityClient] Retrying player creation request, attempt 1.
'WorkerType': 'UnityClient'
2019-07-28 00:08:49,038 INFO  [i.b.s.l.BridgeLifecycleManager] [fabric,user] [] [] : The worker UnityGameLogic-2c22f9d7-3d7b-4496-8a9e-e0ee2d06cb60 disconnected from SpatialOS with cause CONNECTION_CLOSED: REMOTE_SHUTDOWN: transport remote peer closed the connection
2019-07-28 00:08:49,049 INFO  [i.b.o.s.BridgeOracleInternalServiceImpl] [fabric,lifecycle] [] [] : Bridge(UnityGameLogic-2c22f9d7-3d7b-4496-8a9e-e0ee2d06cb60) stopped.
2019-07-28 00:08:49,131 INFO  [i.b.s.l.BridgeLifecycleManager] [fabric,user] [] [] : The worker UnityClient-0371f691-33d1-46a4-8151-fb53c9b296f7 disconnected from SpatialOS with cause CONNECTION_CLOSED: REMOTE_SHUTDOWN: transport remote peer closed the connection
2019-07-28 00:08:49,141 INFO  [i.b.o.s.BridgeOracleInternalServiceImpl] [fabric,lifecycle] [] [] : Bridge(UnityClient-0371f691-33d1-46a4-8151-fb53c9b296f7) stopped.
2019-07-28 00:08:49,707 INFO  [i.loadbalancing.v2.Loadbalancer] [fabric] [] [] : Successfully sent GlobalAssignmentIntent to TurfEnforcers.
 
