2019-07-27 23:01:39,815 INFO  [i.deployment.InternalGameLauncher] [fabric,config] [] [] : Parsed 319 internal flags at startup
2019-07-27 23:01:39,903 INFO  [i.deployment.InternalGameLauncher] [fabric] [] [] : Flagz initialized in 0.295s.
2019-07-27 23:01:39,904 INFO  [i.deployment.InternalGameLauncher] [fabric] [] [] : SpatialOS runtime version: 11-20190724T103728Z-6547040
2019-07-27 23:01:40,074 INFO  [i.c.c.f.FlagzFieldRegistryUpdater] [fabric,core] [] [] : Initialized Fabric flagz registry with 27 set fields.
2019-07-27 23:01:40,385 INFO  [i.core.discovery.server.LocalServer] [fabric] [] [] : Registered Service(improbable.fabric.internal.service.discovery.StatusDiscoveryInternalService) on 127.0.0.1:5301.
2019-07-27 23:01:40,395 INFO  [i.core.discovery.server.LocalServer] [fabric] [] [] : Registered Service(improbable.fabric.internal.service.tunnel.OrderedGrpcTunnelService) on 127.0.0.1:5301.
2019-07-27 23:01:40,397 INFO  [improbable.module.ModuleNode] [fabric] [] [] : Starting Fabric node as master (IP: 127.0.0.1).
2019-07-27 23:01:40,398 INFO  [improbable.module.ModuleNode] [fabric,user] [] [] : Using the new Runtime including new bridge, load balancer, and entity database.
2019-07-27 23:01:40,399 INFO  [i.c.d.client.CheckpointDiscoveryImpl] [fabric] [] [] : Reached a checkpoint: ALL_NODES_STARTED
2019-07-27 23:01:40,399 INFO  [improbable.module.ModuleNode] [fabric] [] [] : Node master has started, waiting for other nodes to reach the same checkpoint.
2019-07-27 23:01:40,399 INFO  [improbable.module.ModuleNode] [fabric] [] [] : All nodes have been started.
2019-07-27 23:01:40,403 INFO  [i.core.discovery.server.PublicServer] [fabric] [] [] : Registered Service(improbable.platform.runtime.ModuleService) on 127.0.0.1:9300.
2019-07-27 23:01:40,408 INFO  [i.core.discovery.server.PublicServer] [fabric] [] [] : Registered Service(improbable.platform.runtime.HealthCheckService) on 127.0.0.1:9301.
2019-07-27 23:01:40,412 INFO  [i.core.discovery.server.LocalServer] [fabric] [] [] : Registered Service(improbable.fabric.internal.service.perf.PerfInternalService) on 127.0.0.1:9302.
2019-07-27 23:01:40,416 INFO  [i.core.discovery.server.LocalServer] [fabric] [] [] : Registered Service(improbable.fabric.internal.service.contention.ContentionInternalService) on 127.0.0.1:9303.
2019-07-27 23:01:40,428 INFO  [i.core.discovery.server.PublicServer] [fabric] [] [] : Registered Service(improbable.platform.runtime.FeatureService) on 127.0.0.1:9304.
2019-07-27 23:01:40,446 INFO  [i.c.config.flagz.WorkerFlagzUpdater] [fabric,core] [] [] : Initialized worker flagz registry with 0 set fields.
2019-07-27 23:01:40,456 INFO  [improbable.module.ModuleNode] [fabric] [] [] : Loaded world extents: WorldExtents{proto=rectangles {
  bottom_left {
    x: -2500.0
    z: -2500.0
  }
  top_right {
    x: 2500.0
    z: 2500.0
  }
}
bounding_rectangle {
  bottom_left {
    x: -2500.0
    z: -2500.0
  }
  top_right {
    x: 2500.0
    z: 2500.0
  }
}
}
2019-07-27 23:01:40,666 INFO  [improbable.module.ModuleNode] [fabric] [] [] : Using single node configuration loader.
2019-07-27 23:01:40,687 INFO  [improbable.module.ModuleNode] [fabric,config] [] [] : Loaded node configuration node_name: "master"
roles: MASTER
roles: INSPECTION
roles: REMOTE_INTERACTION
roles: RECEPTIONIST
roles: BRIDGE
roles: ENTITY_DB
roles: TURF_ENFORCER
roles: AUTHORITY_ASSIGNER
bridge_service_configurations {
  id: "bridge-service"
  deployment_certificate: "<hidden certificate value>"
  deployment_private_key: "<hidden private key value>"
}
turf_enforcer_service_configurations {
  service_bounds {
    min_x: -2500.0
    min_z: -2500.0
    max_x: 2500.0
    max_z: 2500.0
  }
  enforcer_bounds {
    min_x: -2500.0
    min_z: -2500.0
    max_x: 2500.0
    max_z: 2500.0
  }
}
database_configurations {
}
authority_assigner_configurations {
}
receptionist_service_configuration {
  deployment_certificate: "<hidden certificate value>"
}

2019-07-27 23:01:40,811 INFO  [i.e.schema.ParsedFileDescriptorSet] [fabric] [] [] : Parsed file descriptors of 18 proto files.
2019-07-27 23:01:40,848 INFO  [i.entity.schema.SchemaFactory] [fabric,schema] [] [] : Found components: [improbable.gdk.player_lifecycle.PlayerHeartbeatClient, improbable.gdk.player_lifecycle.PlayerHeartbeatServer, improbable.gdk.player_lifecycle.PlayerCreator, dinopark.life.Health, dinopark.core.TransformComponent, improbable.gdk.transform_synchronization.TransformInternal, improbable.restricted.System, improbable.restricted.Worker, improbable.restricted.PlayerClient, dinopark.fire.Flammable, dinopark.plants.Harvestable, dinopark.plants.TreeState, improbable.gdk.player_lifecycle.OwningWorker, improbable.EntityAcl, improbable.Metadata, improbable.Position, improbable.Persistence, improbable.Interest, com.infalliblecode.PlayerTransform, improbable.Delegation]
2019-07-27 23:01:40,858 INFO  [i.entity.schema.SchemaFactory] [fabric,schema] [] [] : Found components: [improbable.gdk.player_lifecycle.PlayerHeartbeatClient, improbable.gdk.player_lifecycle.PlayerHeartbeatServer, improbable.gdk.player_lifecycle.PlayerCreator, dinopark.life.Health, dinopark.core.TransformComponent, improbable.gdk.transform_synchronization.TransformInternal, improbable.restricted.System, improbable.restricted.Worker, improbable.restricted.PlayerClient, dinopark.fire.Flammable, dinopark.plants.Harvestable, dinopark.plants.TreeState, improbable.gdk.player_lifecycle.OwningWorker, improbable.EntityAcl, improbable.Metadata, improbable.Position, improbable.Persistence, improbable.Interest, com.infalliblecode.PlayerTransform, improbable.Delegation, improbable.internal.EntityAuthority, improbable.internal.EntityAuthorityIntent, improbable.internal.LayerAuthority, improbable.internal.LayerAuthorityIntent]
2019-07-27 23:01:40,862 INFO  [improbable.module.ModuleNode] [fabric] [] [] : Successfully loaded schema for entities
2019-07-27 23:01:40,866 INFO  [i.l.l.LegacyLoadbalancerConfigParser] [fabric,loadbalancer] [] [] : Parsed 0 worker loadbalancing configuration(s)
2019-07-27 23:01:40,915 INFO  [i.w.a.WorkerAssemblyProviderFactory] [fabric,user] [] [] : Loaded worker assemblies for these workers types: UnityClient, UnityGameLogic, MobileClient.
2019-07-27 23:01:40,915 INFO  [improbable.module.ModuleNode] [fabric,config] [] [] : Loaded worker assemblies: [worker_assembly_id {
  assembly_id {
    project_id {
      name: "unity_gdk"
    }
    name: "local_assembly"
  }
  name {
    name: "UnityClient"
  }
}
bridge_configuration {
  worker_attribute_set {
    attribute {
      name: "UnityClient"
    }
  }
  entity_interest {
    range_entity_interest {
      radius: 500.0
    }
  }
  component_delivery {
    checkout_all_initially: true
  }
}
, worker_assembly_id {
  assembly_id {
    project_id {
      name: "unity_gdk"
    }
    name: "local_assembly"
  }
  name {
    name: "UnityGameLogic"
  }
}
worker_launch_configuration {
  platform: WINDOWS
  worker_zip {
    command: "UnityGameLogic@Windows.exe"
    argument: "+workerType"
    argument: "UnityGameLogic"
    argument: "+workerId"
    argument: "${IMPROBABLE_WORKER_ID}"
    argument: "+projectName"
    argument: "${IMPROBABLE_PROJECT_NAME}"
    argument: "+receptionistHost"
    argument: "${IMPROBABLE_RECEPTIONIST_HOST}"
    argument: "+receptionistPort"
    argument: "${IMPROBABLE_RECEPTIONIST_PORT}"
    argument: "+linkProtocol"
    argument: "RakNet"
    argument: "-batchmode"
    argument: "-nographics"
    argument: "-logfile"
    argument: "${IMPROBABLE_LOG_FILE}"
    worker_location {
      filename: "UnityGameLogic@Windows.zip"
    }
  }
}
worker_launch_configuration {
  platform: MACOS
  worker_zip {
    command: "UnityGameLogic@Mac.app/Contents/MacOS/UnityGameLogic@Mac"
    argument: "+workerType"
    argument: "UnityGameLogic"
    argument: "+workerId"
    argument: "${IMPROBABLE_WORKER_ID}"
    argument: "+projectName"
    argument: "${IMPROBABLE_PROJECT_NAME}"
    argument: "+receptionistHost"
    argument: "${IMPROBABLE_RECEPTIONIST_HOST}"
    argument: "+receptionistPort"
    argument: "${IMPROBABLE_RECEPTIONIST_PORT}"
    argument: "+linkProtocol"
    argument: "RakNet"
    argument: "-batchmode"
    argument: "-nographics"
    argument: "-logfile"
    argument: "${IMPROBABLE_LOG_FILE}"
    worker_location {
      filename: "UnityGameLogic@Mac.zip"
    }
  }
}
worker_launch_configuration {
  platform: LINUX
  worker_zip {
    command: "UnityGameLogic@Linux"
    argument: "+workerType"
    argument: "UnityGameLogic"
    argument: "+workerId"
    argument: "${IMPROBABLE_WORKER_ID}"
    argument: "+projectName"
    argument: "${IMPROBABLE_PROJECT_NAME}"
    argument: "+receptionistHost"
    argument: "${IMPROBABLE_RECEPTIONIST_HOST}"
    argument: "+receptionistPort"
    argument: "${IMPROBABLE_RECEPTIONIST_PORT}"
    argument: "+linkProtocol"
    argument: "RakNet"
    argument: "-batchmode"
    argument: "-nographics"
    argument: "-logfile"
    argument: "${IMPROBABLE_LOG_FILE}"
    worker_location {
      filename: "UnityGameLogic@Linux.zip"
    }
  }
}
bridge_configuration {
  worker_attribute_set {
    attribute {
      name: "UnityGameLogic"
    }
  }
  entity_interest {
    range_entity_interest {
      radius: 500.0
    }
  }
  component_delivery {
    checkout_all_initially: true
  }
}
, worker_assembly_id {
  assembly_id {
    project_id {
      name: "unity_gdk"
    }
    name: "local_assembly"
  }
  name {
    name: "MobileClient"
  }
}
bridge_configuration {
  worker_attribute_set {
    attribute {
      name: "MobileClient"
    }
  }
  entity_interest {
    range_entity_interest {
      radius: 100.0
    }
  }
  component_delivery {
    checkout_all_initially: true
  }
}
]
2019-07-27 23:01:40,918 INFO  [i.w.assembly.WorkerAssemblyProvider] [fabric] [] [] : Worker configuration for 'UnityClient' does not contain a launch configuration for the current platform 'WINDOWS', so Fabric will not start any managed workers of this type
2019-07-27 23:01:40,918 INFO  [i.w.assembly.WorkerAssemblyProvider] [fabric] [] [] : Worker configuration for 'MobileClient' does not contain a launch configuration for the current platform 'WINDOWS', so Fabric will not start any managed workers of this type
2019-07-27 23:01:40,918 INFO  [i.w.assembly.WorkerAssemblyProvider] [fabric,user] [] [] : The following worker configurations do not contain valid managed launch configurations for the current platform WINDOWS, and the runtime will be unable to launch managed workers of this type: [UnityClient, MobileClient]. This is expected for worker types you intend to only connect manually.
2019-07-27 23:01:40,919 INFO  [improbable.module.ModuleNode] [fabric] [] [] : Validating snapshot at startup and determining max entity id
2019-07-27 23:01:40,922 INFO  [i.p.s.c.ThorSnapshotServiceClient] [fabric,internal] [] [] : Requesting download URL for Snapshot(local@latest) matching []
2019-07-27 23:01:40,935 INFO  [i.p.s.storage.LegacySnapshotStorage] [fabric,internal] [] [] : Downloading snapshot from http://127.0.0.1:21000/snapshots/20190727225820006
2019-07-27 23:01:41,486 INFO  [improbable.module.ModuleNode] [fabric,user] [] [] : Snapshot analysed in 0.57s.
2019-07-27 23:01:41,487 INFO  [improbable.module.ModuleNode] [fabric] [] [] : Determined the first entity id for the id assigner as 5512
2019-07-27 23:01:41,490 INFO  [i.core.discovery.server.LocalServer] [fabric] [] [] : Registered Service(improbable.fabric.internal.service.entityid.EntityIdInternalService) on 127.0.0.1:9305.
2019-07-27 23:01:41,493 INFO  [i.core.discovery.server.LocalServer] [fabric] [] [] : Registered Service(improbable.fabric.internal.service.time.TimeSyncInternalService) on 127.0.0.1:9306.
2019-07-27 23:01:41,497 INFO  [improbable.core.time.TimeSyncClient] [fabric] [] [] : Starting clock synchronizer running every 61472ms
2019-07-27 23:01:41,499 INFO  [i.l.v2.config.LoadbalancerV2Config] [fabric,loadbalancer] [] [] : Using new loadbalancing strategy config.
2019-07-27 23:01:41,511 INFO  [i.w.permissions.PermissionsFactory] [fabric,config] [] [] : Created permissions manager with permissions: {UnityGameLogic=Permissions{{/sys/CreateEntity=, /sys/DeleteEntity=, /cmd/SystemEntity=, /sys/EntityQuery={"component":["*"]}}}, UnityClient=Permissions{{/sys/CreateEntity=, /sys/DeleteEntity=, /cmd/SystemEntity=, /sys/EntityQuery={"component":["*"]}}}, MobileClient=Permissions{{/sys/CreateEntity=, /sys/DeleteEntity=, /cmd/SystemEntity=, /sys/EntityQuery={"component":["*"]}}}}
2019-07-27 23:01:41,526 INFO  [i.worker.nanny.WorkerNannyManager] [fabric] [] [] : Updating available worker nanny clients. Old clients: []. New clients: [WorkerNannyId{name=WorkerNodeOne, serviceAddress=host: "127.0.0.1"
port: 22000
, workerNodeId=deployment_id {
  project_id {
    name: "unity_gdk"
  }
  name: "local"
}
name: "WorkerNodeOne"
}]
2019-07-27 23:01:41,538 INFO  [i.core.discovery.server.LocalServer] [fabric] [] [] : Registered Service(improbable.fabric.internal.service.worker.oracle.WorkerOracleInternalService) on 127.0.0.1:9307.
2019-07-27 23:01:41,550 INFO  [improbable.module.ModuleNode] [fabric] [] [] : Starting BridgeOracle on master
2019-07-27 23:01:41,565 INFO  [i.core.discovery.server.LocalServer] [fabric] [] [] : Registered Service(improbable.fabric.internal.service.bridge.oracle.BridgeOracleInternalService) on 127.0.0.1:9308.
2019-07-27 23:01:41,565 INFO  [improbable.module.ModuleNode] [fabric] [] [] : Waiting for the BridgeOracle to have started
2019-07-27 23:01:41,565 INFO  [improbable.module.ModuleNode] [fabric] [] [] : Received BridgeOracle started
2019-07-27 23:01:41,573 INFO  [i.core.discovery.server.LocalServer] [fabric] [] [] : Registered Service(improbable.fabric.internal.service.bridge.service.oracle.BridgeServiceOracleInternalService) on 127.0.0.1:9309.
2019-07-27 23:01:41,573 INFO  [improbable.module.ModuleNode] [fabric] [] [] : Waiting for the bridge service oracle service to have started
2019-07-27 23:01:41,573 INFO  [improbable.module.ModuleNode] [fabric] [] [] : Received bridge service oracle service started
2019-07-27 23:01:41,576 INFO  [improbable.module.ModuleNode] [fabric] [] [] : Creating database v2 client for single node deployment.
2019-07-27 23:01:41,631 INFO  [improbable.module.ModuleNode] [fabric] [] [] : Creating entity lifecycle client.
2019-07-27 23:01:41,633 INFO  [improbable.module.ModuleNode] [fabric] [] [] : Creating servlet container.
2019-07-27 23:01:41,726 INFO  [improbable.http.ServletContainer$] [fabric] [] [] : Starting servlet container on port 5006.
2019-07-27 23:01:41,726 INFO  [org.eclipse.jetty.server.Server] [] [] [] : jetty-8.y.z-SNAPSHOT
2019-07-27 23:01:41,744 INFO  [o.e.jetty.server.AbstractConnector] [] [] [] : Started SelectChannelConnector@0.0.0.0:5006
2019-07-27 23:01:41,744 INFO  [improbable.http.ServletContainer$] [fabric] [] [] : Servlet container started
2019-07-27 23:01:41,744 INFO  [improbable.module.ModuleNode] [fabric] [] [] : Starting 1 turf enforcer services
2019-07-27 23:01:41,745 INFO  [improbable.module.ModuleNode] [fabric] [] [] : Starting turf enforcer service with configuration service_bounds {
  min_x: -2500.0
  min_z: -2500.0
  max_x: 2500.0
  max_z: 2500.0
}
enforcer_bounds {
  min_x: -2500.0
  min_z: -2500.0
  max_x: 2500.0
  max_z: 2500.0
}

2019-07-27 23:01:41,767 INFO  [i.l.v.e.TurfEnforcementInternalServiceImpl] [fabric] [] [] : Turf enforcement service starting 1 turf enforcers
2019-07-27 23:01:41,772 INFO  [i.core.discovery.server.LocalServer] [fabric] [] [] : Registered Service(improbable.fabric.internal.service.loadbalancing.TurfEnforcementInternalService) on 127.0.0.1:9310.
2019-07-27 23:01:41,783 INFO  [improbable.module.ModuleNode] [fabric] [] [] : Starting 1 authority assigners
2019-07-27 23:01:41,792 INFO  [i.core.discovery.server.LocalServer] [fabric] [] [] : Registered Service(improbable.fabric.internal.service.authorityassigner.AuthorityAssignerInternalService) on 127.0.0.1:9311.
2019-07-27 23:01:41,798 INFO  [i.c.discovery.common.ServiceFinder] [fabric] [] [] : Discovered all 1 AuthorityAssigner services
2019-07-27 23:01:41,799 INFO  [improbable.module.ModuleNode] [fabric] [] [] : Starting 1 bridge services
2019-07-27 23:01:41,829 INFO  [i.core.discovery.server.LocalServer] [fabric] [] [] : Registered Service(improbable.fabric.internal.service.bridge.BridgeInternalService) on 127.0.0.1:9312.
2019-07-27 23:01:41,837 INFO  [improbable.module.ModuleNode] [fabric] [] [] : Waiting for all 1 bridge service(s) on all nodes to start.
2019-07-27 23:01:41,837 INFO  [improbable.module.ModuleNode] [fabric] [] [] : All 1 bridge service(s) have started.
2019-07-27 23:01:41,841 INFO  [i.core.discovery.server.LocalServer] [fabric] [] [] : Registered Service(improbable.fabric.internal.service.receptionist.ReceptionistInternalService) on 127.0.0.1:9313.
2019-07-27 23:01:41,858 INFO  [i.core.discovery.server.PublicServer] [fabric] [] [] : Registered Service(improbable.platform.runtime.ReceptionistService) on 127.0.0.1:7777.
2019-07-27 23:01:41,859 INFO  [improbable.module.ModuleNode] [fabric] [] [] : Starting the Remote Interaction service
2019-07-27 23:01:41,869 INFO  [i.core.discovery.server.PublicServer] [fabric] [] [] : Registered Service(improbable.platform.runtime.RemoteInteractionService) on 127.0.0.1:9314.
2019-07-27 23:01:41,869 INFO  [improbable.module.ModuleNode] [fabric] [] [] : Starting inspection service
2019-07-27 23:01:41,890 INFO  [i.core.discovery.server.PublicServer] [fabric] [] [] : Registered Service(improbable.platform.runtime.InspectionService) on 127.0.0.1:9315.
2019-07-27 23:01:41,895 INFO  [i.core.discovery.server.PublicServer] [fabric] [] [] : Registered Service(improbable.platform.runtime.LoadbalancerToolsService) on 127.0.0.1:9316.
2019-07-27 23:01:41,895 INFO  [i.c.d.client.CheckpointDiscoveryImpl] [fabric] [] [] : Reached a checkpoint: ALL_MODULES_STARTED
2019-07-27 23:01:41,895 INFO  [improbable.module.ModuleNode] [fabric] [] [] : All modules on this node started, waiting for other nodes to reach the same checkpoint.
2019-07-27 23:01:41,896 INFO  [improbable.module.ModuleNode] [fabric] [] [] : All modules on all nodes have been started.
2019-07-27 23:01:41,896 INFO  [improbable.module.ModuleNode] [fabric,user] [] [] : Loading snapshot.
2019-07-27 23:01:41,896 INFO  [i.p.s.c.ThorSnapshotServiceClient] [fabric,internal] [] [] : Requesting download URL for Snapshot(local@latest) matching []
2019-07-27 23:01:41,900 INFO  [i.p.s.storage.LegacySnapshotStorage] [fabric,internal] [] [] : Downloading snapshot from http://127.0.0.1:21000/snapshots/20190727225820006
2019-07-27 23:01:42,426 INFO  [i.p.snapshot.SnapshotLoader] [fabric,user] [] [] : Loaded 5511 entities from snapshot, waiting for all of them to be created.
2019-07-27 23:01:42,433 INFO  [improbable.module.ModuleNode] [fabric,user] [] [] : Snapshot has been successfully loaded in 0.54s.
2019-07-27 23:01:42,433 INFO  [improbable.module.ModuleNode] [fabric] [] [] : Starting SnapshotService.
2019-07-27 23:01:42,437 INFO  [i.core.discovery.server.PublicServer] [fabric] [] [] : Registered Service(improbable.platform.runtime.SnapshotService) on 127.0.0.1:9317.
2019-07-27 23:01:42,438 INFO  [i.c.d.client.CheckpointDiscoveryImpl] [fabric] [] [] : Reached a checkpoint: LOAD_SNAPSHOT_FINISHED
2019-07-27 23:01:42,438 INFO  [improbable.module.ModuleNode] [fabric] [] [] : Starting the internal Loadbalancer Service.
2019-07-27 23:01:42,447 INFO  [i.core.discovery.server.LocalServer] [fabric] [] [] : Registered Service(improbable.fabric.internal.service.loadbalancing.LoadbalancingInternalService) on 127.0.0.1:9318.
2019-07-27 23:01:42,448 INFO  [improbable.module.ModuleNode] [fabric,user] [] [] : SpatialOS runtime startup completed in 3.216s.
2019-07-27 23:01:42,453 INFO  [i.loadbalancing.v2.Loadbalancer] [fabric] [] [] : Successfully sent GlobalAssignmentIntent to TurfEnforcers.
 
2019-07-27 23:02:00,519 INFO  [i.receptionist.BridgeAllocator] [fabric,user] [] [] : Handling connection request for worker of type UnityGameLogic trying to log in: UnityGameLogic-31fd550b-3580-457d-b58b-d8bf3e34c7f6
2019-07-27 23:02:00,535 INFO  [i.r.UnmanagedLoadbalancedWorkerHandler] [fabric] [] [] : Connecting worker UnityGameLogic-31fd550b-3580-457d-b58b-d8bf3e34c7f6 successfully added to the loadbalancing strategy. Assigned virtual worker: [0].
2019-07-27 23:02:00,538 INFO  [i.loadbalancing.v2.Loadbalancer] [fabric] [] [] : Successfully sent GlobalAssignmentIntent to TurfEnforcers.
 turfs {
  entity_query {
    constraint {
      write_acl_constraint {
        requirement_set {
          attribute_set {
            attribute: "UnityGameLogic"
          }
        }
      }
    }
    result_type {
    }
  }
  requirement_set_constraint {
    attribute_set {
      attribute: "UnityGameLogic"
    }
  }
  intended_worker_id: "UnityGameLogic-31fd550b-3580-457d-b58b-d8bf3e34c7f6"
}

2019-07-27 23:02:00,633 INFO  [i.b.o.s.BridgeOracleInternalServiceImpl] [fabric,lifecycle] [] [] : Bridge for worker UnityGameLogic-31fd550b-3580-457d-b58b-d8bf3e34c7f6 started successfully.
2019-07-27 23:02:00,715 INFO  [i.b.s.l.BridgeLifecycleManager] [fabric,user] [] [] : The worker UnityGameLogic-31fd550b-3580-457d-b58b-d8bf3e34c7f6 connected to SpatialOS successfully.
2019-07-27 23:02:02,252 INFO  [i.receptionist.BridgeAllocator] [fabric,user] [] [] : Handling connection request for worker of type UnityClient trying to log in: UnityClient-673f1074-d0d6-4071-b588-7908c54f9173
2019-07-27 23:02:02,262 INFO  [i.b.o.s.BridgeOracleInternalServiceImpl] [fabric,lifecycle] [] [] : Bridge for worker UnityClient-673f1074-d0d6-4071-b588-7908c54f9173 started successfully.
2019-07-27 23:02:02,362 INFO  [i.b.s.l.BridgeLifecycleManager] [fabric,user] [] [] : The worker UnityClient-673f1074-d0d6-4071-b588-7908c54f9173 connected to SpatialOS successfully.
2019-07-27 23:02:07,951 WARN  [i.b.v.a.w.WorkerLogMessageHandler] [fabric,worker,user] [] [] : [UnityClient-673f1074-d0d6-4071-b588-7908c54f9173:UnknownLogger] [UnityClient] Retrying player creation request, attempt 1.
'WorkerType': 'UnityClient'
2019-07-27 23:05:08,416 INFO  [i.b.s.l.BridgeLifecycleManager] [fabric,user] [] [] : The worker UnityGameLogic-31fd550b-3580-457d-b58b-d8bf3e34c7f6 disconnected from SpatialOS with cause CONNECTION_CLOSED: REMOTE_SHUTDOWN: transport remote peer closed the connection
2019-07-27 23:05:08,419 INFO  [i.b.o.s.BridgeOracleInternalServiceImpl] [fabric,lifecycle] [] [] : Bridge(UnityGameLogic-31fd550b-3580-457d-b58b-d8bf3e34c7f6) stopped.
2019-07-27 23:05:11,541 INFO  [i.loadbalancing.v2.Loadbalancer] [fabric] [] [] : Successfully sent GlobalAssignmentIntent to TurfEnforcers.
 
2019-07-27 23:05:24,273 INFO  [i.b.s.l.BridgeLifecycleManager] [fabric,user] [] [] : The worker UnityClient-673f1074-d0d6-4071-b588-7908c54f9173 disconnected from SpatialOS with cause STOPPED_UNRESPONSIVE: Worker failed to respond to pings with acceptable latency
2019-07-27 23:05:24,274 INFO  [i.b.o.s.BridgeOracleInternalServiceImpl] [fabric,lifecycle] [] [] : Bridge(UnityClient-673f1074-d0d6-4071-b588-7908c54f9173) stopped.
