Mono path[0] = 'E:/Work-Spatial/SpatialOS-GDK-GitHub/gdk-for-unity-dino-park/workers/unity/build/worker/UnityClient@Windows/UnityClient@Windows_Data/Managed'
Mono config path = 'E:/Work-Spatial/SpatialOS-GDK-GitHub/gdk-for-unity-dino-park/workers/unity/build/worker/UnityClient@Windows/MonoBleedingEdge/etc'
PlayerConnection initialized from E:/Work-Spatial/SpatialOS-GDK-GitHub/gdk-for-unity-dino-park/workers/unity/build/worker/UnityClient@Windows/UnityClient@Windows_Data (debug = 0)
PlayerConnection initialized network socket : 0.0.0.0 55057
Multi-casting "[IP] 192.168.20.131 [Port] 55057 [Flags] 2 [Guid] 1888609724 [EditorId] 2162722642 [Version] 1048832 [Id] WindowsPlayer(DESKTOP-KTO4NIP) [Debug] 0 [PackageName] WindowsPlayer" to [225.0.0.222:54997]...
Started listening to [0.0.0.0:55057]
PlayerConnection already initialized - listening to [0.0.0.0:55057]
Initialize engine version: 2019.1.6f1 (f2970305fe1c)
GfxDevice: creating device client; threaded=1
Direct3D:
    Version:  Direct3D 11.0 [level 11.1]
    Renderer: NVIDIA GeForce GTX 1050 Ti (ID=0x1c82)
    Vendor:   
    VRAM:     4018 MB
    Driver:   23.21.13.9125
Begin MonoManager ReloadAssembly
Symbol file LoadedFromMemory doesn't match image E:\Work-Spatial\SpatialOS-GDK-GitHub\gdk-for-unity-dino-park\workers\unity\build\worker\UnityClient@Windows\UnityClient@Windows_Data\Managed\UnityEngine.CoreModule.dll
Symbol file LoadedFromMemory doesn't match image E:\Work-Spatial\SpatialOS-GDK-GitHub\gdk-for-unity-dino-park\workers\unity\build\worker\UnityClient@Windows\UnityClient@Windows_Data\Managed\UnityEngine.UIElementsModule.dll
- Completed reload, in  0.086 seconds
<RI> Initializing input.
<RI> Input initialized.
<RI> Initialized touch support.
UnloadTime: 0.522265 ms
Invalid [DisableAutoCreation] on Improbable.Gdk.Core.CustomSpatialOSSendSystem`1 (only concrete types can be instantiated)
UnityEngine.DebugLogHandler:Internal_Log(LogType, LogOption, String, Object)
UnityEngine.DebugLogHandler:LogFormat(LogType, Object, String, Object[])
UnityEngine.Logger:Log(LogType, Object)
UnityEngine.Debug:LogWarning(Object)
Unity.Debug:LogWarning(String) (at E:\Work-Spatial\SpatialOS-GDK-GitHub\gdk-for-unity-dino-park\workers\unity\Library\PackageCache\com.unity.entities@0.0.12-preview.33\Unity.Entities\Stubs\Unity\Debug.cs:15)
Unity.Entities.<>c__DisplayClass4_2:<GetAllSystems>g__FilterSystemType|1(Type) (at E:\Work-Spatial\SpatialOS-GDK-GitHub\gdk-for-unity-dino-park\workers\unity\Library\PackageCache\com.unity.entities@0.0.12-preview.33\Unity.Entities.Hybrid\Injection\DefaultWorldInitialization.cs:217)
System.Linq.WhereArrayIterator`1:MoveNext()
System.Collections.Generic.List`1:InsertRange(Int32, IEnumerable`1)
System.Collections.Generic.List`1:AddRange(IEnumerable`1)
Unity.Entities.DefaultWorldInitialization:GetAllSystems(WorldSystemFilterFlags) (at E:\Work-Spatial\SpatialOS-GDK-GitHub\gdk-for-unity-dino-park\workers\unity\Library\PackageCache\com.unity.entities@0.0.12-preview.33\Unity.Entities.Hybrid\Injection\DefaultWorldInitialization.cs:248)
Unity.Entities.DefaultWorldInitialization:Initialize(String, Boolean) (at E:\Work-Spatial\SpatialOS-GDK-GitHub\gdk-for-unity-dino-park\workers\unity\Library\PackageCache\com.unity.entities@0.0.12-preview.33\Unity.Entities.Hybrid\Injection\DefaultWorldInitialization.cs:53)
Unity.Entities.AutomaticWorldBootstrap:Initialize() (at E:\Work-Spatial\SpatialOS-GDK-GitHub\gdk-for-unity-dino-park\workers\unity\Library\PackageCache\com.unity.entities@0.0.12-preview.33\Unity.Entities.Hybrid\Injection\AutomaticWorldBootstrap.cs:11)
 
(Filename: E:/Work-Spatial/SpatialOS-GDK-GitHub/gdk-for-unity-dino-park/workers/unity/Library/PackageCache/com.unity.entities@0.0.12-preview.33/Unity.Entities/Stubs/Unity/Debug.cs Line: 15)

Setting up 6 worker threads for Enlighten.
  Thread -> id: 458c -> priority: 1 
  Thread -> id: 41bc -> priority: 1 
  Thread -> id: 4a20 -> priority: 1 
  Thread -> id: 49f0 -> priority: 1 
  Thread -> id: 87c -> priority: 1 
  Thread -> id: 1eb8 -> priority: 1 
##utp:{"type":"MemoryLeaks","version":2,"phase":"Immediate","time":1564040984739,"processId":6404,"allocatedMemory":12176,"memoryLabels":[{"Default":1048},{"NewDelete":572},{"Thread":-48},{"Manager":320},{"VertexData":672},{"GfxDevice":976},{"Audio":136},{"Physics":32},{"Serialization":40},{"Terrain":88},{"String":1812},{"DynamicArray":872},{"PoolAlloc":-88},{"ScriptManager":2928},{"VR":888},{"SceneManager":288},{"NativeArray":1632},{"Secure":8}]}
