debug Enabling plugins for supported SDK version '13.7.1-gdk-for-unity' [cli-version: 20190716.180855.e054805213] [timestamp: 2019-07-27T23:36:37+08:00]
debug using local event logger [cli-version: 20190716.180855.e054805213] [timestamp: 2019-07-27T23:36:37+08:00]
debug starting wrapper services endpoint [cli-version: 20190716.180855.e054805213] [timestamp: 2019-07-27T23:36:37+08:00]
debug health-check message from wrapper service received [cli-version: 20190716.180855.e054805213] [timestamp: 2019-07-27T23:36:37+08:00]
debug wrapper service started successfully in 3.9979ms after 1 attempt(s) [cli-version: 20190716.180855.e054805213] [timestamp: 2019-07-27T23:36:37+08:00]
debug Importing the SDK plugin for project SDK version '13.7.1-gdk-for-unity'. [cli-version: 20190716.180855.e054805213] [timestamp: 2019-07-27T23:36:37+08:00]
debug Retrieved the plugin commands from cache. [cli-version: 20190716.180855.e054805213] [timestamp: 2019-07-27T23:36:37+08:00]
debug Adding new command: 'build'. [cli-version: 20190716.180855.e054805213] [timestamp: 2019-07-27T23:36:37+08:00]
debug Adding new command: 'clean'. [cli-version: 20190716.180855.e054805213] [timestamp: 2019-07-27T23:36:37+08:00]
debug Adding new command: 'codegen'. [cli-version: 20190716.180855.e054805213] [timestamp: 2019-07-27T23:36:37+08:00]
debug Adding new command: 'diagnose'. [cli-version: 20190716.180855.e054805213] [timestamp: 2019-07-27T23:36:37+08:00]
debug Adding new command: 'exec'. [cli-version: 20190716.180855.e054805213] [timestamp: 2019-07-27T23:36:37+08:00]
debug Adding new command: 'file'. [cli-version: 20190716.180855.e054805213] [timestamp: 2019-07-27T23:36:37+08:00]
debug Not changing existing command as imported command does not have an implementation: 'local'. [cli-version: 20190716.180855.e054805213] [timestamp: 2019-07-27T23:36:37+08:00]
debug Not changing existing command as imported command does not have an implementation: 'worker'. [cli-version: 20190716.180855.e054805213] [timestamp: 2019-07-27T23:36:37+08:00]
debug Adding new command: 'launch'. [cli-version: 20190716.180855.e054805213] [timestamp: 2019-07-27T23:36:37+08:00]
debug Adding aliases to 'package' command: worker_package [cli-version: 20190716.180855.e054805213] [timestamp: 2019-07-27T23:36:37+08:00]
debug Adding new command: 'clean'. [cli-version: 20190716.180855.e054805213] [timestamp: 2019-07-27T23:36:37+08:00]
debug Adding new command: 'unpack'. [cli-version: 20190716.180855.e054805213] [timestamp: 2019-07-27T23:36:37+08:00]
debug Adding new command: 'unpack-to'. [cli-version: 20190716.180855.e054805213] [timestamp: 2019-07-27T23:36:37+08:00]
debug Adding new command: 'prepare-for-run'. [cli-version: 20190716.180855.e054805213] [timestamp: 2019-07-27T23:36:37+08:00]
debug Not changing existing command as imported command does not have an implementation: 'project'. [cli-version: 20190716.180855.e054805213] [timestamp: 2019-07-27T23:36:37+08:00]
debug Not changing existing command as imported command does not have an implementation: 'history'. [cli-version: 20190716.180855.e054805213] [timestamp: 2019-07-27T23:36:37+08:00]
debug Not changing existing command as imported command does not have an implementation: 'snapshot'. [cli-version: 20190716.180855.e054805213] [timestamp: 2019-07-27T23:36:37+08:00]
debug Adding new command: 'convert'. [cli-version: 20190716.180855.e054805213] [timestamp: 2019-07-27T23:36:37+08:00]
debug Adding new command: 'schema'. [cli-version: 20190716.180855.e054805213] [timestamp: 2019-07-27T23:36:37+08:00]
debug Adding new command: 'setup'. [cli-version: 20190716.180855.e054805213] [timestamp: 2019-07-27T23:36:37+08:00]
debug Adding new command: 'worker'. [cli-version: 20190716.180855.e054805213] [timestamp: 2019-07-27T23:36:37+08:00]
debug Executing command: D:\improbable\spatial\spatial.exe local launch --enable_pre_run_check=false [cli-version: 20190716.180855.e054805213] [timestamp: 2019-07-27T23:36:37+08:00]
warning A newer version of spatial is available. Run 'spatial update' to get the latest version.
For more information, see https://docs.improbable.io/reference/latest/shared/release-policy#spatial-cli-releases [cli-version: 20190716.180855.e054805213] [timestamp: 2019-07-27T23:36:42+08:00]
debug checking cache location at 'C:\Users\DELL\AppData\Local\.improbable\cache\worker_package\1.8.0_161\jre\jre-win64.zip' [cli-version: 20190716.180855.e054805213] [timestamp: 2019-07-27T23:36:42+08:00]
debug package was found in the cache [cli-version: 20190716.180855.e054805213] [timestamp: 2019-07-27T23:36:42+08:00]
debug Using magic DPL config provided at 'default_launch.json'. [cli-version: 20190716.180855.e054805213] [timestamp: 2019-07-27T23:36:44+08:00]
debug Got expired or invalid access token &{eyJhbGciOiJSUzM4NCIsImtpZCI6IjAwMDQifQ.eyJzdWIiOiI2MTM5MjQ4OTA2ODYyNTkyIiwiZXhwIjoxNTYzOTgzNjAxLCJqdGkiOiJlOTEyYzdmMi03MGZjLTQ3NGUtYjE1Mi00YjIwNTU0YzJiNGIiLCJzY29wZSI6IlsqXTpvcmcvYmV0YV9tYXJ5bGFuZF9udXRzXzM1Mi8qIFsqXTpwcmovYmV0YV9tYXJ5bGFuZF9udXRzXzM1Mi8qIFtnLHJdOnNydi8qIiwidXNlcl9pbmZvIjp7ImFjY291bnRfaWQiOjYxMzkyNDg5MDY4NjI1OTIsInNlcnZpY2VfYWNjb3VudF9pZCI6MCwidXNlcl9pZCI6IiIsInByb3ZpZGVyX3VpZCI6IiIsInByb3ZpZGVyIjoibWljcm9zb2Z0IiwibmFtZSI6IiIsImVtYWlsIjoibGl1Z2FuZzIwMDZAaG90bWFpbC5jb20iLCJwaWN0dXJlX3VybCI6Imh0dHBzOi8vYXZhdGFyczEuZ2l0aHVidXNlcmNvbnRlbnQuY29tL3UvNTE4MTUxMzM_dj00IiwidXNlcm5hbWUiOiIiLCJvcmdhbmlzYXRpb25faWQiOjY0MDMwNTkwNTIxODM1NTJ9fQ.LsZutqCWnop89K1Ldo178c6BmVmfXZ9E66hgBTQKRS7IB7nyqzPzGsRd9UPMvWuKtqB20PDxLrtvcUT4wHL6wx94MGeqTzO1bufsUn1J_-2glcls81QQzJWcPdKL5t7hfn9JPSB0Rjro80ydCHmbeIv_G9MjimOgFBevTj8gyNo Bearer  2019-07-24 23:53:19.4509261 +0800 CST <nil>} from cache [cli-version: 20190716.180855.e054805213][@tags: cached_refresh_token_source] [timestamp: 2019-07-27T23:36:46+08:00]
debug Fetching auth code using code url https://auth.improbable.io/auth/v1/authorize?client_id=improbable_cli_client_go&redirect_uri=http%3A%2F%2Flocalhost%3A12000%2Fauthcode&response_type=code&scope=%5B%2A%5D%3A%2A [@tags: cached_refresh_token_source][cli-version: 20190716.180855.e054805213] [timestamp: 2019-07-27T23:36:48+08:00]
debug Starting auth code listener for auth url "https://auth.improbable.io/auth/v1/authorize?client_id=improbable_cli_client_go&redirect_uri=http%3A%2F%2Flocalhost%3A12000%2Fauthcode&response_type=code&scope=%5B%2A%5D%3A%2A" [cli-version: 20190716.180855.e054805213] [timestamp: 2019-07-27T23:36:48+08:00]
info Visiting url: https://auth.improbable.io/auth/v1/authorize?client_id=improbable_cli_client_go&redirect_uri=http%3A%2F%2Flocalhost%3A12000%2Fauthcode&response_type=code&scope=%5B%2A%5D%3A%2A [cli-version: 20190716.180855.e054805213] [timestamp: 2019-07-27T23:36:49+08:00]
debug Auth code server got GET /authcode?code=eyJhbGciOiJSU0EtT0FFUCIsImVuYyI6IkEyNTZHQ00iLCJraWQiOiIwMDA0IiwiemlwIjoiREVGIn0.V2hsaR0XCzVLFOXP0Zup3xlttt6Fk4DkkWyTC86SIV7HoXMBhr-S6PxcbXAaduaCmnE_BE32K122fJXSI7NvuTO9BxdXHyQ_3SOZ9WG_RQwRNpHybfr3DkUM35q7a_38RplgmJ53kwmjbhmwmbhS7bO21uxcrfcukBV47tPQ2qg.fMHZ2WQu4GbYsi-Z.V8zEuTr4EAnLrqpqOxCqggGYoRUclSWsNo-lM-CDE8ZGFSr4jivfKKFtFNlW5wpUntKRGMy8jNLZliGqe6ZcgBpgaM5q0ag7HJpbfShmIhMezf2UjBMdGBVy_kRNyeHnj5L4zhU0JR-4HdESV3OoMGFg0ySGj6fvXzI5EdesUZZ107yj_xIQBUG7yxtzUjNaPLAJEJnsPsakcci-WvE0HCHysT6oNrwtvHGbq-X5CQp-bPvtDuGsIMGN4HZEDx3SvwZH-w_rDUoklsW0JV0d50SZQgQWxLM-eYzeK5BQmF_TwcgYp07wGdPGvl0w3sRYc3XGh4lkaioxlgxj1MA7I15nPdY6GoAoCT-5igstPnuljEkjHw8exGAnSSjml5S-SvBdLKxltnpPhFRkYNIO0N7LDcsRUZxLnhhy1mtJfr-eX60qEyAE1hY6tcThCfTcTuJqFmmy0t8b8wfKTAdT.Iw84XsfP9Cy5bq2gvcpEOQ&state= [cli-version: 20190716.180855.e054805213] [timestamp: 2019-07-27T23:36:54+08:00]
debug Got expired or invalid access token &{eyJhbGciOiJSUzM4NCIsImtpZCI6IjAwMDQifQ.eyJzdWIiOiI2MTM5MjQ4OTA2ODYyNTkyIiwiZXhwIjoxNTYzOTgzNjAxLCJqdGkiOiJlOTEyYzdmMi03MGZjLTQ3NGUtYjE1Mi00YjIwNTU0YzJiNGIiLCJzY29wZSI6IlsqXTpvcmcvYmV0YV9tYXJ5bGFuZF9udXRzXzM1Mi8qIFsqXTpwcmovYmV0YV9tYXJ5bGFuZF9udXRzXzM1Mi8qIFtnLHJdOnNydi8qIiwidXNlcl9pbmZvIjp7ImFjY291bnRfaWQiOjYxMzkyNDg5MDY4NjI1OTIsInNlcnZpY2VfYWNjb3VudF9pZCI6MCwidXNlcl9pZCI6IiIsInByb3ZpZGVyX3VpZCI6IiIsInByb3ZpZGVyIjoibWljcm9zb2Z0IiwibmFtZSI6IiIsImVtYWlsIjoibGl1Z2FuZzIwMDZAaG90bWFpbC5jb20iLCJwaWN0dXJlX3VybCI6Imh0dHBzOi8vYXZhdGFyczEuZ2l0aHVidXNlcmNvbnRlbnQuY29tL3UvNTE4MTUxMzM_dj00IiwidXNlcm5hbWUiOiIiLCJvcmdhbmlzYXRpb25faWQiOjY0MDMwNTkwNTIxODM1NTJ9fQ.LsZutqCWnop89K1Ldo178c6BmVmfXZ9E66hgBTQKRS7IB7nyqzPzGsRd9UPMvWuKtqB20PDxLrtvcUT4wHL6wx94MGeqTzO1bufsUn1J_-2glcls81QQzJWcPdKL5t7hfn9JPSB0Rjro80ydCHmbeIv_G9MjimOgFBevTj8gyNo Bearer  2019-07-24 23:53:19.4509261 +0800 CST <nil>} from cache [cli-version: 20190716.180855.e054805213][@tags: cached_refresh_token_source] [timestamp: 2019-07-27T23:36:57+08:00]
warning Could not resolve up-to-date deployment template, trying to use cached one. This could be caused by unstable network connection or SpatialOS account login failure. [cli-version: 20190716.180855.e054805213][error: code = DeadlineExceeded desc = Failed to generate deployment configuration][stack: {code = DeadlineExceeded desc = Failed to generate deployment configuration}
{code = DeadlineExceeded desc = context deadline exceeded}] [timestamp: 2019-07-27T23:36:58+08:00]
info SpatialOS will launch from snapshot file 'D:\work\gdk-for-unity-dino-park\snapshots\default.snapshot'. [cli-version: 20190716.180855.e054805213] [timestamp: 2019-07-27T23:36:59+08:00]
debug Using 'two-gsim-one-jvm' for project id 'unity_gdk' [cli-version: 20190716.180855.e054805213] [timestamp: 2019-07-27T23:36:59+08:00]
debug Latest manifest version: 2019-07-24-1457-5e16226b2d [cli-version: 20190716.180855.e054805213] [timestamp: 2019-07-27T23:37:00+08:00]
debug Fetching manifest: https://console.improbable.io/api/local-inspector/v1/manifest [cli-version: 20190716.180855.e054805213] [timestamp: 2019-07-27T23:37:00+08:00]
debug Manifest retrieved. Now fetching 55 assets [cli-version: 20190716.180855.e054805213] [timestamp: 2019-07-27T23:37:01+08:00]
