debug Enabling plugins for supported SDK version '13.7.1-gdk-for-unity' [cli-version: 20190724.082439.ce7ba70f56] [timestamp: 2019-07-28T00:00:10+08:00]
debug using local event logger [cli-version: 20190724.082439.ce7ba70f56] [timestamp: 2019-07-28T00:00:10+08:00]
debug starting wrapper services endpoint [cli-version: 20190724.082439.ce7ba70f56] [timestamp: 2019-07-28T00:00:10+08:00]
debug health-check message from wrapper service received [cli-version: 20190724.082439.ce7ba70f56] [timestamp: 2019-07-28T00:00:10+08:00]
debug wrapper service started successfully in 3.998ms after 1 attempt(s) [cli-version: 20190724.082439.ce7ba70f56] [timestamp: 2019-07-28T00:00:10+08:00]
debug Importing the SDK plugin for project SDK version '13.7.1-gdk-for-unity'. [cli-version: 20190724.082439.ce7ba70f56] [timestamp: 2019-07-28T00:00:10+08:00]
debug Retrieved the plugin commands from cache. [cli-version: 20190724.082439.ce7ba70f56] [timestamp: 2019-07-28T00:00:10+08:00]
debug Adding new command: 'build'. [cli-version: 20190724.082439.ce7ba70f56] [timestamp: 2019-07-28T00:00:10+08:00]
debug Adding new command: 'clean'. [cli-version: 20190724.082439.ce7ba70f56] [timestamp: 2019-07-28T00:00:10+08:00]
debug Adding new command: 'codegen'. [cli-version: 20190724.082439.ce7ba70f56] [timestamp: 2019-07-28T00:00:10+08:00]
debug Adding new command: 'diagnose'. [cli-version: 20190724.082439.ce7ba70f56] [timestamp: 2019-07-28T00:00:10+08:00]
debug Adding new command: 'exec'. [cli-version: 20190724.082439.ce7ba70f56] [timestamp: 2019-07-28T00:00:10+08:00]
debug Adding new command: 'file'. [cli-version: 20190724.082439.ce7ba70f56] [timestamp: 2019-07-28T00:00:10+08:00]
debug Not changing existing command as imported command does not have an implementation: 'local'. [cli-version: 20190724.082439.ce7ba70f56] [timestamp: 2019-07-28T00:00:10+08:00]
debug Not changing existing command as imported command does not have an implementation: 'worker'. [cli-version: 20190724.082439.ce7ba70f56] [timestamp: 2019-07-28T00:00:10+08:00]
debug Adding new command: 'launch'. [cli-version: 20190724.082439.ce7ba70f56] [timestamp: 2019-07-28T00:00:10+08:00]
debug Adding aliases to 'package' command: worker_package [cli-version: 20190724.082439.ce7ba70f56] [timestamp: 2019-07-28T00:00:10+08:00]
debug Adding new command: 'clean'. [cli-version: 20190724.082439.ce7ba70f56] [timestamp: 2019-07-28T00:00:10+08:00]
debug Adding new command: 'unpack'. [cli-version: 20190724.082439.ce7ba70f56] [timestamp: 2019-07-28T00:00:10+08:00]
debug Adding new command: 'unpack-to'. [cli-version: 20190724.082439.ce7ba70f56] [timestamp: 2019-07-28T00:00:10+08:00]
debug Adding new command: 'prepare-for-run'. [cli-version: 20190724.082439.ce7ba70f56] [timestamp: 2019-07-28T00:00:10+08:00]
debug Not changing existing command as imported command does not have an implementation: 'project'. [cli-version: 20190724.082439.ce7ba70f56] [timestamp: 2019-07-28T00:00:10+08:00]
debug Not changing existing command as imported command does not have an implementation: 'history'. [cli-version: 20190724.082439.ce7ba70f56] [timestamp: 2019-07-28T00:00:10+08:00]
debug Not changing existing command as imported command does not have an implementation: 'snapshot'. [cli-version: 20190724.082439.ce7ba70f56] [timestamp: 2019-07-28T00:00:10+08:00]
debug Adding new command: 'convert'. [cli-version: 20190724.082439.ce7ba70f56] [timestamp: 2019-07-28T00:00:10+08:00]
debug Adding new command: 'schema'. [cli-version: 20190724.082439.ce7ba70f56] [timestamp: 2019-07-28T00:00:10+08:00]
debug Adding new command: 'setup'. [cli-version: 20190724.082439.ce7ba70f56] [timestamp: 2019-07-28T00:00:10+08:00]
debug Adding new command: 'worker'. [cli-version: 20190724.082439.ce7ba70f56] [timestamp: 2019-07-28T00:00:10+08:00]
debug Executing command: D:\improbable\spatial\spatial.exe local launch --enable_pre_run_check=false [cli-version: 20190724.082439.ce7ba70f56] [timestamp: 2019-07-28T00:00:10+08:00]
debug checking cache location at 'C:\Users\DELL\AppData\Local\.improbable\cache\worker_package\1.8.0_161\jre\jre-win64.zip' [cli-version: 20190724.082439.ce7ba70f56] [timestamp: 2019-07-28T00:00:11+08:00]
debug package was found in the cache [cli-version: 20190724.082439.ce7ba70f56] [timestamp: 2019-07-28T00:00:11+08:00]
debug Using magic DPL config provided at 'default_launch.json'. [cli-version: 20190724.082439.ce7ba70f56] [timestamp: 2019-07-28T00:00:14+08:00]
debug Got expired or invalid access token &{eyJhbGciOiJSUzM4NCIsImtpZCI6IjAwMDQifQ.eyJzdWIiOiI2MTM5MjQ4OTA2ODYyNTkyIiwiZXhwIjoxNTY0MjQzMDE3LCJqdGkiOiI1MTdiMjBkNC05MTAzLTQzMmUtYjQ2OS01NDJjNmM1MTc1N2EiLCJzY29wZSI6IlsqXTpvcmcvYmV0YV9tYXJ5bGFuZF9udXRzXzM1Mi8qIFsqXTpwcmovYmV0YV9tYXJ5bGFuZF9udXRzXzM1Mi8qIFtnLHJdOnNydi8qIiwidXNlcl9pbmZvIjp7ImFjY291bnRfaWQiOjYxMzkyNDg5MDY4NjI1OTIsInNlcnZpY2VfYWNjb3VudF9pZCI6MCwidXNlcl9pZCI6IiIsInByb3ZpZGVyX3VpZCI6IiIsInByb3ZpZGVyIjoibWljcm9zb2Z0IiwibmFtZSI6IiIsImVtYWlsIjoibGl1Z2FuZzIwMDZAaG90bWFpbC5jb20iLCJwaWN0dXJlX3VybCI6Imh0dHBzOi8vYXZhdGFyczEuZ2l0aHVidXNlcmNvbnRlbnQuY29tL3UvNTE4MTUxMzM_dj00IiwidXNlcm5hbWUiOiIiLCJvcmdhbmlzYXRpb25faWQiOjY0MDMwNTkwNTIxODM1NTJ9fQ.vcct-S3IGjqjEUAysBS37sBJFRi2NM1aQOYHJ-CC_R0HsMJ630d7RxShReSZzOjd1_agb63fHBpuMLr4IAflDViv-skdFKIcn5HmAextUf9UMwG0YrV8_pywEwsqSAh-fels_5V_aaOwSRO6G5lUH_OaQ_IjiU3Vtj6VZpK6GTc Bearer  2019-07-27 23:56:58.9792236 +0800 CST <nil>} from cache [cli-version: 20190724.082439.ce7ba70f56][@tags: cached_refresh_token_source] [timestamp: 2019-07-28T00:00:14+08:00]
info SpatialOS will launch from snapshot file 'D:\work\gdk-for-unity-dino-park\snapshots\default.snapshot'. [cli-version: 20190724.082439.ce7ba70f56] [timestamp: 2019-07-28T00:00:17+08:00]
debug Using 'two-gsim-one-jvm' for project id 'unity_gdk' [cli-version: 20190724.082439.ce7ba70f56] [timestamp: 2019-07-28T00:00:17+08:00]
debug Latest manifest version: 2019-07-24-1457-5e16226b2d [cli-version: 20190724.082439.ce7ba70f56] [timestamp: 2019-07-28T00:00:22+08:00]
debug Fetching manifest: https://console.improbable.io/api/local-inspector/v1/manifest [cli-version: 20190724.082439.ce7ba70f56] [timestamp: 2019-07-28T00:00:22+08:00]
debug Manifest retrieved. Now fetching 55 assets [cli-version: 20190724.082439.ce7ba70f56] [timestamp: 2019-07-28T00:00:23+08:00]
debug Writing latest.json with version: 2019-07-26-1612-784af7853f [cli-version: 20190724.082439.ce7ba70f56] [timestamp: 2019-07-28T00:00:58+08:00]
debug Removing outdated inspector version: 2019-07-24-1457-5e16226b2d [cli-version: 20190724.082439.ce7ba70f56] [timestamp: 2019-07-28T00:00:58+08:00]
debug Latest manifest version: 2019-07-24-1457-5e16226b2d [cli-version: 20190724.082439.ce7ba70f56] [timestamp: 2019-07-28T00:00:58+08:00]
debug Fetching manifest: https://console.improbable.io/api/local-inspector/v2/manifest [cli-version: 20190724.082439.ce7ba70f56] [timestamp: 2019-07-28T00:00:58+08:00]
debug Manifest retrieved. Now fetching 62 assets [cli-version: 20190724.082439.ce7ba70f56] [timestamp: 2019-07-28T00:00:58+08:00]
debug Writing latest.json with version: 2019-07-26-1612-784af7853f [cli-version: 20190724.082439.ce7ba70f56] [timestamp: 2019-07-28T00:01:20+08:00]
debug Removing outdated inspector version: 2019-07-24-1457-5e16226b2d [cli-version: 20190724.082439.ce7ba70f56] [timestamp: 2019-07-28T00:01:20+08:00]
debug SpatialOS preparing setup [cli-version: 20190724.082439.ce7ba70f56] [timestamp: 2019-07-28T00:01:20+08:00]
info SpatialOS starting. [cli-version: 20190724.082439.ce7ba70f56] [timestamp: 2019-07-28T00:01:21+08:00]
debug starting fabric node master [cli-version: 20190724.082439.ce7ba70f56] [timestamp: 2019-07-28T00:01:21+08:00]
debug Will invoke java binary at C:\Users\DELL\AppData\Local\Temp\improbable_extracted_packages\87f6ffea625d605fb00b9f17d59d350f/bin/java.exe [cli-version: 20190724.082439.ce7ba70f56] [timestamp: 2019-07-28T00:01:21+08:00]
debug Registered fabric nanny dns entries [cli-version: 20190724.082439.ce7ba70f56] [timestamp: 2019-07-28T00:01:21+08:00]
debug master node elected with ip(127.0.0.1) current node ip(127.0.0.1) [cli-version: 20190724.082439.ce7ba70f56] [timestamp: 2019-07-28T00:01:23+08:00]
debug fetched java params from etcd [cli-version: 20190724.082439.ce7ba70f56] [timestamp: 2019-07-28T00:01:23+08:00]
debug fabric classpath size: 1 [cli-version: 20190724.082439.ce7ba70f56] [timestamp: 2019-07-28T00:01:23+08:00]
debug user classpath size: 0 [cli-version: 20190724.082439.ce7ba70f56] [timestamp: 2019-07-28T00:01:23+08:00]
debug Starting fabric with args [C:\Users\DELL\AppData\Local\Temp\improbable_extracted_packages\87f6ffea625d605fb00b9f17d59d350f/bin/java.exe -XX:+PreserveFramePointer -XX:+UnlockExperimentalVMOptions -XX:+UseG1GC -XX:G1NewSizePercent=25 -XX:G1MaxNewSizePercent=75 -XX:MaxGCPauseMillis=10 -Xmx6350M -Xms1058M -DSERVICE_ACCOUNT_REFRESH_TOKEN=some_refresh_token -DFABRIC_LOG_LEVEL=WARN -DNET_IMPROBABLE_ASSETS_DIR=D:\work\gdk-for-unity-dino-park\build\assembly -Dlogback.configurationFile=/improbable/logs/log_config.xml -DAPPDATA=/improbable/logs/fsim -DPROPERTY_EXTERNAL_IP=127.0.0.1 -DPROPERTY_INTERNAL_IP=127.0.0.1 -DPROPERTY_ASSET_DATABASE_URL=http://127.0.0.1:1238 -DLOGSINK_ADDRESS=http://localhost:22000 -DFABRIC_LOG_DIRECTORY=D:\work\gdk-for-unity-dino-park\logs\2019-07-28_00-00-11 -DMANAGED_WORKER_LOGFILE_DIRECTORY=D:\work\gdk-for-unity-dino-park\logs\2019-07-28_00-00-11\workers -classpath C:\Users\DELL\AppData\Local\Temp\fabric_bundles\11-20190724T103728Z-6547040/runtime_deploy.jar improbable.deployment.GameLauncher --auth_server_base_url=http://127.0.0.1:21000 --deployment_name=local --deployment_node=master --deployment_project=unity_gdk --thor_grpc_use_tls=false --node_name=master --thor_grpc_tls_host=127.0.0.1 --thor_grpc_tls_port=22000 --deployment_assembly_name=local_assembly --fabric_public_ip=127.0.0.1 --controller_grpc_host=127.0.0.1 --controller_grpc_port=22000] [cli-version: 20190724.082439.ce7ba70f56] [timestamp: 2019-07-28T00:01:23+08:00]
debug trying to health check fabric node master [cli-version: 20190724.082439.ce7ba70f56] [timestamp: 2019-07-28T00:01:23+08:00]
debug error waiting for fabric node master to become healthy after 0 retries [cli-version: 20190724.082439.ce7ba70f56] [timestamp: 2019-07-28T00:01:23+08:00]
debug JVM process id: 17680 [cli-version: 20190724.082439.ce7ba70f56] [timestamp: 2019-07-28T00:01:24+08:00]
debug trying to health check fabric node master [cli-version: 20190724.082439.ce7ba70f56] [timestamp: 2019-07-28T00:01:25+08:00]
debug error waiting for fabric node master to become healthy after 1 retries [cli-version: 20190724.082439.ce7ba70f56] [timestamp: 2019-07-28T00:01:25+08:00]
debug trying to health check fabric node master [cli-version: 20190724.082439.ce7ba70f56] [timestamp: 2019-07-28T00:01:27+08:00]
debug error waiting for fabric node master to become healthy after 2 retries [cli-version: 20190724.082439.ce7ba70f56] [timestamp: 2019-07-28T00:01:27+08:00]
debug trying to health check fabric node master [cli-version: 20190724.082439.ce7ba70f56] [timestamp: 2019-07-28T00:01:29+08:00]
debug error waiting for fabric node master to become healthy after 3 retries [cli-version: 20190724.082439.ce7ba70f56] [timestamp: 2019-07-28T00:01:29+08:00]
debug trying to health check fabric node master [cli-version: 20190724.082439.ce7ba70f56] [timestamp: 2019-07-28T00:01:31+08:00]
debug error waiting for fabric node master to become healthy after 4 retries [cli-version: 20190724.082439.ce7ba70f56] [timestamp: 2019-07-28T00:01:31+08:00]
debug trying to health check fabric node master [cli-version: 20190724.082439.ce7ba70f56] [timestamp: 2019-07-28T00:01:33+08:00]
debug error waiting for fabric node master to become healthy after 5 retries [cli-version: 20190724.082439.ce7ba70f56] [timestamp: 2019-07-28T00:01:33+08:00]
info [improbable.module.ModuleNode] Using the new Runtime including new bridge, load balancer, and entity database. [cli-version: 20190724.082439.ce7ba70f56] [timestamp: 2019-07-28T00:01:34+08:00]
debug trying to health check fabric node master [cli-version: 20190724.082439.ce7ba70f56] [timestamp: 2019-07-28T00:01:35+08:00]
debug error waiting for fabric node master to become healthy after 6 retries [cli-version: 20190724.082439.ce7ba70f56] [timestamp: 2019-07-28T00:01:35+08:00]
info [improbable.worker.assembly.WorkerAssemblyProviderFactory] Loaded worker assemblies for these workers types: MobileClient, UnityClient, UnityGameLogic. [cli-version: 20190724.082439.ce7ba70f56] [timestamp: 2019-07-28T00:01:37+08:00]
info [improbable.worker.assembly.WorkerAssemblyProvider] The following worker configurations do not contain valid managed launch configurations for the current platform WINDOWS, and the runtime will be unable to launch managed workers of this type: [MobileClient, UnityClient]. This is expected for worker types you intend to only connect manually. [cli-version: 20190724.082439.ce7ba70f56] [timestamp: 2019-07-28T00:01:37+08:00]
debug trying to health check fabric node master [cli-version: 20190724.082439.ce7ba70f56] [timestamp: 2019-07-28T00:01:37+08:00]
debug error waiting for fabric node master to become healthy after 7 retries [cli-version: 20190724.082439.ce7ba70f56] [timestamp: 2019-07-28T00:01:37+08:00]
info [improbable.module.ModuleNode] Snapshot analysed in 1.66s. [cli-version: 20190724.082439.ce7ba70f56] [timestamp: 2019-07-28T00:01:39+08:00]
debug trying to health check fabric node master [cli-version: 20190724.082439.ce7ba70f56] [timestamp: 2019-07-28T00:01:39+08:00]
debug error waiting for fabric node master to become healthy after 8 retries [cli-version: 20190724.082439.ce7ba70f56] [timestamp: 2019-07-28T00:01:39+08:00]
info [improbable.module.ModuleNode] Loading snapshot. [cli-version: 20190724.082439.ce7ba70f56] [timestamp: 2019-07-28T00:01:40+08:00]
debug trying to health check fabric node master [cli-version: 20190724.082439.ce7ba70f56] [timestamp: 2019-07-28T00:01:42+08:00]
debug error waiting for fabric node master to become healthy after 9 retries [cli-version: 20190724.082439.ce7ba70f56] [timestamp: 2019-07-28T00:01:42+08:00]
info [improbable.persistence.snapshot.SnapshotLoader] Loaded 5495 entities from snapshot, waiting for all of them to be created. [cli-version: 20190724.082439.ce7ba70f56] [timestamp: 2019-07-28T00:01:43+08:00]
info [improbable.module.ModuleNode] Snapshot has been successfully loaded in 2.47s. [cli-version: 20190724.082439.ce7ba70f56] [timestamp: 2019-07-28T00:01:43+08:00]
info [improbable.module.ModuleNode] SpatialOS runtime startup completed in 16.536s. [cli-version: 20190724.082439.ce7ba70f56] [timestamp: 2019-07-28T00:01:43+08:00]
debug trying to health check fabric node master [cli-version: 20190724.082439.ce7ba70f56] [timestamp: 2019-07-28T00:01:44+08:00]
debug fabric node master is ready [cli-version: 20190724.082439.ce7ba70f56] [timestamp: 2019-07-28T00:01:44+08:00]
info SpatialOS ready. [formatting_hints: category:SUCCESS duration:<seconds:23 nanos:852335100 > ][cli-version: 20190724.082439.ce7ba70f56] [timestamp: 2019-07-28T00:01:44+08:00]
info Access the Inspector at http://localhost:21000/inspector [formatting_hints: category:SUCCESS ][cli-version: 20190724.082439.ce7ba70f56] [timestamp: 2019-07-28T00:01:44+08:00]
info Access the new modular Inspector at http://localhost:21000/inspector-v2 [cli-version: 20190724.082439.ce7ba70f56][formatting_hints: category:SUCCESS ] [timestamp: 2019-07-28T00:01:44+08:00]
debug Registered fabric nanny dns entries [cli-version: 20190724.082439.ce7ba70f56] [timestamp: 2019-07-28T00:01:51+08:00]
info [improbable.receptionist.BridgeAllocator] Handling connection request for worker of type UnityGameLogic trying to log in: UnityGameLogic-3855b8f4-ea5f-4a45-9cfd-4ea10f6b1d78 [cli-version: 20190724.082439.ce7ba70f56] [timestamp: 2019-07-28T00:01:59+08:00]
info [improbable.bridge.service.lifecycle.BridgeLifecycleManager] The worker UnityGameLogic-3855b8f4-ea5f-4a45-9cfd-4ea10f6b1d78 connected to SpatialOS successfully. [cli-version: 20190724.082439.ce7ba70f56] [timestamp: 2019-07-28T00:02:04+08:00]
info [improbable.receptionist.BridgeAllocator] Handling connection request for worker of type UnityClient trying to log in: UnityClient-0eaacf9d-55d4-4ef3-b591-72531dd71f65 [cli-version: 20190724.082439.ce7ba70f56] [timestamp: 2019-07-28T00:02:08+08:00]
info [improbable.bridge.service.lifecycle.BridgeLifecycleManager] The worker UnityClient-0eaacf9d-55d4-4ef3-b591-72531dd71f65 connected to SpatialOS successfully. [cli-version: 20190724.082439.ce7ba70f56] [timestamp: 2019-07-28T00:02:09+08:00]
warning [improbable.bridge.v3.async.workerlogging.WorkerLogMessageHandler] [UnityClient-0eaacf9d-55d4-4ef3-b591-72531dd71f65:UnknownLogger] [UnityClient] Retrying player creation request, attempt 1.
'WorkerType': 'UnityClient' [cli-version: 20190724.082439.ce7ba70f56] [timestamp: 2019-07-28T00:02:15+08:00]
warning [improbable.bridge.v3.async.workerlogging.WorkerLogMessageHandler] [UnityClient-0eaacf9d-55d4-4ef3-b591-72531dd71f65:UnknownLogger] [UnityClient] Retrying player creation request, attempt 2.
'WorkerType': 'UnityClient' [cli-version: 20190724.082439.ce7ba70f56] [timestamp: 2019-07-28T00:02:20+08:00]
debug Registered fabric nanny dns entries [cli-version: 20190724.082439.ce7ba70f56] [timestamp: 2019-07-28T00:02:21+08:00]
warning [improbable.bridge.v3.async.workerlogging.WorkerLogMessageHandler] [UnityClient-0eaacf9d-55d4-4ef3-b591-72531dd71f65:UnknownLogger] [UnityClient] Retrying player creation request, attempt 3.
'WorkerType': 'UnityClient' [cli-version: 20190724.082439.ce7ba70f56] [timestamp: 2019-07-28T00:02:25+08:00]
warning [improbable.bridge.v3.async.workerlogging.WorkerLogMessageHandler] [UnityClient-0eaacf9d-55d4-4ef3-b591-72531dd71f65:UnknownLogger] [UnityClient] Retrying player creation request, attempt 4.
'WorkerType': 'UnityClient' [cli-version: 20190724.082439.ce7ba70f56] [timestamp: 2019-07-28T00:02:30+08:00]
warning [improbable.bridge.v3.async.workerlogging.WorkerLogMessageHandler] [UnityClient-0eaacf9d-55d4-4ef3-b591-72531dd71f65:UnknownLogger] [UnityClient] Retrying player creation request, attempt 5.
'WorkerType': 'UnityClient' [cli-version: 20190724.082439.ce7ba70f56] [timestamp: 2019-07-28T00:02:35+08:00]
error [improbable.bridge.v3.async.workerlogging.WorkerLogMessageHandler] [UnityClient-0eaacf9d-55d4-4ef3-b591-72531dd71f65:UnknownLogger] [UnityClient] Unable to create player after 6 attempts.
'WorkerType': 'UnityClient' [cli-version: 20190724.082439.ce7ba70f56] [timestamp: 2019-07-28T00:02:40+08:00]
debug Registered fabric nanny dns entries [cli-version: 20190724.082439.ce7ba70f56] [timestamp: 2019-07-28T00:02:51+08:00]
debug Registered fabric nanny dns entries [cli-version: 20190724.082439.ce7ba70f56] [timestamp: 2019-07-28T00:03:21+08:00]
debug Registered fabric nanny dns entries [cli-version: 20190724.082439.ce7ba70f56] [timestamp: 2019-07-28T00:03:51+08:00]
info [improbable.bridge.service.lifecycle.BridgeLifecycleManager] The worker UnityGameLogic-3855b8f4-ea5f-4a45-9cfd-4ea10f6b1d78 disconnected from SpatialOS with cause CONNECTION_CLOSED: REMOTE_SHUTDOWN: transport remote peer closed the connection [cli-version: 20190724.082439.ce7ba70f56] [timestamp: 2019-07-28T00:03:56+08:00]
info [improbable.bridge.service.lifecycle.BridgeLifecycleManager] The worker UnityClient-0eaacf9d-55d4-4ef3-b591-72531dd71f65 disconnected from SpatialOS with cause CONNECTION_CLOSED: LOCAL_SHUTDOWN: transport was shut down locally [cli-version: 20190724.082439.ce7ba70f56] [timestamp: 2019-07-28T00:03:56+08:00]
debug Registered fabric nanny dns entries [cli-version: 20190724.082439.ce7ba70f56] [timestamp: 2019-07-28T00:04:21+08:00]
debug Registered fabric nanny dns entries [cli-version: 20190724.082439.ce7ba70f56] [timestamp: 2019-07-28T00:04:51+08:00]
info [improbable.receptionist.BridgeAllocator] Handling connection request for worker of type UnityGameLogic trying to log in: UnityGameLogic-2c22f9d7-3d7b-4496-8a9e-e0ee2d06cb60 [cli-version: 20190724.082439.ce7ba70f56] [timestamp: 2019-07-28T00:05:06+08:00]
info [improbable.bridge.service.lifecycle.BridgeLifecycleManager] The worker UnityGameLogic-2c22f9d7-3d7b-4496-8a9e-e0ee2d06cb60 connected to SpatialOS successfully. [cli-version: 20190724.082439.ce7ba70f56] [timestamp: 2019-07-28T00:05:06+08:00]
info [improbable.receptionist.BridgeAllocator] Handling connection request for worker of type UnityClient trying to log in: UnityClient-0371f691-33d1-46a4-8151-fb53c9b296f7 [cli-version: 20190724.082439.ce7ba70f56] [timestamp: 2019-07-28T00:05:10+08:00]
info [improbable.bridge.service.lifecycle.BridgeLifecycleManager] The worker UnityClient-0371f691-33d1-46a4-8151-fb53c9b296f7 connected to SpatialOS successfully. [cli-version: 20190724.082439.ce7ba70f56] [timestamp: 2019-07-28T00:05:10+08:00]
warning [improbable.bridge.v3.async.workerlogging.WorkerLogMessageHandler] [UnityClient-0371f691-33d1-46a4-8151-fb53c9b296f7:UnknownLogger] [UnityClient] Retrying player creation request, attempt 1.
'WorkerType': 'UnityClient' [cli-version: 20190724.082439.ce7ba70f56] [timestamp: 2019-07-28T00:05:16+08:00]
debug Registered fabric nanny dns entries [cli-version: 20190724.082439.ce7ba70f56] [timestamp: 2019-07-28T00:05:21+08:00]
debug Registered fabric nanny dns entries [cli-version: 20190724.082439.ce7ba70f56] [timestamp: 2019-07-28T00:05:51+08:00]
debug Registered fabric nanny dns entries [cli-version: 20190724.082439.ce7ba70f56] [timestamp: 2019-07-28T00:06:21+08:00]
debug Registered fabric nanny dns entries [cli-version: 20190724.082439.ce7ba70f56] [timestamp: 2019-07-28T00:06:51+08:00]
debug Registered fabric nanny dns entries [cli-version: 20190724.082439.ce7ba70f56] [timestamp: 2019-07-28T00:07:21+08:00]
debug Registered fabric nanny dns entries [cli-version: 20190724.082439.ce7ba70f56] [timestamp: 2019-07-28T00:07:51+08:00]
debug Registered fabric nanny dns entries [cli-version: 20190724.082439.ce7ba70f56] [timestamp: 2019-07-28T00:08:21+08:00]
info [improbable.bridge.service.lifecycle.BridgeLifecycleManager] The worker UnityGameLogic-2c22f9d7-3d7b-4496-8a9e-e0ee2d06cb60 disconnected from SpatialOS with cause CONNECTION_CLOSED: REMOTE_SHUTDOWN: transport remote peer closed the connection [cli-version: 20190724.082439.ce7ba70f56] [timestamp: 2019-07-28T00:08:49+08:00]
info [improbable.bridge.service.lifecycle.BridgeLifecycleManager] The worker UnityClient-0371f691-33d1-46a4-8151-fb53c9b296f7 disconnected from SpatialOS with cause CONNECTION_CLOSED: REMOTE_SHUTDOWN: transport remote peer closed the connection [cli-version: 20190724.082439.ce7ba70f56] [timestamp: 2019-07-28T00:08:49+08:00]
debug Registered fabric nanny dns entries [cli-version: 20190724.082439.ce7ba70f56] [timestamp: 2019-07-28T00:08:51+08:00]
debug Registered fabric nanny dns entries [cli-version: 20190724.082439.ce7ba70f56] [timestamp: 2019-07-28T00:09:22+08:00]
debug Registered fabric nanny dns entries [cli-version: 20190724.082439.ce7ba70f56] [timestamp: 2019-07-28T00:09:52+08:00]
debug Registered fabric nanny dns entries [cli-version: 20190724.082439.ce7ba70f56] [timestamp: 2019-07-28T00:10:22+08:00]
debug Registered fabric nanny dns entries [cli-version: 20190724.082439.ce7ba70f56] [timestamp: 2019-07-28T00:10:52+08:00]
debug Registered fabric nanny dns entries [cli-version: 20190724.082439.ce7ba70f56] [timestamp: 2019-07-28T00:11:22+08:00]
debug Registered fabric nanny dns entries [cli-version: 20190724.082439.ce7ba70f56] [timestamp: 2019-07-28T00:11:52+08:00]
debug Registered fabric nanny dns entries [cli-version: 20190724.082439.ce7ba70f56] [timestamp: 2019-07-28T00:12:22+08:00]
debug Registered fabric nanny dns entries [cli-version: 20190724.082439.ce7ba70f56] [timestamp: 2019-07-28T00:12:52+08:00]
debug Registered fabric nanny dns entries [cli-version: 20190724.082439.ce7ba70f56] [timestamp: 2019-07-28T00:13:22+08:00]
debug Registered fabric nanny dns entries [cli-version: 20190724.082439.ce7ba70f56] [timestamp: 2019-07-28T00:13:52+08:00]
debug Registered fabric nanny dns entries [cli-version: 20190724.082439.ce7ba70f56] [timestamp: 2019-07-28T00:14:22+08:00]
debug Received shutdown signal: killed [cli-version: 20190724.082439.ce7ba70f56] [timestamp: 2019-07-28T00:14:26+08:00]
info Shutdown signal received from user, shutting down... [cli-version: 20190724.082439.ce7ba70f56] [timestamp: 2019-07-28T00:14:26+08:00]
debug Cleaning up local services [cli-version: 20190724.082439.ce7ba70f56] [timestamp: 2019-07-28T00:14:26+08:00]
debug Cleaning up local worker nanny service. [cli-version: 20190724.082439.ce7ba70f56] [timestamp: 2019-07-28T00:14:26+08:00]
debug JVM did not exit cleanly [cli-version: 20190724.082439.ce7ba70f56] [timestamp: 2019-07-28T00:14:27+08:00]
error spatial local services failed to stop: code = Internal desc = there were errors shutting down [cli-version: 20190724.082439.ce7ba70f56] [timestamp: 2019-07-28T00:14:30+08:00]
debug SpatialOS exited with an error after sending shutdown signal to JVM: {code = Internal desc = there were errors shutting down}
{code = Internal details = {
	{code = Internal desc = failed to signal JVM process to terminate}
	{code = Unknown desc = failed to kill the process tree associated with the command C:\Users\DELL\AppData\Local\Temp\improbable_extracted_packages\87f6ffea625d605fb00b9f17d59d350f/bin/java.exe C:\Users\DELL\AppData\Local\Temp\improbable_extracted_packages\87f6ffea625d605fb00b9f17d59d350f/bin/java.exe -XX:+PreserveFramePointer -XX:+UnlockExperimentalVMOptions -XX:+UseG1GC -XX:G1NewSizePercent=25 -XX:G1MaxNewSizePercent=75 -XX:MaxGCPauseMillis=10 -Xmx6350M -Xms1058M -DSERVICE_ACCOUNT_REFRESH_TOKEN=some_refresh_token -DFABRIC_LOG_LEVEL=WARN -DNET_IMPROBABLE_ASSETS_DIR=D:\work\gdk-for-unity-dino-park\build\assembly -Dlogback.configurationFile=/improbable/logs/log_config.xml -DAPPDATA=/improbable/logs/fsim -DPROPERTY_EXTERNAL_IP=127.0.0.1 -DPROPERTY_INTERNAL_IP=127.0.0.1 -DPROPERTY_ASSET_DATABASE_URL=http://127.0.0.1:1238 -DLOGSINK_ADDRESS=http://localhost:22000 -DFABRIC_LOG_DIRECTORY=D:\work\gdk-for-unity-dino-park\logs\2019-07-28_00-00-11 -DMANAGED_WORKER_LOGFILE_DIRECTORY=D:\work\gdk-for-unity-dino-park\logs\2019-07-28_00-00-11\workers -classpath C:\Users\DELL\AppData\Local\Temp\fabric_bundles\11-20190724T103728Z-6547040/runtime_deploy.jar improbable.deployment.GameLauncher --auth_server_base_url=http://127.0.0.1:21000 --deployment_name=local --deployment_node=master --deployment_project=unity_gdk --thor_grpc_use_tls=false --node_name=master --thor_grpc_tls_host=127.0.0.1 --thor_grpc_tls_port=22000 --deployment_assembly_name=local_assembly --fabric_public_ip=127.0.0.1 --controller_grpc_host=127.0.0.1 --controller_grpc_port=22000}
	{code = Unknown desc = exit status 128}}}. [cli-version: 20190724.082439.ce7ba70f56] [timestamp: 2019-07-28T00:14:30+08:00]
info SpatialOS terminated. [cli-version: 20190724.082439.ce7ba70f56] [timestamp: 2019-07-28T00:14:30+08:00]
error spatial local services failed to stop: code = Internal desc = there were errors shutting down [cli-version: 20190724.082439.ce7ba70f56] [timestamp: 2019-07-28T00:14:30+08:00]
