debug Enabling plugins for supported SDK version '13.7.1-gdk-for-unity' [cli-version: 20190724.082439.ce7ba70f56] [timestamp: 2019-07-27T23:57:51+08:00]
debug using local event logger [cli-version: 20190724.082439.ce7ba70f56] [timestamp: 2019-07-27T23:57:51+08:00]
debug starting wrapper services endpoint [cli-version: 20190724.082439.ce7ba70f56] [timestamp: 2019-07-27T23:57:51+08:00]
debug health-check message from wrapper service received [cli-version: 20190724.082439.ce7ba70f56] [timestamp: 2019-07-27T23:57:51+08:00]
debug wrapper service started successfully in 3.9994ms after 1 attempt(s) [cli-version: 20190724.082439.ce7ba70f56] [timestamp: 2019-07-27T23:57:51+08:00]
debug Importing the SDK plugin for project SDK version '13.7.1-gdk-for-unity'. [cli-version: 20190724.082439.ce7ba70f56] [timestamp: 2019-07-27T23:57:51+08:00]
debug Retrieved the plugin commands from cache. [cli-version: 20190724.082439.ce7ba70f56] [timestamp: 2019-07-27T23:57:51+08:00]
debug Adding new command: 'build'. [cli-version: 20190724.082439.ce7ba70f56] [timestamp: 2019-07-27T23:57:51+08:00]
debug Adding new command: 'clean'. [cli-version: 20190724.082439.ce7ba70f56] [timestamp: 2019-07-27T23:57:51+08:00]
debug Adding new command: 'codegen'. [cli-version: 20190724.082439.ce7ba70f56] [timestamp: 2019-07-27T23:57:51+08:00]
debug Adding new command: 'diagnose'. [cli-version: 20190724.082439.ce7ba70f56] [timestamp: 2019-07-27T23:57:51+08:00]
debug Adding new command: 'exec'. [cli-version: 20190724.082439.ce7ba70f56] [timestamp: 2019-07-27T23:57:51+08:00]
debug Adding new command: 'file'. [cli-version: 20190724.082439.ce7ba70f56] [timestamp: 2019-07-27T23:57:51+08:00]
debug Not changing existing command as imported command does not have an implementation: 'local'. [cli-version: 20190724.082439.ce7ba70f56] [timestamp: 2019-07-27T23:57:51+08:00]
debug Not changing existing command as imported command does not have an implementation: 'worker'. [cli-version: 20190724.082439.ce7ba70f56] [timestamp: 2019-07-27T23:57:51+08:00]
debug Adding new command: 'launch'. [cli-version: 20190724.082439.ce7ba70f56] [timestamp: 2019-07-27T23:57:51+08:00]
debug Adding aliases to 'package' command: worker_package [cli-version: 20190724.082439.ce7ba70f56] [timestamp: 2019-07-27T23:57:51+08:00]
debug Adding new command: 'clean'. [cli-version: 20190724.082439.ce7ba70f56] [timestamp: 2019-07-27T23:57:51+08:00]
debug Adding new command: 'unpack'. [cli-version: 20190724.082439.ce7ba70f56] [timestamp: 2019-07-27T23:57:51+08:00]
debug Adding new command: 'unpack-to'. [cli-version: 20190724.082439.ce7ba70f56] [timestamp: 2019-07-27T23:57:51+08:00]
debug Adding new command: 'prepare-for-run'. [cli-version: 20190724.082439.ce7ba70f56] [timestamp: 2019-07-27T23:57:51+08:00]
debug Not changing existing command as imported command does not have an implementation: 'project'. [cli-version: 20190724.082439.ce7ba70f56] [timestamp: 2019-07-27T23:57:51+08:00]
debug Not changing existing command as imported command does not have an implementation: 'history'. [cli-version: 20190724.082439.ce7ba70f56] [timestamp: 2019-07-27T23:57:51+08:00]
debug Not changing existing command as imported command does not have an implementation: 'snapshot'. [cli-version: 20190724.082439.ce7ba70f56] [timestamp: 2019-07-27T23:57:51+08:00]
debug Adding new command: 'convert'. [cli-version: 20190724.082439.ce7ba70f56] [timestamp: 2019-07-27T23:57:51+08:00]
debug Adding new command: 'schema'. [cli-version: 20190724.082439.ce7ba70f56] [timestamp: 2019-07-27T23:57:51+08:00]
debug Adding new command: 'setup'. [cli-version: 20190724.082439.ce7ba70f56] [timestamp: 2019-07-27T23:57:51+08:00]
debug Adding new command: 'worker'. [cli-version: 20190724.082439.ce7ba70f56] [timestamp: 2019-07-27T23:57:51+08:00]
debug Executing command: d:\improbable\spatial\spatial.exe file zip --output=D:\work\gdk-for-unity-dino-park\build\assembly\worker\UnityGameLogic@Windows --basePath=D:\work\gdk-for-unity-dino-park\workers\unity\build\worker\UnityGameLogic@Windows ** --compression=False [cli-version: 20190724.082439.ce7ba70f56] [timestamp: 2019-07-27T23:57:51+08:00]
debug Executing command: [C:\Users\DELL\AppData\Local\.improbable\bin\plugins\sdk\13.7.1-gdk-for-unity\sdk.exe file zip --basePath D:\work\gdk-for-unity-dino-park\workers\unity\build\worker\UnityGameLogic@Windows --compression=false --output D:\work\gdk-for-unity-dino-park\build\assembly\worker\UnityGameLogic@Windows --wrapper_service_port 1443 -- **]. [cli-version: 20190724.082439.ce7ba70f56] [timestamp: 2019-07-27T23:57:53+08:00]
debug Found project root at D:\work\gdk-for-unity-dino-park [cli-version: 20190724.082439.ce7ba70f56] [timestamp: 2019-07-27T23:57:53+08:00]
debug Running within a SpatialOS project, using the default input paths '[D:\work\gdk-for-unity-dino-park\schema D:\work\gdk-for-unity-dino-park\build\dependencies\schema\standard_library]' [cli-version: 20190724.082439.ce7ba70f56] [timestamp: 2019-07-27T23:57:53+08:00]
debug Executing '[C:\Users\DELL\AppData\Local\.improbable\bin\plugins\sdk\13.7.1-gdk-for-unity\sdk.exe file zip --basePath D:\work\gdk-for-unity-dino-park\workers\unity\build\worker\UnityGameLogic@Windows --compression=false --output D:\work\gdk-for-unity-dino-park\build\assembly\worker\UnityGameLogic@Windows --wrapper_service_port 1443 -- **]' in 'D:\work\gdk-for-unity-dino-park\workers\unity' [cli-version: 20190724.082439.ce7ba70f56] [timestamp: 2019-07-27T23:57:53+08:00]
debug Finding D:\work\gdk-for-unity-dino-park\workers\unity\build\worker\UnityGameLogic@Windows\** [cli-version: 20190724.082439.ce7ba70f56] [timestamp: 2019-07-27T23:57:53+08:00]
debug Wrote D:\work\gdk-for-unity-dino-park\build\assembly\worker\UnityGameLogic@Windows.zip [cli-version: 20190724.082439.ce7ba70f56] [timestamp: 2019-07-27T23:57:54+08:00]
info 'spatial file zip' succeeded [cli-version: 20190724.082439.ce7ba70f56][formatting_hints: category:SUCCESS duration:<nanos:342803200 > ] [timestamp: 2019-07-27T23:57:54+08:00]
debug wrapper services endpoint shut down gracefully [cli-version: 20190724.082439.ce7ba70f56] [timestamp: 2019-07-27T23:57:54+08:00]
