debug Enabling plugins for supported SDK version '13.7.1-gdk-for-unity' [cli-version: 20190716.180855.e054805213] [timestamp: 2019-07-25T15:48:53+08:00]
debug using local event logger [cli-version: 20190716.180855.e054805213] [timestamp: 2019-07-25T15:48:53+08:00]
debug Wrapper services will start on a non-default port (56224). [cli-version: 20190716.180855.e054805213] [timestamp: 2019-07-25T15:48:53+08:00]
debug starting wrapper services endpoint [cli-version: 20190716.180855.e054805213] [timestamp: 2019-07-25T15:48:53+08:00]
debug health-check message from wrapper service received [cli-version: 20190716.180855.e054805213] [timestamp: 2019-07-25T15:48:53+08:00]
debug wrapper service started successfully in 997.6µs after 1 attempt(s) [cli-version: 20190716.180855.e054805213] [timestamp: 2019-07-25T15:48:53+08:00]
debug Importing the SDK plugin for project SDK version '13.7.1-gdk-for-unity'. [cli-version: 20190716.180855.e054805213] [timestamp: 2019-07-25T15:48:53+08:00]
debug Retrieved the plugin commands from cache. [cli-version: 20190716.180855.e054805213] [timestamp: 2019-07-25T15:48:53+08:00]
debug Adding new command: 'build'. [cli-version: 20190716.180855.e054805213] [timestamp: 2019-07-25T15:48:53+08:00]
debug Adding new command: 'clean'. [cli-version: 20190716.180855.e054805213] [timestamp: 2019-07-25T15:48:53+08:00]
debug Adding new command: 'codegen'. [cli-version: 20190716.180855.e054805213] [timestamp: 2019-07-25T15:48:53+08:00]
debug Adding new command: 'diagnose'. [cli-version: 20190716.180855.e054805213] [timestamp: 2019-07-25T15:48:53+08:00]
debug Adding new command: 'exec'. [cli-version: 20190716.180855.e054805213] [timestamp: 2019-07-25T15:48:53+08:00]
debug Adding new command: 'file'. [cli-version: 20190716.180855.e054805213] [timestamp: 2019-07-25T15:48:53+08:00]
debug Not changing existing command as imported command does not have an implementation: 'local'. [cli-version: 20190716.180855.e054805213] [timestamp: 2019-07-25T15:48:53+08:00]
debug Not changing existing command as imported command does not have an implementation: 'worker'. [cli-version: 20190716.180855.e054805213] [timestamp: 2019-07-25T15:48:53+08:00]
debug Adding new command: 'launch'. [cli-version: 20190716.180855.e054805213] [timestamp: 2019-07-25T15:48:53+08:00]
debug Adding aliases to 'package' command: worker_package [cli-version: 20190716.180855.e054805213] [timestamp: 2019-07-25T15:48:53+08:00]
debug Adding new command: 'clean'. [cli-version: 20190716.180855.e054805213] [timestamp: 2019-07-25T15:48:53+08:00]
debug Adding new command: 'unpack'. [cli-version: 20190716.180855.e054805213] [timestamp: 2019-07-25T15:48:53+08:00]
debug Adding new command: 'unpack-to'. [cli-version: 20190716.180855.e054805213] [timestamp: 2019-07-25T15:48:53+08:00]
debug Adding new command: 'prepare-for-run'. [cli-version: 20190716.180855.e054805213] [timestamp: 2019-07-25T15:48:53+08:00]
debug Not changing existing command as imported command does not have an implementation: 'project'. [cli-version: 20190716.180855.e054805213] [timestamp: 2019-07-25T15:48:53+08:00]
debug Not changing existing command as imported command does not have an implementation: 'history'. [cli-version: 20190716.180855.e054805213] [timestamp: 2019-07-25T15:48:53+08:00]
debug Not changing existing command as imported command does not have an implementation: 'snapshot'. [cli-version: 20190716.180855.e054805213] [timestamp: 2019-07-25T15:48:53+08:00]
debug Adding new command: 'convert'. [cli-version: 20190716.180855.e054805213] [timestamp: 2019-07-25T15:48:53+08:00]
debug Adding new command: 'schema'. [cli-version: 20190716.180855.e054805213] [timestamp: 2019-07-25T15:48:53+08:00]
debug Adding new command: 'setup'. [cli-version: 20190716.180855.e054805213] [timestamp: 2019-07-25T15:48:53+08:00]
debug Adding new command: 'worker'. [cli-version: 20190716.180855.e054805213] [timestamp: 2019-07-25T15:48:53+08:00]
debug Executing command: C:\Users\pc\.improbable\spatial\spatial.exe local worker launch UnityClient default [cli-version: 20190716.180855.e054805213] [timestamp: 2019-07-25T15:48:53+08:00]
debug Executing command: [C:\Users\pc\AppData\Local\.improbable\bin\plugins\sdk\13.7.1-gdk-for-unity\sdk.exe local worker launch --wrapper_service_port 56224 -- UnityClient default]. [cli-version: 20190716.180855.e054805213] [timestamp: 2019-07-25T15:48:54+08:00]
debug Found project root at E:\Work-Spatial\SpatialOS-GDK-GitHub\gdk-for-unity-dino-park [cli-version: 20190716.180855.e054805213] [timestamp: 2019-07-25T15:48:54+08:00]
debug Running within a SpatialOS project, using the default input paths '[E:\Work-Spatial\SpatialOS-GDK-GitHub\gdk-for-unity-dino-park\schema E:\Work-Spatial\SpatialOS-GDK-GitHub\gdk-for-unity-dino-park\build\dependencies\schema\standard_library]' [cli-version: 20190716.180855.e054805213] [timestamp: 2019-07-25T15:48:54+08:00]
debug Executing '[C:\Users\pc\AppData\Local\.improbable\bin\plugins\sdk\13.7.1-gdk-for-unity\sdk.exe local worker launch --wrapper_service_port 56224 -- UnityClient default]' in 'E:\Work-Spatial\SpatialOS-GDK-GitHub\gdk-for-unity-dino-park' [cli-version: 20190716.180855.e054805213] [timestamp: 2019-07-25T15:48:54+08:00]
info 'spatial local worker launch' succeeded [cli-version: 20190716.180855.e054805213][formatting_hints: category:SUCCESS duration:<seconds:50 nanos:169308000 > ] [timestamp: 2019-07-25T15:49:44+08:00]
debug wrapper services endpoint shut down gracefully [cli-version: 20190716.180855.e054805213] [timestamp: 2019-07-25T15:49:46+08:00]
