debug Enabling plugins for supported SDK version '13.7.1-gdk-for-unity' [cli-version: 20190716.180855.e054805213] [timestamp: 2019-07-27T22:55:07+08:00]
debug using local event logger [cli-version: 20190716.180855.e054805213] [timestamp: 2019-07-27T22:55:07+08:00]
debug starting wrapper services endpoint [cli-version: 20190716.180855.e054805213] [timestamp: 2019-07-27T22:55:07+08:00]
debug health-check message from wrapper service received [cli-version: 20190716.180855.e054805213] [timestamp: 2019-07-27T22:55:07+08:00]
debug wrapper service started successfully in 969.1µs after 1 attempt(s) [cli-version: 20190716.180855.e054805213] [timestamp: 2019-07-27T22:55:07+08:00]
debug Importing the SDK plugin for project SDK version '13.7.1-gdk-for-unity'. [cli-version: 20190716.180855.e054805213] [timestamp: 2019-07-27T22:55:07+08:00]
debug Retrieved the plugin commands from cache. [cli-version: 20190716.180855.e054805213] [timestamp: 2019-07-27T22:55:07+08:00]
debug Adding new command: 'build'. [cli-version: 20190716.180855.e054805213] [timestamp: 2019-07-27T22:55:07+08:00]
debug Adding new command: 'clean'. [cli-version: 20190716.180855.e054805213] [timestamp: 2019-07-27T22:55:07+08:00]
debug Adding new command: 'codegen'. [cli-version: 20190716.180855.e054805213] [timestamp: 2019-07-27T22:55:07+08:00]
debug Adding new command: 'diagnose'. [cli-version: 20190716.180855.e054805213] [timestamp: 2019-07-27T22:55:07+08:00]
debug Adding new command: 'exec'. [cli-version: 20190716.180855.e054805213] [timestamp: 2019-07-27T22:55:07+08:00]
debug Adding new command: 'file'. [cli-version: 20190716.180855.e054805213] [timestamp: 2019-07-27T22:55:07+08:00]
debug Not changing existing command as imported command does not have an implementation: 'local'. [cli-version: 20190716.180855.e054805213] [timestamp: 2019-07-27T22:55:07+08:00]
debug Not changing existing command as imported command does not have an implementation: 'worker'. [cli-version: 20190716.180855.e054805213] [timestamp: 2019-07-27T22:55:07+08:00]
debug Adding new command: 'launch'. [cli-version: 20190716.180855.e054805213] [timestamp: 2019-07-27T22:55:07+08:00]
debug Adding aliases to 'package' command: worker_package [cli-version: 20190716.180855.e054805213] [timestamp: 2019-07-27T22:55:07+08:00]
debug Adding new command: 'clean'. [cli-version: 20190716.180855.e054805213] [timestamp: 2019-07-27T22:55:07+08:00]
debug Adding new command: 'unpack'. [cli-version: 20190716.180855.e054805213] [timestamp: 2019-07-27T22:55:07+08:00]
debug Adding new command: 'unpack-to'. [cli-version: 20190716.180855.e054805213] [timestamp: 2019-07-27T22:55:07+08:00]
debug Adding new command: 'prepare-for-run'. [cli-version: 20190716.180855.e054805213] [timestamp: 2019-07-27T22:55:07+08:00]
debug Not changing existing command as imported command does not have an implementation: 'project'. [cli-version: 20190716.180855.e054805213] [timestamp: 2019-07-27T22:55:07+08:00]
debug Not changing existing command as imported command does not have an implementation: 'history'. [cli-version: 20190716.180855.e054805213] [timestamp: 2019-07-27T22:55:07+08:00]
debug Not changing existing command as imported command does not have an implementation: 'snapshot'. [cli-version: 20190716.180855.e054805213] [timestamp: 2019-07-27T22:55:07+08:00]
debug Adding new command: 'convert'. [cli-version: 20190716.180855.e054805213] [timestamp: 2019-07-27T22:55:07+08:00]
debug Adding new command: 'schema'. [cli-version: 20190716.180855.e054805213] [timestamp: 2019-07-27T22:55:07+08:00]
debug Adding new command: 'setup'. [cli-version: 20190716.180855.e054805213] [timestamp: 2019-07-27T22:55:07+08:00]
debug Adding new command: 'worker'. [cli-version: 20190716.180855.e054805213] [timestamp: 2019-07-27T22:55:07+08:00]
debug Executing command: c:\Users\pc\.improbable\spatial\spatial.exe build build-config [cli-version: 20190716.180855.e054805213] [timestamp: 2019-07-27T22:55:07+08:00]
warning A newer version of spatial is available. Run 'spatial update' to get the latest version.
For more information, see https://docs.improbable.io/reference/latest/shared/release-policy#spatial-cli-releases [cli-version: 20190716.180855.e054805213] [timestamp: 2019-07-27T22:55:09+08:00]
debug Executing command: [C:\Users\pc\AppData\Local\.improbable\bin\plugins\sdk\13.7.1-gdk-for-unity\sdk.exe build build-config --wrapper_service_port 1443 --]. [cli-version: 20190716.180855.e054805213] [timestamp: 2019-07-27T22:55:09+08:00]
debug Found project root at E:\Work-Spatial\SpatialOS-GDK-GitHub\gdk-for-unity-dino-park [cli-version: 20190716.180855.e054805213] [timestamp: 2019-07-27T22:55:09+08:00]
debug Running within a SpatialOS project, using the default input paths '[E:\Work-Spatial\SpatialOS-GDK-GitHub\gdk-for-unity-dino-park\schema E:\Work-Spatial\SpatialOS-GDK-GitHub\gdk-for-unity-dino-park\build\dependencies\schema\standard_library]' [cli-version: 20190716.180855.e054805213] [timestamp: 2019-07-27T22:55:09+08:00]
debug Executing '[C:\Users\pc\AppData\Local\.improbable\bin\plugins\sdk\13.7.1-gdk-for-unity\sdk.exe build build-config --wrapper_service_port 1443 --]' in 'E:\Work-Spatial\SpatialOS-GDK-GitHub\gdk-for-unity-dino-park' [cli-version: 20190716.180855.e054805213] [timestamp: 2019-07-27T22:55:09+08:00]
debug Building worker assemblies. [cli-version: 20190716.180855.e054805213] [timestamp: 2019-07-27T22:55:09+08:00]
info Generating bridge settings for MobileClient. [cli-version: 20190716.180855.e054805213] [timestamp: 2019-07-27T22:55:09+08:00]
debug Worker 'MobileClient' defined at 'E:\Work-Spatial\SpatialOS-GDK-GitHub\gdk-for-unity-dino-park\workers\unity\spatialos.MobileClient.worker.json' has no managed launch configuration defined. [cli-version: 20190716.180855.e054805213] [timestamp: 2019-07-27T22:55:09+08:00]
info Generating bridge settings for UnityClient. [cli-version: 20190716.180855.e054805213] [timestamp: 2019-07-27T22:55:09+08:00]
debug Worker 'UnityClient' defined at 'E:\Work-Spatial\SpatialOS-GDK-GitHub\gdk-for-unity-dino-park\workers\unity\spatialos.UnityClient.worker.json' has no managed launch configuration defined. [cli-version: 20190716.180855.e054805213] [timestamp: 2019-07-27T22:55:09+08:00]
info Generating bridge settings for UnityGameLogic. [cli-version: 20190716.180855.e054805213] [timestamp: 2019-07-27T22:55:09+08:00]
info Generating managed worker configuration for UnityGameLogic. [cli-version: 20190716.180855.e054805213] [timestamp: 2019-07-27T22:55:09+08:00]
info 'spatial build build-config' succeeded [cli-version: 20190716.180855.e054805213][formatting_hints: category:SUCCESS duration:<nanos:14985000 > ] [timestamp: 2019-07-27T22:55:09+08:00]
debug wrapper services endpoint shut down gracefully [cli-version: 20190716.180855.e054805213] [timestamp: 2019-07-27T22:55:09+08:00]
