debug Enabling plugins for supported SDK version '13.7.1-gdk-for-unity' [cli-version: 20190716.180855.e054805213] [timestamp: 2019-07-27T22:55:10+08:00]
debug using local event logger [cli-version: 20190716.180855.e054805213] [timestamp: 2019-07-27T22:55:10+08:00]
debug starting wrapper services endpoint [cli-version: 20190716.180855.e054805213] [timestamp: 2019-07-27T22:55:10+08:00]
debug health-check message from wrapper service received [cli-version: 20190716.180855.e054805213] [timestamp: 2019-07-27T22:55:10+08:00]
debug wrapper service started successfully in 997.3µs after 1 attempt(s) [cli-version: 20190716.180855.e054805213] [timestamp: 2019-07-27T22:55:10+08:00]
debug Importing the SDK plugin for project SDK version '13.7.1-gdk-for-unity'. [cli-version: 20190716.180855.e054805213] [timestamp: 2019-07-27T22:55:10+08:00]
debug Retrieved the plugin commands from cache. [cli-version: 20190716.180855.e054805213] [timestamp: 2019-07-27T22:55:10+08:00]
debug Adding new command: 'build'. [cli-version: 20190716.180855.e054805213] [timestamp: 2019-07-27T22:55:10+08:00]
debug Adding new command: 'clean'. [cli-version: 20190716.180855.e054805213] [timestamp: 2019-07-27T22:55:10+08:00]
debug Adding new command: 'codegen'. [cli-version: 20190716.180855.e054805213] [timestamp: 2019-07-27T22:55:10+08:00]
debug Adding new command: 'diagnose'. [cli-version: 20190716.180855.e054805213] [timestamp: 2019-07-27T22:55:10+08:00]
debug Adding new command: 'exec'. [cli-version: 20190716.180855.e054805213] [timestamp: 2019-07-27T22:55:10+08:00]
debug Adding new command: 'file'. [cli-version: 20190716.180855.e054805213] [timestamp: 2019-07-27T22:55:10+08:00]
debug Not changing existing command as imported command does not have an implementation: 'local'. [cli-version: 20190716.180855.e054805213] [timestamp: 2019-07-27T22:55:10+08:00]
debug Not changing existing command as imported command does not have an implementation: 'worker'. [cli-version: 20190716.180855.e054805213] [timestamp: 2019-07-27T22:55:10+08:00]
debug Adding new command: 'launch'. [cli-version: 20190716.180855.e054805213] [timestamp: 2019-07-27T22:55:10+08:00]
debug Adding aliases to 'package' command: worker_package [cli-version: 20190716.180855.e054805213] [timestamp: 2019-07-27T22:55:10+08:00]
debug Adding new command: 'clean'. [cli-version: 20190716.180855.e054805213] [timestamp: 2019-07-27T22:55:10+08:00]
debug Adding new command: 'unpack'. [cli-version: 20190716.180855.e054805213] [timestamp: 2019-07-27T22:55:10+08:00]
debug Adding new command: 'unpack-to'. [cli-version: 20190716.180855.e054805213] [timestamp: 2019-07-27T22:55:10+08:00]
debug Adding new command: 'prepare-for-run'. [cli-version: 20190716.180855.e054805213] [timestamp: 2019-07-27T22:55:10+08:00]
debug Not changing existing command as imported command does not have an implementation: 'project'. [cli-version: 20190716.180855.e054805213] [timestamp: 2019-07-27T22:55:10+08:00]
debug Not changing existing command as imported command does not have an implementation: 'history'. [cli-version: 20190716.180855.e054805213] [timestamp: 2019-07-27T22:55:10+08:00]
debug Not changing existing command as imported command does not have an implementation: 'snapshot'. [cli-version: 20190716.180855.e054805213] [timestamp: 2019-07-27T22:55:10+08:00]
debug Adding new command: 'convert'. [cli-version: 20190716.180855.e054805213] [timestamp: 2019-07-27T22:55:10+08:00]
debug Adding new command: 'schema'. [cli-version: 20190716.180855.e054805213] [timestamp: 2019-07-27T22:55:10+08:00]
debug Adding new command: 'setup'. [cli-version: 20190716.180855.e054805213] [timestamp: 2019-07-27T22:55:10+08:00]
debug Adding new command: 'worker'. [cli-version: 20190716.180855.e054805213] [timestamp: 2019-07-27T22:55:10+08:00]
debug Executing command: C:\Users\pc\.improbable\spatial\spatial.exe local launch --enable_pre_run_check=false [cli-version: 20190716.180855.e054805213] [timestamp: 2019-07-27T22:55:10+08:00]
warning A newer version of spatial is available. Run 'spatial update' to get the latest version.
For more information, see https://docs.improbable.io/reference/latest/shared/release-policy#spatial-cli-releases [cli-version: 20190716.180855.e054805213] [timestamp: 2019-07-27T22:55:11+08:00]
debug checking cache location at 'C:\Users\pc\AppData\Local\.improbable\cache\worker_package\1.8.0_161\jre\jre-win64.zip' [cli-version: 20190716.180855.e054805213] [timestamp: 2019-07-27T22:55:11+08:00]
debug package was found in the cache [cli-version: 20190716.180855.e054805213] [timestamp: 2019-07-27T22:55:11+08:00]
debug Using magic DPL config provided at 'default_launch.json'. [cli-version: 20190716.180855.e054805213] [timestamp: 2019-07-27T22:55:12+08:00]
debug Got expired or invalid access token &{eyJhbGciOiJSUzM4NCIsImtpZCI6IjAwMDQifQ.eyJzdWIiOiI2MTM5MjQ4OTA2ODYyNTkyIiwiZXhwIjoxNTY0MjM4OTYxLCJqdGkiOiJmOWM1Njk3NC1iZjhjLTRlYzYtODAyNi05ZjY4MDk3ZTRjNGIiLCJzY29wZSI6IlsqXTpvcmcvYmV0YV9tYXJ5bGFuZF9udXRzXzM1Mi8qIFsqXTpwcmovYmV0YV9tYXJ5bGFuZF9udXRzXzM1Mi8qIFtnLHJdOnNydi8qIiwidXNlcl9pbmZvIjp7ImFjY291bnRfaWQiOjYxMzkyNDg5MDY4NjI1OTIsInNlcnZpY2VfYWNjb3VudF9pZCI6MCwidXNlcl9pZCI6IiIsInByb3ZpZGVyX3VpZCI6IiIsInByb3ZpZGVyIjoibWljcm9zb2Z0IiwibmFtZSI6IiIsImVtYWlsIjoibGl1Z2FuZzIwMDZAaG90bWFpbC5jb20iLCJwaWN0dXJlX3VybCI6Imh0dHBzOi8vYXZhdGFyczEuZ2l0aHVidXNlcmNvbnRlbnQuY29tL3UvNTE4MTUxMzM_dj00IiwidXNlcm5hbWUiOiIiLCJvcmdhbmlzYXRpb25faWQiOjY0MDMwNTkwNTIxODM1NTJ9fQ.cmudPtwx3iYUwWvPGmi5EPNRsYNRInyurcaAvCKj6Gf3wBAu3OYSk_PwO7MLwRZ5WWhdma_UEvEkXb-5JPP4P6y_XDD5BGH5IK_Ls1z-XIcOYxljvz2QeoPOU8inqjEDKlC4hHzA2jQUn88_J-_y_vRvxItwuPIfs8HiH9Y-YPw Bearer  2019-07-27 22:49:21.3186693 +0800 CST <nil>} from cache [@tags: cached_refresh_token_source][cli-version: 20190716.180855.e054805213] [timestamp: 2019-07-27T22:55:12+08:00]
info SpatialOS will launch from snapshot file 'E:\Work-Spatial\SpatialOS-GDK-GitHub\gdk-for-unity-dino-park\snapshots\default.snapshot'. [cli-version: 20190716.180855.e054805213] [timestamp: 2019-07-27T22:55:14+08:00]
debug Using 'two-gsim-one-jvm' for project id 'unity_gdk' [cli-version: 20190716.180855.e054805213] [timestamp: 2019-07-27T22:55:14+08:00]
debug Latest manifest version: 2019-07-24-1641-5cc417ccda [cli-version: 20190716.180855.e054805213] [timestamp: 2019-07-27T22:55:15+08:00]
debug Fetching manifest: https://console.improbable.io/api/local-inspector/v1/manifest [cli-version: 20190716.180855.e054805213] [timestamp: 2019-07-27T22:55:15+08:00]
debug Manifest retrieved. Now fetching 55 assets [cli-version: 20190716.180855.e054805213] [timestamp: 2019-07-27T22:55:15+08:00]
warning Error retrieving: https://commondatastorage.googleapis.com/improbable-webtools/beast/2019-07-26-1612-784af7853f/maryjane/css/console.css on attempt 1 of 5: code = Unknown desc = Error on request to: https://commondatastorage.googleapis.com/improbable-webtools/beast/2019-07-26-1612-784af7853f/maryjane/css/console.css [cli-version: 20190716.180855.e054805213] [timestamp: 2019-07-27T22:55:33+08:00]
