debug Enabling plugins for supported SDK version '13.7.1-gdk-for-unity' [cli-version: 20190724.082439.ce7ba70f56] [timestamp: 2019-07-27T22:58:16+08:00]
debug using local event logger [cli-version: 20190724.082439.ce7ba70f56] [timestamp: 2019-07-27T22:58:16+08:00]
debug starting wrapper services endpoint [cli-version: 20190724.082439.ce7ba70f56] [timestamp: 2019-07-27T22:58:16+08:00]
debug health-check message from wrapper service received [cli-version: 20190724.082439.ce7ba70f56] [timestamp: 2019-07-27T22:58:16+08:00]
debug wrapper service started successfully in 997µs after 1 attempt(s) [cli-version: 20190724.082439.ce7ba70f56] [timestamp: 2019-07-27T22:58:16+08:00]
debug Importing the SDK plugin for project SDK version '13.7.1-gdk-for-unity'. [cli-version: 20190724.082439.ce7ba70f56] [timestamp: 2019-07-27T22:58:16+08:00]
debug Retrieved the plugin commands from cache. [cli-version: 20190724.082439.ce7ba70f56] [timestamp: 2019-07-27T22:58:16+08:00]
debug Adding new command: 'build'. [cli-version: 20190724.082439.ce7ba70f56] [timestamp: 2019-07-27T22:58:16+08:00]
debug Adding new command: 'clean'. [cli-version: 20190724.082439.ce7ba70f56] [timestamp: 2019-07-27T22:58:16+08:00]
debug Adding new command: 'codegen'. [cli-version: 20190724.082439.ce7ba70f56] [timestamp: 2019-07-27T22:58:16+08:00]
debug Adding new command: 'diagnose'. [cli-version: 20190724.082439.ce7ba70f56] [timestamp: 2019-07-27T22:58:16+08:00]
debug Adding new command: 'exec'. [cli-version: 20190724.082439.ce7ba70f56] [timestamp: 2019-07-27T22:58:16+08:00]
debug Adding new command: 'file'. [cli-version: 20190724.082439.ce7ba70f56] [timestamp: 2019-07-27T22:58:16+08:00]
debug Not changing existing command as imported command does not have an implementation: 'local'. [cli-version: 20190724.082439.ce7ba70f56] [timestamp: 2019-07-27T22:58:16+08:00]
debug Not changing existing command as imported command does not have an implementation: 'worker'. [cli-version: 20190724.082439.ce7ba70f56] [timestamp: 2019-07-27T22:58:16+08:00]
debug Adding new command: 'launch'. [cli-version: 20190724.082439.ce7ba70f56] [timestamp: 2019-07-27T22:58:16+08:00]
debug Adding aliases to 'package' command: worker_package [cli-version: 20190724.082439.ce7ba70f56] [timestamp: 2019-07-27T22:58:16+08:00]
debug Adding new command: 'clean'. [cli-version: 20190724.082439.ce7ba70f56] [timestamp: 2019-07-27T22:58:16+08:00]
debug Adding new command: 'unpack'. [cli-version: 20190724.082439.ce7ba70f56] [timestamp: 2019-07-27T22:58:16+08:00]
debug Adding new command: 'unpack-to'. [cli-version: 20190724.082439.ce7ba70f56] [timestamp: 2019-07-27T22:58:16+08:00]
debug Adding new command: 'prepare-for-run'. [cli-version: 20190724.082439.ce7ba70f56] [timestamp: 2019-07-27T22:58:16+08:00]
debug Not changing existing command as imported command does not have an implementation: 'project'. [cli-version: 20190724.082439.ce7ba70f56] [timestamp: 2019-07-27T22:58:16+08:00]
debug Not changing existing command as imported command does not have an implementation: 'history'. [cli-version: 20190724.082439.ce7ba70f56] [timestamp: 2019-07-27T22:58:16+08:00]
debug Not changing existing command as imported command does not have an implementation: 'snapshot'. [cli-version: 20190724.082439.ce7ba70f56] [timestamp: 2019-07-27T22:58:16+08:00]
debug Adding new command: 'convert'. [cli-version: 20190724.082439.ce7ba70f56] [timestamp: 2019-07-27T22:58:16+08:00]
debug Adding new command: 'schema'. [cli-version: 20190724.082439.ce7ba70f56] [timestamp: 2019-07-27T22:58:16+08:00]
debug Adding new command: 'setup'. [cli-version: 20190724.082439.ce7ba70f56] [timestamp: 2019-07-27T22:58:16+08:00]
debug Adding new command: 'worker'. [cli-version: 20190724.082439.ce7ba70f56] [timestamp: 2019-07-27T22:58:16+08:00]
debug Executing command: C:\Users\pc\.improbable\spatial\spatial.exe local launch --enable_pre_run_check=false [cli-version: 20190724.082439.ce7ba70f56] [timestamp: 2019-07-27T22:58:16+08:00]
debug checking cache location at 'C:\Users\pc\AppData\Local\.improbable\cache\worker_package\1.8.0_161\jre\jre-win64.zip' [cli-version: 20190724.082439.ce7ba70f56] [timestamp: 2019-07-27T22:58:17+08:00]
debug package was found in the cache [cli-version: 20190724.082439.ce7ba70f56] [timestamp: 2019-07-27T22:58:17+08:00]
debug Using magic DPL config provided at 'default_launch.json'. [cli-version: 20190724.082439.ce7ba70f56] [timestamp: 2019-07-27T22:58:18+08:00]
info SpatialOS will launch from snapshot file 'E:\Work-Spatial\SpatialOS-GDK-GitHub\gdk-for-unity-dino-park\snapshots\default.snapshot'. [cli-version: 20190724.082439.ce7ba70f56] [timestamp: 2019-07-27T22:58:20+08:00]
debug Using 'two-gsim-one-jvm' for project id 'unity_gdk' [cli-version: 20190724.082439.ce7ba70f56] [timestamp: 2019-07-27T22:58:20+08:00]
debug Latest manifest version: 2019-07-24-1641-5cc417ccda [cli-version: 20190724.082439.ce7ba70f56] [timestamp: 2019-07-27T22:58:20+08:00]
debug Fetching manifest: https://console.improbable.io/api/local-inspector/v1/manifest [cli-version: 20190724.082439.ce7ba70f56] [timestamp: 2019-07-27T22:58:20+08:00]
debug Manifest retrieved. Now fetching 55 assets [cli-version: 20190724.082439.ce7ba70f56] [timestamp: 2019-07-27T22:58:20+08:00]
warning Error retrieving: https://commondatastorage.googleapis.com/improbable-webtools/beast/2019-07-26-1612-784af7853f/maryjane/css/console.css on attempt 1 of 5: code = Unknown desc = Error on request to: https://commondatastorage.googleapis.com/improbable-webtools/beast/2019-07-26-1612-784af7853f/maryjane/css/console.css [cli-version: 20190724.082439.ce7ba70f56] [timestamp: 2019-07-27T22:58:41+08:00]
warning Error retrieving: https://commondatastorage.googleapis.com/improbable-webtools/beast/2019-07-26-1612-784af7853f/maryjane/css/console.css on attempt 2 of 5: code = Unknown desc = Error on request to: https://commondatastorage.googleapis.com/improbable-webtools/beast/2019-07-26-1612-784af7853f/maryjane/css/console.css [cli-version: 20190724.082439.ce7ba70f56] [timestamp: 2019-07-27T22:59:02+08:00]
warning Error retrieving: https://commondatastorage.googleapis.com/improbable-webtools/beast/2019-07-26-1612-784af7853f/maryjane/css/console.css on attempt 3 of 5: code = Unknown desc = Error on request to: https://commondatastorage.googleapis.com/improbable-webtools/beast/2019-07-26-1612-784af7853f/maryjane/css/console.css [cli-version: 20190724.082439.ce7ba70f56] [timestamp: 2019-07-27T22:59:23+08:00]
warning Error retrieving: https://commondatastorage.googleapis.com/improbable-webtools/beast/2019-07-26-1612-784af7853f/maryjane/css/console.css on attempt 4 of 5: code = Unknown desc = Error on request to: https://commondatastorage.googleapis.com/improbable-webtools/beast/2019-07-26-1612-784af7853f/maryjane/css/console.css [cli-version: 20190724.082439.ce7ba70f56] [timestamp: 2019-07-27T22:59:42+08:00]
warning Error retrieving: https://commondatastorage.googleapis.com/improbable-webtools/beast/2019-07-26-1612-784af7853f/maryjane/css/console.css on attempt 5 of 5: code = Unknown desc = Error on request to: https://commondatastorage.googleapis.com/improbable-webtools/beast/2019-07-26-1612-784af7853f/maryjane/css/console.css [cli-version: 20190724.082439.ce7ba70f56] [timestamp: 2019-07-27T23:00:01+08:00]
warning [Inspector]: Using cached local inspector asset bundle (2019-07-24-1641-5cc417ccda): code = Unknown desc = Failed to fetch assets: code = Unknown desc = Failed to fetch asset: console.css [cli-version: 20190724.082439.ce7ba70f56] [timestamp: 2019-07-27T23:00:01+08:00]
debug Latest manifest version: 2019-07-24-1641-5cc417ccda [cli-version: 20190724.082439.ce7ba70f56] [timestamp: 2019-07-27T23:00:01+08:00]
debug Fetching manifest: https://console.improbable.io/api/local-inspector/v2/manifest [cli-version: 20190724.082439.ce7ba70f56] [timestamp: 2019-07-27T23:00:01+08:00]
debug Manifest retrieved. Now fetching 62 assets [cli-version: 20190724.082439.ce7ba70f56] [timestamp: 2019-07-27T23:00:02+08:00]
warning Error retrieving: https://commondatastorage.googleapis.com/improbable-webtools/beast/2019-07-26-1612-784af7853f/maryjane/css/console.css on attempt 1 of 5: code = Unknown desc = Error on request to: https://commondatastorage.googleapis.com/improbable-webtools/beast/2019-07-26-1612-784af7853f/maryjane/css/console.css [cli-version: 20190724.082439.ce7ba70f56] [timestamp: 2019-07-27T23:00:20+08:00]
warning Error retrieving: https://commondatastorage.googleapis.com/improbable-webtools/beast/2019-07-26-1612-784af7853f/maryjane/css/console.css on attempt 2 of 5: code = Unknown desc = Error on request to: https://commondatastorage.googleapis.com/improbable-webtools/beast/2019-07-26-1612-784af7853f/maryjane/css/console.css [cli-version: 20190724.082439.ce7ba70f56] [timestamp: 2019-07-27T23:00:39+08:00]
warning Error retrieving: https://commondatastorage.googleapis.com/improbable-webtools/beast/2019-07-26-1612-784af7853f/maryjane/css/console.css on attempt 3 of 5: code = Unknown desc = Error on request to: https://commondatastorage.googleapis.com/improbable-webtools/beast/2019-07-26-1612-784af7853f/maryjane/css/console.css [cli-version: 20190724.082439.ce7ba70f56] [timestamp: 2019-07-27T23:00:58+08:00]
warning Error retrieving: https://commondatastorage.googleapis.com/improbable-webtools/beast/2019-07-26-1612-784af7853f/maryjane/css/console.css on attempt 4 of 5: code = Unknown desc = Error on request to: https://commondatastorage.googleapis.com/improbable-webtools/beast/2019-07-26-1612-784af7853f/maryjane/css/console.css [cli-version: 20190724.082439.ce7ba70f56] [timestamp: 2019-07-27T23:01:16+08:00]
warning Error retrieving: https://commondatastorage.googleapis.com/improbable-webtools/beast/2019-07-26-1612-784af7853f/maryjane/css/console.css on attempt 5 of 5: code = Unknown desc = Error on request to: https://commondatastorage.googleapis.com/improbable-webtools/beast/2019-07-26-1612-784af7853f/maryjane/css/console.css [cli-version: 20190724.082439.ce7ba70f56] [timestamp: 2019-07-27T23:01:35+08:00]
warning [Inspector]: Using cached local inspector asset bundle (2019-07-24-1641-5cc417ccda): code = Unknown desc = Failed to fetch assets: code = Unknown desc = Failed to fetch asset: console.css [cli-version: 20190724.082439.ce7ba70f56] [timestamp: 2019-07-27T23:01:35+08:00]
debug SpatialOS preparing setup [cli-version: 20190724.082439.ce7ba70f56] [timestamp: 2019-07-27T23:01:35+08:00]
info SpatialOS starting. [cli-version: 20190724.082439.ce7ba70f56] [timestamp: 2019-07-27T23:01:37+08:00]
debug starting fabric node master [cli-version: 20190724.082439.ce7ba70f56] [timestamp: 2019-07-27T23:01:38+08:00]
debug Will invoke java binary at C:\Users\pc\AppData\Local\Temp\improbable_extracted_packages\87f6ffea625d605fb00b9f17d59d350f/bin/java.exe [cli-version: 20190724.082439.ce7ba70f56] [timestamp: 2019-07-27T23:01:38+08:00]
debug Registered fabric nanny dns entries [cli-version: 20190724.082439.ce7ba70f56] [timestamp: 2019-07-27T23:01:38+08:00]
debug master node elected with ip(127.0.0.1) current node ip(127.0.0.1) [cli-version: 20190724.082439.ce7ba70f56] [timestamp: 2019-07-27T23:01:39+08:00]
debug fetched java params from etcd [cli-version: 20190724.082439.ce7ba70f56] [timestamp: 2019-07-27T23:01:39+08:00]
debug fabric classpath size: 1 [cli-version: 20190724.082439.ce7ba70f56] [timestamp: 2019-07-27T23:01:39+08:00]
debug user classpath size: 0 [cli-version: 20190724.082439.ce7ba70f56] [timestamp: 2019-07-27T23:01:39+08:00]
debug Starting fabric with args [C:\Users\pc\AppData\Local\Temp\improbable_extracted_packages\87f6ffea625d605fb00b9f17d59d350f/bin/java.exe -XX:+PreserveFramePointer -XX:+UnlockExperimentalVMOptions -XX:+UseG1GC -XX:G1NewSizePercent=25 -XX:G1MaxNewSizePercent=75 -XX:MaxGCPauseMillis=10 -Xmx13266M -Xms2211M -DFABRIC_LOG_LEVEL=WARN -DNET_IMPROBABLE_ASSETS_DIR=E:\Work-Spatial\SpatialOS-GDK-GitHub\gdk-for-unity-dino-park\build\assembly -DSERVICE_ACCOUNT_REFRESH_TOKEN=some_refresh_token -Dlogback.configurationFile=/improbable/logs/log_config.xml -DAPPDATA=/improbable/logs/fsim -DPROPERTY_EXTERNAL_IP=127.0.0.1 -DPROPERTY_INTERNAL_IP=127.0.0.1 -DPROPERTY_ASSET_DATABASE_URL=http://127.0.0.1:1238 -DLOGSINK_ADDRESS=http://localhost:22000 -DMANAGED_WORKER_LOGFILE_DIRECTORY=E:\Work-Spatial\SpatialOS-GDK-GitHub\gdk-for-unity-dino-park\logs\2019-07-27_22-58-17\workers -DFABRIC_LOG_DIRECTORY=E:\Work-Spatial\SpatialOS-GDK-GitHub\gdk-for-unity-dino-park\logs\2019-07-27_22-58-17 -classpath C:\Users\pc\AppData\Local\Temp\fabric_bundles\11-20190724T103728Z-6547040/runtime_deploy.jar improbable.deployment.GameLauncher --controller_grpc_port=22000 --auth_server_base_url=http://127.0.0.1:21000 --deployment_node=master --deployment_project=unity_gdk --node_name=master --thor_grpc_tls_port=22000 --controller_grpc_host=127.0.0.1 --deployment_name=local --thor_grpc_tls_host=127.0.0.1 --deployment_assembly_name=local_assembly --thor_grpc_use_tls=false --fabric_public_ip=127.0.0.1] [cli-version: 20190724.082439.ce7ba70f56] [timestamp: 2019-07-27T23:01:39+08:00]
debug JVM process id: 86932 [cli-version: 20190724.082439.ce7ba70f56] [timestamp: 2019-07-27T23:01:39+08:00]
info [improbable.module.ModuleNode] Using the new Runtime including new bridge, load balancer, and entity database. [cli-version: 20190724.082439.ce7ba70f56] [timestamp: 2019-07-27T23:01:40+08:00]
debug trying to health check fabric node master [cli-version: 20190724.082439.ce7ba70f56] [timestamp: 2019-07-27T23:01:40+08:00]
debug error waiting for fabric node master to become healthy after 0 retries [cli-version: 20190724.082439.ce7ba70f56] [timestamp: 2019-07-27T23:01:40+08:00]
info [improbable.worker.assembly.WorkerAssemblyProviderFactory] Loaded worker assemblies for these workers types: UnityClient, UnityGameLogic, MobileClient. [cli-version: 20190724.082439.ce7ba70f56] [timestamp: 2019-07-27T23:01:40+08:00]
info [improbable.worker.assembly.WorkerAssemblyProvider] The following worker configurations do not contain valid managed launch configurations for the current platform WINDOWS, and the runtime will be unable to launch managed workers of this type: [UnityClient, MobileClient]. This is expected for worker types you intend to only connect manually. [cli-version: 20190724.082439.ce7ba70f56] [timestamp: 2019-07-27T23:01:40+08:00]
info [improbable.module.ModuleNode] Snapshot analysed in 0.57s. [cli-version: 20190724.082439.ce7ba70f56] [timestamp: 2019-07-27T23:01:41+08:00]
info [improbable.module.ModuleNode] Loading snapshot. [cli-version: 20190724.082439.ce7ba70f56] [timestamp: 2019-07-27T23:01:41+08:00]
info [improbable.persistence.snapshot.SnapshotLoader] Loaded 5511 entities from snapshot, waiting for all of them to be created. [cli-version: 20190724.082439.ce7ba70f56] [timestamp: 2019-07-27T23:01:42+08:00]
info [improbable.module.ModuleNode] Snapshot has been successfully loaded in 0.54s. [cli-version: 20190724.082439.ce7ba70f56] [timestamp: 2019-07-27T23:01:42+08:00]
info [improbable.module.ModuleNode] SpatialOS runtime startup completed in 3.216s. [cli-version: 20190724.082439.ce7ba70f56] [timestamp: 2019-07-27T23:01:42+08:00]
debug trying to health check fabric node master [cli-version: 20190724.082439.ce7ba70f56] [timestamp: 2019-07-27T23:01:42+08:00]
debug fabric node master is ready [cli-version: 20190724.082439.ce7ba70f56] [timestamp: 2019-07-27T23:01:42+08:00]
info SpatialOS ready. [cli-version: 20190724.082439.ce7ba70f56][formatting_hints: category:SUCCESS duration:<seconds:7 nanos:156970000 > ] [timestamp: 2019-07-27T23:01:42+08:00]
info Access the Inspector at http://localhost:21000/inspector [cli-version: 20190724.082439.ce7ba70f56][formatting_hints: category:SUCCESS ] [timestamp: 2019-07-27T23:01:42+08:00]
info Access the new modular Inspector at http://localhost:21000/inspector-v2 [cli-version: 20190724.082439.ce7ba70f56][formatting_hints: category:SUCCESS ] [timestamp: 2019-07-27T23:01:42+08:00]
info [improbable.receptionist.BridgeAllocator] Handling connection request for worker of type UnityGameLogic trying to log in: UnityGameLogic-31fd550b-3580-457d-b58b-d8bf3e34c7f6 [cli-version: 20190724.082439.ce7ba70f56] [timestamp: 2019-07-27T23:02:00+08:00]
info [improbable.bridge.service.lifecycle.BridgeLifecycleManager] The worker UnityGameLogic-31fd550b-3580-457d-b58b-d8bf3e34c7f6 connected to SpatialOS successfully. [cli-version: 20190724.082439.ce7ba70f56] [timestamp: 2019-07-27T23:02:00+08:00]
info [improbable.receptionist.BridgeAllocator] Handling connection request for worker of type UnityClient trying to log in: UnityClient-673f1074-d0d6-4071-b588-7908c54f9173 [cli-version: 20190724.082439.ce7ba70f56] [timestamp: 2019-07-27T23:02:02+08:00]
info [improbable.bridge.service.lifecycle.BridgeLifecycleManager] The worker UnityClient-673f1074-d0d6-4071-b588-7908c54f9173 connected to SpatialOS successfully. [cli-version: 20190724.082439.ce7ba70f56] [timestamp: 2019-07-27T23:02:02+08:00]
warning [improbable.bridge.v3.async.workerlogging.WorkerLogMessageHandler] [UnityClient-673f1074-d0d6-4071-b588-7908c54f9173:UnknownLogger] [UnityClient] Retrying player creation request, attempt 1.
'WorkerType': 'UnityClient' [cli-version: 20190724.082439.ce7ba70f56] [timestamp: 2019-07-27T23:02:07+08:00]
debug Registered fabric nanny dns entries [cli-version: 20190724.082439.ce7ba70f56] [timestamp: 2019-07-27T23:02:08+08:00]
debug Registered fabric nanny dns entries [cli-version: 20190724.082439.ce7ba70f56] [timestamp: 2019-07-27T23:02:38+08:00]
debug Registered fabric nanny dns entries [cli-version: 20190724.082439.ce7ba70f56] [timestamp: 2019-07-27T23:03:08+08:00]
debug Registered fabric nanny dns entries [cli-version: 20190724.082439.ce7ba70f56] [timestamp: 2019-07-27T23:03:38+08:00]
debug Registered fabric nanny dns entries [cli-version: 20190724.082439.ce7ba70f56] [timestamp: 2019-07-27T23:04:08+08:00]
debug Registered fabric nanny dns entries [cli-version: 20190724.082439.ce7ba70f56] [timestamp: 2019-07-27T23:04:38+08:00]
info [improbable.bridge.service.lifecycle.BridgeLifecycleManager] The worker UnityGameLogic-31fd550b-3580-457d-b58b-d8bf3e34c7f6 disconnected from SpatialOS with cause CONNECTION_CLOSED: REMOTE_SHUTDOWN: transport remote peer closed the connection [cli-version: 20190724.082439.ce7ba70f56] [timestamp: 2019-07-27T23:05:08+08:00]
debug Registered fabric nanny dns entries [cli-version: 20190724.082439.ce7ba70f56] [timestamp: 2019-07-27T23:05:08+08:00]
info [improbable.bridge.service.lifecycle.BridgeLifecycleManager] The worker UnityClient-673f1074-d0d6-4071-b588-7908c54f9173 disconnected from SpatialOS with cause STOPPED_UNRESPONSIVE: Worker failed to respond to pings with acceptable latency [cli-version: 20190724.082439.ce7ba70f56] [timestamp: 2019-07-27T23:05:24+08:00]
debug Registered fabric nanny dns entries [cli-version: 20190724.082439.ce7ba70f56] [timestamp: 2019-07-27T23:05:38+08:00]
debug Received shutdown signal: killed [cli-version: 20190724.082439.ce7ba70f56] [timestamp: 2019-07-27T23:05:58+08:00]
info Shutdown signal received from user, shutting down... [cli-version: 20190724.082439.ce7ba70f56] [timestamp: 2019-07-27T23:05:58+08:00]
debug Cleaning up local services [cli-version: 20190724.082439.ce7ba70f56] [timestamp: 2019-07-27T23:05:58+08:00]
debug Cleaning up local worker nanny service. [cli-version: 20190724.082439.ce7ba70f56] [timestamp: 2019-07-27T23:05:58+08:00]
debug JVM did not exit cleanly [cli-version: 20190724.082439.ce7ba70f56] [timestamp: 2019-07-27T23:05:58+08:00]
error spatial local services failed to stop: code = Internal desc = there were errors shutting down [cli-version: 20190724.082439.ce7ba70f56] [timestamp: 2019-07-27T23:05:58+08:00]
error spatial local services failed to stop: code = Internal desc = there were errors shutting down [cli-version: 20190724.082439.ce7ba70f56] [timestamp: 2019-07-27T23:05:58+08:00]
debug SpatialOS exited with an error after sending shutdown signal to JVM: {code = Internal desc = there were errors shutting down}
{code = Internal details = {
	{code = Internal desc = failed to signal JVM process to terminate}
	{code = Unknown desc = failed to kill the process tree associated with the command C:\Users\pc\AppData\Local\Temp\improbable_extracted_packages\87f6ffea625d605fb00b9f17d59d350f/bin/java.exe C:\Users\pc\AppData\Local\Temp\improbable_extracted_packages\87f6ffea625d605fb00b9f17d59d350f/bin/java.exe -XX:+PreserveFramePointer -XX:+UnlockExperimentalVMOptions -XX:+UseG1GC -XX:G1NewSizePercent=25 -XX:G1MaxNewSizePercent=75 -XX:MaxGCPauseMillis=10 -Xmx13266M -Xms2211M -DFABRIC_LOG_LEVEL=WARN -DNET_IMPROBABLE_ASSETS_DIR=E:\Work-Spatial\SpatialOS-GDK-GitHub\gdk-for-unity-dino-park\build\assembly -DSERVICE_ACCOUNT_REFRESH_TOKEN=some_refresh_token -Dlogback.configurationFile=/improbable/logs/log_config.xml -DAPPDATA=/improbable/logs/fsim -DPROPERTY_EXTERNAL_IP=127.0.0.1 -DPROPERTY_INTERNAL_IP=127.0.0.1 -DPROPERTY_ASSET_DATABASE_URL=http://127.0.0.1:1238 -DLOGSINK_ADDRESS=http://localhost:22000 -DMANAGED_WORKER_LOGFILE_DIRECTORY=E:\Work-Spatial\SpatialOS-GDK-GitHub\gdk-for-unity-dino-park\logs\2019-07-27_22-58-17\workers -DFABRIC_LOG_DIRECTORY=E:\Work-Spatial\SpatialOS-GDK-GitHub\gdk-for-unity-dino-park\logs\2019-07-27_22-58-17 -classpath C:\Users\pc\AppData\Local\Temp\fabric_bundles\11-20190724T103728Z-6547040/runtime_deploy.jar improbable.deployment.GameLauncher --controller_grpc_port=22000 --auth_server_base_url=http://127.0.0.1:21000 --deployment_node=master --deployment_project=unity_gdk --node_name=master --thor_grpc_tls_port=22000 --controller_grpc_host=127.0.0.1 --deployment_name=local --thor_grpc_tls_host=127.0.0.1 --deployment_assembly_name=local_assembly --thor_grpc_use_tls=false --fabric_public_ip=127.0.0.1}
	{code = Unknown desc = exit status 128}}}. [cli-version: 20190724.082439.ce7ba70f56] [timestamp: 2019-07-27T23:05:58+08:00]
info SpatialOS terminated. [cli-version: 20190724.082439.ce7ba70f56] [timestamp: 2019-07-27T23:05:58+08:00]
debug wrapper services endpoint shut down gracefully [cli-version: 20190724.082439.ce7ba70f56] [timestamp: 2019-07-27T23:06:00+08:00]
