2019-07-27 22:49:13,560 INFO  [i.deployment.InternalGameLauncher] [fabric,config] [] [] : Parsed 319 internal flags at startup
2019-07-27 22:49:13,671 INFO  [i.deployment.InternalGameLauncher] [fabric] [] [] : Flagz initialized in 0.364s.
2019-07-27 22:49:13,673 INFO  [i.deployment.InternalGameLauncher] [fabric] [] [] : SpatialOS runtime version: 11-20190724T103728Z-6547040
2019-07-27 22:49:13,836 INFO  [i.c.c.f.FlagzFieldRegistryUpdater] [fabric,core] [] [] : Initialized Fabric flagz registry with 27 set fields.
2019-07-27 22:49:14,148 INFO  [i.core.discovery.server.LocalServer] [fabric] [] [] : Registered Service(improbable.fabric.internal.service.discovery.StatusDiscoveryInternalService) on 127.0.0.1:5301.
2019-07-27 22:49:14,158 INFO  [i.core.discovery.server.LocalServer] [fabric] [] [] : Registered Service(improbable.fabric.internal.service.tunnel.OrderedGrpcTunnelService) on 127.0.0.1:5301.
2019-07-27 22:49:14,160 INFO  [improbable.module.ModuleNode] [fabric] [] [] : Starting Fabric node as master (IP: 127.0.0.1).
2019-07-27 22:49:14,160 INFO  [improbable.module.ModuleNode] [fabric,user] [] [] : Using the new Runtime including new bridge, load balancer, and entity database.
2019-07-27 22:49:14,161 INFO  [i.c.d.client.CheckpointDiscoveryImpl] [fabric] [] [] : Reached a checkpoint: ALL_NODES_STARTED
2019-07-27 22:49:14,162 INFO  [improbable.module.ModuleNode] [fabric] [] [] : Node master has started, waiting for other nodes to reach the same checkpoint.
2019-07-27 22:49:14,162 INFO  [improbable.module.ModuleNode] [fabric] [] [] : All nodes have been started.
2019-07-27 22:49:14,166 INFO  [i.core.discovery.server.PublicServer] [fabric] [] [] : Registered Service(improbable.platform.runtime.ModuleService) on 127.0.0.1:9300.
2019-07-27 22:49:14,172 INFO  [i.core.discovery.server.PublicServer] [fabric] [] [] : Registered Service(improbable.platform.runtime.HealthCheckService) on 127.0.0.1:9301.
2019-07-27 22:49:14,176 INFO  [i.core.discovery.server.LocalServer] [fabric] [] [] : Registered Service(improbable.fabric.internal.service.perf.PerfInternalService) on 127.0.0.1:9302.
2019-07-27 22:49:14,181 INFO  [i.core.discovery.server.LocalServer] [fabric] [] [] : Registered Service(improbable.fabric.internal.service.contention.ContentionInternalService) on 127.0.0.1:9303.
2019-07-27 22:49:14,192 INFO  [i.core.discovery.server.PublicServer] [fabric] [] [] : Registered Service(improbable.platform.runtime.FeatureService) on 127.0.0.1:9304.
2019-07-27 22:49:14,209 INFO  [i.c.config.flagz.WorkerFlagzUpdater] [fabric,core] [] [] : Initialized worker flagz registry with 0 set fields.
2019-07-27 22:49:14,220 INFO  [improbable.module.ModuleNode] [fabric] [] [] : Loaded world extents: WorldExtents{proto=rectangles {
  bottom_left {
    x: -2500.0
    z: -2500.0
  }
  top_right {
    x: 2500.0
    z: 2500.0
  }
}
bounding_rectangle {
  bottom_left {
    x: -2500.0
    z: -2500.0
  }
  top_right {
    x: 2500.0
    z: 2500.0
  }
}
}
2019-07-27 22:49:14,474 INFO  [improbable.module.ModuleNode] [fabric] [] [] : Using single node configuration loader.
2019-07-27 22:49:14,497 INFO  [improbable.module.ModuleNode] [fabric,config] [] [] : Loaded node configuration node_name: "master"
roles: MASTER
roles: INSPECTION
roles: REMOTE_INTERACTION
roles: RECEPTIONIST
roles: BRIDGE
roles: ENTITY_DB
roles: TURF_ENFORCER
roles: AUTHORITY_ASSIGNER
bridge_service_configurations {
  id: "bridge-service"
  deployment_certificate: "<hidden certificate value>"
  deployment_private_key: "<hidden private key value>"
}
turf_enforcer_service_configurations {
  service_bounds {
    min_x: -2500.0
    min_z: -2500.0
    max_x: 2500.0
    max_z: 2500.0
  }
  enforcer_bounds {
    min_x: -2500.0
    min_z: -2500.0
    max_x: 2500.0
    max_z: 2500.0
  }
}
database_configurations {
}
authority_assigner_configurations {
}
receptionist_service_configuration {
  deployment_certificate: "<hidden certificate value>"
}

2019-07-27 22:49:14,630 INFO  [i.e.schema.ParsedFileDescriptorSet] [fabric] [] [] : Parsed file descriptors of 18 proto files.
2019-07-27 22:49:14,664 INFO  [i.entity.schema.SchemaFactory] [fabric,schema] [] [] : Found components: [improbable.gdk.player_lifecycle.PlayerHeartbeatClient, improbable.gdk.player_lifecycle.PlayerHeartbeatServer, improbable.gdk.player_lifecycle.PlayerCreator, dinopark.life.Health, dinopark.core.TransformComponent, improbable.gdk.transform_synchronization.TransformInternal, improbable.restricted.System, improbable.restricted.Worker, improbable.restricted.PlayerClient, dinopark.fire.Flammable, dinopark.plants.Harvestable, dinopark.plants.TreeState, improbable.gdk.player_lifecycle.OwningWorker, improbable.EntityAcl, improbable.Metadata, improbable.Position, improbable.Persistence, improbable.Interest, com.infalliblecode.PlayerTransform, improbable.Delegation]
2019-07-27 22:49:14,674 INFO  [i.entity.schema.SchemaFactory] [fabric,schema] [] [] : Found components: [improbable.gdk.player_lifecycle.PlayerHeartbeatClient, improbable.gdk.player_lifecycle.PlayerHeartbeatServer, improbable.gdk.player_lifecycle.PlayerCreator, dinopark.life.Health, dinopark.core.TransformComponent, improbable.gdk.transform_synchronization.TransformInternal, improbable.restricted.System, improbable.restricted.Worker, improbable.restricted.PlayerClient, dinopark.fire.Flammable, dinopark.plants.Harvestable, dinopark.plants.TreeState, improbable.gdk.player_lifecycle.OwningWorker, improbable.EntityAcl, improbable.Metadata, improbable.Position, improbable.Persistence, improbable.Interest, com.infalliblecode.PlayerTransform, improbable.Delegation, improbable.internal.EntityAuthority, improbable.internal.EntityAuthorityIntent, improbable.internal.LayerAuthority, improbable.internal.LayerAuthorityIntent]
2019-07-27 22:49:14,678 INFO  [improbable.module.ModuleNode] [fabric] [] [] : Successfully loaded schema for entities
2019-07-27 22:49:14,681 INFO  [i.l.l.LegacyLoadbalancerConfigParser] [fabric,loadbalancer] [] [] : Parsed 0 worker loadbalancing configuration(s)
2019-07-27 22:49:14,731 INFO  [i.w.a.WorkerAssemblyProviderFactory] [fabric,user] [] [] : Loaded worker assemblies for these workers types: MobileClient, UnityClient, UnityGameLogic.
2019-07-27 22:49:14,732 INFO  [improbable.module.ModuleNode] [fabric,config] [] [] : Loaded worker assemblies: [worker_assembly_id {
  assembly_id {
    project_id {
      name: "unity_gdk"
    }
    name: "local_assembly"
  }
  name {
    name: "MobileClient"
  }
}
bridge_configuration {
  worker_attribute_set {
    attribute {
      name: "MobileClient"
    }
  }
  entity_interest {
    range_entity_interest {
      radius: 100.0
    }
  }
  component_delivery {
    checkout_all_initially: true
  }
}
, worker_assembly_id {
  assembly_id {
    project_id {
      name: "unity_gdk"
    }
    name: "local_assembly"
  }
  name {
    name: "UnityClient"
  }
}
bridge_configuration {
  worker_attribute_set {
    attribute {
      name: "UnityClient"
    }
  }
  entity_interest {
    range_entity_interest {
      radius: 500.0
    }
  }
  component_delivery {
    checkout_all_initially: true
  }
}
, worker_assembly_id {
  assembly_id {
    project_id {
      name: "unity_gdk"
    }
    name: "local_assembly"
  }
  name {
    name: "UnityGameLogic"
  }
}
worker_launch_configuration {
  platform: WINDOWS
  worker_zip {
    command: "UnityGameLogic@Windows.exe"
    argument: "+workerType"
    argument: "UnityGameLogic"
    argument: "+workerId"
    argument: "${IMPROBABLE_WORKER_ID}"
    argument: "+projectName"
    argument: "${IMPROBABLE_PROJECT_NAME}"
    argument: "+receptionistHost"
    argument: "${IMPROBABLE_RECEPTIONIST_HOST}"
    argument: "+receptionistPort"
    argument: "${IMPROBABLE_RECEPTIONIST_PORT}"
    argument: "+linkProtocol"
    argument: "RakNet"
    argument: "-batchmode"
    argument: "-nographics"
    argument: "-logfile"
    argument: "${IMPROBABLE_LOG_FILE}"
    worker_location {
      filename: "UnityGameLogic@Windows.zip"
    }
  }
}
worker_launch_configuration {
  platform: MACOS
  worker_zip {
    command: "UnityGameLogic@Mac.app/Contents/MacOS/UnityGameLogic@Mac"
    argument: "+workerType"
    argument: "UnityGameLogic"
    argument: "+workerId"
    argument: "${IMPROBABLE_WORKER_ID}"
    argument: "+projectName"
    argument: "${IMPROBABLE_PROJECT_NAME}"
    argument: "+receptionistHost"
    argument: "${IMPROBABLE_RECEPTIONIST_HOST}"
    argument: "+receptionistPort"
    argument: "${IMPROBABLE_RECEPTIONIST_PORT}"
    argument: "+linkProtocol"
    argument: "RakNet"
    argument: "-batchmode"
    argument: "-nographics"
    argument: "-logfile"
    argument: "${IMPROBABLE_LOG_FILE}"
    worker_location {
      filename: "UnityGameLogic@Mac.zip"
    }
  }
}
worker_launch_configuration {
  platform: LINUX
  worker_zip {
    command: "UnityGameLogic@Linux"
    argument: "+workerType"
    argument: "UnityGameLogic"
    argument: "+workerId"
    argument: "${IMPROBABLE_WORKER_ID}"
    argument: "+projectName"
    argument: "${IMPROBABLE_PROJECT_NAME}"
    argument: "+receptionistHost"
    argument: "${IMPROBABLE_RECEPTIONIST_HOST}"
    argument: "+receptionistPort"
    argument: "${IMPROBABLE_RECEPTIONIST_PORT}"
    argument: "+linkProtocol"
    argument: "RakNet"
    argument: "-batchmode"
    argument: "-nographics"
    argument: "-logfile"
    argument: "${IMPROBABLE_LOG_FILE}"
    worker_location {
      filename: "UnityGameLogic@Linux.zip"
    }
  }
}
bridge_configuration {
  worker_attribute_set {
    attribute {
      name: "UnityGameLogic"
    }
  }
  entity_interest {
    range_entity_interest {
      radius: 500.0
    }
  }
  component_delivery {
    checkout_all_initially: true
  }
}
]
2019-07-27 22:49:14,734 INFO  [i.w.assembly.WorkerAssemblyProvider] [fabric] [] [] : Worker configuration for 'MobileClient' does not contain a launch configuration for the current platform 'WINDOWS', so Fabric will not start any managed workers of this type
2019-07-27 22:49:14,734 INFO  [i.w.assembly.WorkerAssemblyProvider] [fabric] [] [] : Worker configuration for 'UnityClient' does not contain a launch configuration for the current platform 'WINDOWS', so Fabric will not start any managed workers of this type
2019-07-27 22:49:14,735 INFO  [i.w.assembly.WorkerAssemblyProvider] [fabric,user] [] [] : The following worker configurations do not contain valid managed launch configurations for the current platform WINDOWS, and the runtime will be unable to launch managed workers of this type: [MobileClient, UnityClient]. This is expected for worker types you intend to only connect manually.
2019-07-27 22:49:14,735 INFO  [improbable.module.ModuleNode] [fabric] [] [] : Validating snapshot at startup and determining max entity id
2019-07-27 22:49:14,738 INFO  [i.p.s.c.ThorSnapshotServiceClient] [fabric,internal] [] [] : Requesting download URL for Snapshot(local@latest) matching []
2019-07-27 22:49:14,751 INFO  [i.p.s.storage.LegacySnapshotStorage] [fabric,internal] [] [] : Downloading snapshot from http://127.0.0.1:21000/snapshots/20190727224545741
2019-07-27 22:49:15,295 INFO  [improbable.module.ModuleNode] [fabric,user] [] [] : Snapshot analysed in 0.56s.
2019-07-27 22:49:15,296 INFO  [improbable.module.ModuleNode] [fabric] [] [] : Determined the first entity id for the id assigner as 5512
2019-07-27 22:49:15,299 INFO  [i.core.discovery.server.LocalServer] [fabric] [] [] : Registered Service(improbable.fabric.internal.service.entityid.EntityIdInternalService) on 127.0.0.1:9305.
2019-07-27 22:49:15,303 INFO  [i.core.discovery.server.LocalServer] [fabric] [] [] : Registered Service(improbable.fabric.internal.service.time.TimeSyncInternalService) on 127.0.0.1:9306.
2019-07-27 22:49:15,308 INFO  [improbable.core.time.TimeSyncClient] [fabric] [] [] : Starting clock synchronizer running every 65736ms
2019-07-27 22:49:15,310 INFO  [i.l.v2.config.LoadbalancerV2Config] [fabric,loadbalancer] [] [] : Using new loadbalancing strategy config.
2019-07-27 22:49:15,321 INFO  [i.w.permissions.PermissionsFactory] [fabric,config] [] [] : Created permissions manager with permissions: {UnityGameLogic=Permissions{{/sys/CreateEntity=, /sys/DeleteEntity=, /cmd/SystemEntity=, /sys/EntityQuery={"component":["*"]}}}, UnityClient=Permissions{{/sys/CreateEntity=, /sys/DeleteEntity=, /cmd/SystemEntity=, /sys/EntityQuery={"component":["*"]}}}, MobileClient=Permissions{{/sys/CreateEntity=, /sys/DeleteEntity=, /cmd/SystemEntity=, /sys/EntityQuery={"component":["*"]}}}}
2019-07-27 22:49:15,335 INFO  [i.worker.nanny.WorkerNannyManager] [fabric] [] [] : Updating available worker nanny clients. Old clients: []. New clients: [WorkerNannyId{name=WorkerNodeOne, serviceAddress=host: "127.0.0.1"
port: 22000
, workerNodeId=deployment_id {
  project_id {
    name: "unity_gdk"
  }
  name: "local"
}
name: "WorkerNodeOne"
}]
2019-07-27 22:49:15,347 INFO  [i.core.discovery.server.LocalServer] [fabric] [] [] : Registered Service(improbable.fabric.internal.service.worker.oracle.WorkerOracleInternalService) on 127.0.0.1:9307.
2019-07-27 22:49:15,358 INFO  [improbable.module.ModuleNode] [fabric] [] [] : Starting BridgeOracle on master
2019-07-27 22:49:15,372 INFO  [i.core.discovery.server.LocalServer] [fabric] [] [] : Registered Service(improbable.fabric.internal.service.bridge.oracle.BridgeOracleInternalService) on 127.0.0.1:9308.
2019-07-27 22:49:15,372 INFO  [improbable.module.ModuleNode] [fabric] [] [] : Waiting for the BridgeOracle to have started
2019-07-27 22:49:15,372 INFO  [improbable.module.ModuleNode] [fabric] [] [] : Received BridgeOracle started
2019-07-27 22:49:15,379 INFO  [i.core.discovery.server.LocalServer] [fabric] [] [] : Registered Service(improbable.fabric.internal.service.bridge.service.oracle.BridgeServiceOracleInternalService) on 127.0.0.1:9309.
2019-07-27 22:49:15,379 INFO  [improbable.module.ModuleNode] [fabric] [] [] : Waiting for the bridge service oracle service to have started
2019-07-27 22:49:15,379 INFO  [improbable.module.ModuleNode] [fabric] [] [] : Received bridge service oracle service started
2019-07-27 22:49:15,382 INFO  [improbable.module.ModuleNode] [fabric] [] [] : Creating database v2 client for single node deployment.
2019-07-27 22:49:15,433 INFO  [improbable.module.ModuleNode] [fabric] [] [] : Creating entity lifecycle client.
2019-07-27 22:49:15,435 INFO  [improbable.module.ModuleNode] [fabric] [] [] : Creating servlet container.
2019-07-27 22:49:15,520 INFO  [improbable.http.ServletContainer$] [fabric] [] [] : Starting servlet container on port 5006.
2019-07-27 22:49:15,521 INFO  [org.eclipse.jetty.server.Server] [] [] [] : jetty-8.y.z-SNAPSHOT
2019-07-27 22:49:15,536 INFO  [o.e.jetty.server.AbstractConnector] [] [] [] : Started SelectChannelConnector@0.0.0.0:5006
2019-07-27 22:49:15,536 INFO  [improbable.http.ServletContainer$] [fabric] [] [] : Servlet container started
2019-07-27 22:49:15,536 INFO  [improbable.module.ModuleNode] [fabric] [] [] : Starting 1 turf enforcer services
2019-07-27 22:49:15,537 INFO  [improbable.module.ModuleNode] [fabric] [] [] : Starting turf enforcer service with configuration service_bounds {
  min_x: -2500.0
  min_z: -2500.0
  max_x: 2500.0
  max_z: 2500.0
}
enforcer_bounds {
  min_x: -2500.0
  min_z: -2500.0
  max_x: 2500.0
  max_z: 2500.0
}

2019-07-27 22:49:15,558 INFO  [i.l.v.e.TurfEnforcementInternalServiceImpl] [fabric] [] [] : Turf enforcement service starting 1 turf enforcers
2019-07-27 22:49:15,561 INFO  [i.core.discovery.server.LocalServer] [fabric] [] [] : Registered Service(improbable.fabric.internal.service.loadbalancing.TurfEnforcementInternalService) on 127.0.0.1:9310.
2019-07-27 22:49:15,573 INFO  [improbable.module.ModuleNode] [fabric] [] [] : Starting 1 authority assigners
2019-07-27 22:49:15,583 INFO  [i.core.discovery.server.LocalServer] [fabric] [] [] : Registered Service(improbable.fabric.internal.service.authorityassigner.AuthorityAssignerInternalService) on 127.0.0.1:9311.
2019-07-27 22:49:15,588 INFO  [i.c.discovery.common.ServiceFinder] [fabric] [] [] : Discovered all 1 AuthorityAssigner services
2019-07-27 22:49:15,589 INFO  [improbable.module.ModuleNode] [fabric] [] [] : Starting 1 bridge services
2019-07-27 22:49:15,618 INFO  [i.core.discovery.server.LocalServer] [fabric] [] [] : Registered Service(improbable.fabric.internal.service.bridge.BridgeInternalService) on 127.0.0.1:9312.
2019-07-27 22:49:15,625 INFO  [improbable.module.ModuleNode] [fabric] [] [] : Waiting for all 1 bridge service(s) on all nodes to start.
2019-07-27 22:49:15,626 INFO  [improbable.module.ModuleNode] [fabric] [] [] : All 1 bridge service(s) have started.
2019-07-27 22:49:15,630 INFO  [i.core.discovery.server.LocalServer] [fabric] [] [] : Registered Service(improbable.fabric.internal.service.receptionist.ReceptionistInternalService) on 127.0.0.1:9313.
2019-07-27 22:49:15,648 INFO  [i.core.discovery.server.PublicServer] [fabric] [] [] : Registered Service(improbable.platform.runtime.ReceptionistService) on 127.0.0.1:7777.
2019-07-27 22:49:15,648 INFO  [improbable.module.ModuleNode] [fabric] [] [] : Starting the Remote Interaction service
2019-07-27 22:49:15,659 INFO  [i.core.discovery.server.PublicServer] [fabric] [] [] : Registered Service(improbable.platform.runtime.RemoteInteractionService) on 127.0.0.1:9314.
2019-07-27 22:49:15,660 INFO  [improbable.module.ModuleNode] [fabric] [] [] : Starting inspection service
2019-07-27 22:49:15,682 INFO  [i.core.discovery.server.PublicServer] [fabric] [] [] : Registered Service(improbable.platform.runtime.InspectionService) on 127.0.0.1:9315.
2019-07-27 22:49:15,687 INFO  [i.core.discovery.server.PublicServer] [fabric] [] [] : Registered Service(improbable.platform.runtime.LoadbalancerToolsService) on 127.0.0.1:9316.
2019-07-27 22:49:15,687 INFO  [i.c.d.client.CheckpointDiscoveryImpl] [fabric] [] [] : Reached a checkpoint: ALL_MODULES_STARTED
2019-07-27 22:49:15,687 INFO  [improbable.module.ModuleNode] [fabric] [] [] : All modules on this node started, waiting for other nodes to reach the same checkpoint.
2019-07-27 22:49:15,688 INFO  [improbable.module.ModuleNode] [fabric] [] [] : All modules on all nodes have been started.
2019-07-27 22:49:15,688 INFO  [improbable.module.ModuleNode] [fabric,user] [] [] : Loading snapshot.
2019-07-27 22:49:15,688 INFO  [i.p.s.c.ThorSnapshotServiceClient] [fabric,internal] [] [] : Requesting download URL for Snapshot(local@latest) matching []
2019-07-27 22:49:15,692 INFO  [i.p.s.storage.LegacySnapshotStorage] [fabric,internal] [] [] : Downloading snapshot from http://127.0.0.1:21000/snapshots/20190727224545741
2019-07-27 22:49:16,206 INFO  [i.p.snapshot.SnapshotLoader] [fabric,user] [] [] : Loaded 5511 entities from snapshot, waiting for all of them to be created.
2019-07-27 22:49:16,212 INFO  [improbable.module.ModuleNode] [fabric,user] [] [] : Snapshot has been successfully loaded in 0.52s.
2019-07-27 22:49:16,213 INFO  [improbable.module.ModuleNode] [fabric] [] [] : Starting SnapshotService.
2019-07-27 22:49:16,216 INFO  [i.core.discovery.server.PublicServer] [fabric] [] [] : Registered Service(improbable.platform.runtime.SnapshotService) on 127.0.0.1:9317.
2019-07-27 22:49:16,217 INFO  [i.c.d.client.CheckpointDiscoveryImpl] [fabric] [] [] : Reached a checkpoint: LOAD_SNAPSHOT_FINISHED
2019-07-27 22:49:16,217 INFO  [improbable.module.ModuleNode] [fabric] [] [] : Starting the internal Loadbalancer Service.
2019-07-27 22:49:16,228 INFO  [i.core.discovery.server.LocalServer] [fabric] [] [] : Registered Service(improbable.fabric.internal.service.loadbalancing.LoadbalancingInternalService) on 127.0.0.1:9318.
2019-07-27 22:49:16,228 INFO  [improbable.module.ModuleNode] [fabric,user] [] [] : SpatialOS runtime startup completed in 3.29s.
2019-07-27 22:49:16,232 INFO  [i.loadbalancing.v2.Loadbalancer] [fabric] [] [] : Successfully sent GlobalAssignmentIntent to TurfEnforcers.
 
2019-07-27 22:49:46,694 INFO  [i.receptionist.BridgeAllocator] [fabric,user] [] [] : Handling connection request for worker of type UnityGameLogic trying to log in: UnityGameLogic-c76a6290-8b0b-4f95-8a42-8a9620e095e6
2019-07-27 22:49:46,710 INFO  [i.r.UnmanagedLoadbalancedWorkerHandler] [fabric] [] [] : Connecting worker UnityGameLogic-c76a6290-8b0b-4f95-8a42-8a9620e095e6 successfully added to the loadbalancing strategy. Assigned virtual worker: [0].
2019-07-27 22:49:46,712 INFO  [i.loadbalancing.v2.Loadbalancer] [fabric] [] [] : Successfully sent GlobalAssignmentIntent to TurfEnforcers.
 turfs {
  entity_query {
    constraint {
      write_acl_constraint {
        requirement_set {
          attribute_set {
            attribute: "UnityGameLogic"
          }
        }
      }
    }
    result_type {
    }
  }
  requirement_set_constraint {
    attribute_set {
      attribute: "UnityGameLogic"
    }
  }
  intended_worker_id: "UnityGameLogic-c76a6290-8b0b-4f95-8a42-8a9620e095e6"
}

2019-07-27 22:49:46,806 INFO  [i.b.o.s.BridgeOracleInternalServiceImpl] [fabric,lifecycle] [] [] : Bridge for worker UnityGameLogic-c76a6290-8b0b-4f95-8a42-8a9620e095e6 started successfully.
2019-07-27 22:49:46,838 INFO  [i.b.s.l.BridgeLifecycleManager] [fabric,user] [] [] : The worker UnityGameLogic-c76a6290-8b0b-4f95-8a42-8a9620e095e6 connected to SpatialOS successfully.
2019-07-27 22:49:48,311 INFO  [i.receptionist.BridgeAllocator] [fabric,user] [] [] : Handling connection request for worker of type UnityClient trying to log in: UnityClient-577dc475-fb6d-488c-947d-f2d08759fc91
2019-07-27 22:49:48,322 INFO  [i.b.o.s.BridgeOracleInternalServiceImpl] [fabric,lifecycle] [] [] : Bridge for worker UnityClient-577dc475-fb6d-488c-947d-f2d08759fc91 started successfully.
2019-07-27 22:49:48,400 INFO  [i.b.s.l.BridgeLifecycleManager] [fabric,user] [] [] : The worker UnityClient-577dc475-fb6d-488c-947d-f2d08759fc91 connected to SpatialOS successfully.
2019-07-27 22:49:54,115 WARN  [i.b.v.a.w.WorkerLogMessageHandler] [fabric,worker,user] [] [] : [UnityClient-577dc475-fb6d-488c-947d-f2d08759fc91:UnknownLogger] [UnityClient] Retrying player creation request, attempt 1.
'WorkerType': 'UnityClient'
2019-07-27 22:51:57,136 INFO  [i.b.s.l.BridgeLifecycleManager] [fabric,user] [] [] : The worker UnityGameLogic-c76a6290-8b0b-4f95-8a42-8a9620e095e6 disconnected from SpatialOS with cause CONNECTION_CLOSED: REMOTE_SHUTDOWN: transport remote peer closed the connection
2019-07-27 22:51:57,140 INFO  [i.b.o.s.BridgeOracleInternalServiceImpl] [fabric,lifecycle] [] [] : Bridge(UnityGameLogic-c76a6290-8b0b-4f95-8a42-8a9620e095e6) stopped.
2019-07-27 22:52:00,341 INFO  [i.loadbalancing.v2.Loadbalancer] [fabric] [] [] : Successfully sent GlobalAssignmentIntent to TurfEnforcers.
 
